/opt/cloudera/parcels/CDH-5.13.1-1.cdh5.13.1.p0.2/lib/impala-shell/ext-py/sasl-0.1.1-py2.7-linux-x86_64.egg/_saslwrapper.py:3: UserWarning: Module backports was already imported from None, but /usr/lib/python2.7/site-packages is being added to sys.path
Starting Impala Shell without Kerberos authentication
Error connecting: TTransportException, TSocket read 0 bytes
Kerberos ticket found in the credentials cache, retrying the connection with a secure transport.
Connected to ip-172-31-30-69.ap-southeast-1.compute.internal:21000
Server version: impalad version 2.10.0-cdh5.13.1 RELEASE (build 1e4b23c4eb52dac95c5be6316f49685c41783c51)
Query: use `tpcds_parquet_2`
Query: with customer_total_return as
(select sr_customer_sk as ctr_customer_sk
  ,sr_store_sk as ctr_store_sk
  ,sum(SR_RETURN_TAX) as ctr_total_return
from store_returns
  ,date_dim
where sr_returned_date_sk = d_date_sk
and d_year =2002
and sr_returned_date_sk between 2452276 and 2452640
group by sr_customer_sk
,sr_store_sk)
select  c_customer_id
from customer_total_return ctr1
  ,store
  ,customer
where ctr1.ctr_total_return > (select avg(ctr_total_return)*1.2
from customer_total_return ctr2
where ctr1.ctr_store_sk = ctr2.ctr_store_sk)
and s_store_sk = ctr1.ctr_store_sk
and s_state = 'LA'
and ctr1.ctr_customer_sk = c_customer_sk
order by c_customer_id
limit 100
Fetched 0 row(s) in 2.04s
