/opt/cloudera/parcels/CDH-5.13.1-1.cdh5.13.1.p0.2/lib/impala-shell/ext-py/sasl-0.1.1-py2.7-linux-x86_64.egg/_saslwrapper.py:3: UserWarning: Module backports was already imported from None, but /usr/lib/python2.7/site-packages is being added to sys.path
Starting Impala Shell without Kerberos authentication
Error connecting: TTransportException, TSocket read 0 bytes
Kerberos ticket found in the credentials cache, retrying the connection with a secure transport.
Connected to ip-172-31-30-69.ap-southeast-1.compute.internal:21000
Server version: impalad version 2.10.0-cdh5.13.1 RELEASE (build 1e4b23c4eb52dac95c5be6316f49685c41783c51)
Query: use `tpcds_parquet_2`
Query: select cd_gender,
  cd_marital_status,
  cd_education_status,
  count(*) cnt1,
  cd_purchase_estimate,
  count(*) cnt2,
  cd_credit_rating,
  count(*) cnt3,
  cd_dep_count,
  count(*) cnt4,
  cd_dep_employed_count,
  count(*) cnt5,
  cd_dep_college_count,
  count(*) cnt6
 from
  customer c,customer_address ca,customer_demographics
 where
  c.c_current_addr_sk = ca.ca_address_sk and
  ca_county in ('Benton County','Owen County','Hamilton County','Boone County','Asotin County') and
  cd_demo_sk = c.c_current_cdemo_sk and
  exists (select *
          from store_sales,date_dim
          where c.c_customer_sk = ss_customer_sk and
                ss_sold_date_sk = d_date_sk and
                ss_sold_date_sk between 2451970 and 2452091 and
                d_year = 2001 and
                d_moy between 3 and 3+3) and
   exists ( select * from (select ws_bill_customer_sk c_sk
   -- exists ( select *
            from web_sales,date_dim
            where -- c.c_customer_sk = ws_bill_customer_sk and
                  ws_sold_date_sk between 2451970 and 2452091 and
                  ws_sold_date_sk = d_date_sk and -- or
		  -- (c_customer_sk = cs_ship_customer_sk and
                  -- cs_sold_date_sk = d_date_sk and
                  -- cs_sold_date_sk between 2451970 and 2452091) and	
                  d_year = 2001 and
                  d_moy between 3 ANd 3+3 --or
 
	union all
          select cs_ship_customer_sk c_sk
            from catalog_sales,date_dim
  --          where c.c_customer_sk = cs_ship_customer_sk and
              where    cs_sold_date_sk = d_date_sk and
                cs_sold_date_sk between 2451970 and 2452091 and
                  d_year = 2001 and
                  d_moy between 3 and 3+3) tab1 where c_sk = c.c_customer_sk)
 group by cd_gender,
          cd_marital_status,
          cd_education_status,
          cd_purchase_estimate,
          cd_credit_rating,
          cd_dep_count,
          cd_dep_employed_count,
          cd_dep_college_count
 order by cd_gender,
          cd_marital_status,
          cd_education_status,
          cd_purchase_estimate,
          cd_credit_rating,
          cd_dep_count,
          cd_dep_employed_count,
          cd_dep_college_count
 limit 100
Query submitted at: 2018-04-19 06:45:23 (Coordinator: http://ip-172-31-30-69.ap-southeast-1.compute.internal:25000)
Query progress can be monitored at: http://ip-172-31-30-69.ap-southeast-1.compute.internal:25000/query_plan?query_id=9947f663a743954e:34de327c00000000
F	D	2 yr Degree	1	1500	1	Good	1	6	1	1	1	0	1
F	U	4 yr Degree	1	9500	1	Low Risk	1	4	1	6	1	6	1
F	W	2 yr Degree	1	1500	1	High Risk	1	3	1	6	1	2	1
F	W	College	1	4000	1	High Risk	1	4	1	6	1	4	1
M	D	Advanced Degree	1	1500	1	Unknown	1	1	1	5	1	5	1
M	M	College	1	3500	1	Unknown	1	4	1	0	1	4	1
M	S	Primary	1	6000	1	Unknown	1	2	1	6	1	4	1
M	S	Unknown	1	5500	1	Good	1	2	1	4	1	4	1
M	U	Unknown	1	1000	1	Good	1	6	1	3	1	0	1
M	W	Advanced Degree	1	3500	1	Low Risk	1	6	1	0	1	4	1
M	W	Primary	1	3000	1	Low Risk	1	1	1	0	1	5	1
Fetched 11 row(s) in 2.05s
