/opt/cloudera/parcels/CDH-5.13.1-1.cdh5.13.1.p0.2/lib/impala-shell/ext-py/sasl-0.1.1-py2.7-linux-x86_64.egg/_saslwrapper.py:3: UserWarning: Module backports was already imported from None, but /usr/lib/python2.7/site-packages is being added to sys.path
Starting Impala Shell without Kerberos authentication
Error connecting: TTransportException, TSocket read 0 bytes
Kerberos ticket found in the credentials cache, retrying the connection with a secure transport.
Connected to ip-172-31-30-69.ap-southeast-1.compute.internal:21000
Server version: impalad version 2.10.0-cdh5.13.1 RELEASE (build 1e4b23c4eb52dac95c5be6316f49685c41783c51)
Query: use `tpcds_parquet_2`
Query: with year_total as (
 select c_customer_id customer_id
       ,c_first_name customer_first_name
       ,c_last_name customer_last_name
       ,c_preferred_cust_flag
       ,c_birth_country customer_birth_country
       ,c_login customer_login
       ,c_email_address customer_email_address
       ,d_year dyear
       ,sum(ss_ext_list_price-ss_ext_discount_amt) year_total
       ,'s' sale_type
 from customer
     ,store_sales
     ,date_dim
 where c_customer_sk = ss_customer_sk
   and ss_sold_date_sk = d_date_sk
 group by c_customer_id
         ,c_first_name
         ,c_last_name
         ,d_year
         ,c_preferred_cust_flag
         ,c_birth_country
         ,c_login
         ,c_email_address
         ,d_year
 union all
 select c_customer_id customer_id
       ,c_first_name customer_first_name
       ,c_last_name customer_last_name
       ,c_preferred_cust_flag
       ,c_birth_country customer_birth_country
       ,c_login customer_login
       ,c_email_address customer_email_address
       ,d_year dyear
       ,sum(ws_ext_list_price-ws_ext_discount_amt) year_total
       ,'w' sale_type
 from customer
     ,web_sales
     ,date_dim
 where c_customer_sk = ws_bill_customer_sk
   and ws_sold_date_sk = d_date_sk
 group by c_customer_id
         ,c_first_name
         ,c_last_name
         ,c_preferred_cust_flag
         ,c_birth_country
         ,c_login
         ,c_email_address
         ,d_year
         )
 -- select * from ( select  t_s_secyear.customer_login
 select  t_s_secyear.customer_first_name
 from year_total t_s_firstyear
     ,year_total t_s_secyear
     ,year_total t_w_firstyear
     ,year_total t_w_secyear
 where t_s_secyear.customer_id = t_s_firstyear.customer_id
         and t_s_firstyear.customer_id = t_w_secyear.customer_id
         and t_s_firstyear.customer_id = t_w_firstyear.customer_id
         and t_s_firstyear.sale_type = 's'
         and t_w_firstyear.sale_type = 'w'
         and t_s_secyear.sale_type = 's'
	 and t_w_secyear.sale_type = 'w'
         and t_s_firstyear.dyear = 1999
         and t_s_secyear.dyear = 1999+1
         and t_w_firstyear.dyear = 1999
         and t_w_secyear.dyear = 1999+1
         and t_s_firstyear.year_total > 0
         and t_w_firstyear.year_total > 0
         and case when t_w_firstyear.year_total > 0 then t_w_secyear.year_total / t_w_firstyear.year_total else null end
             > case when t_s_firstyear.year_total > 0 then t_s_secyear.year_total / t_s_firstyear.year_total else null end
-- order by t_s_secyear.customer_login
order by t_s_secyear.customer_first_name
 limit 100
""
""
""
""
""
""
""
""
""
""
Ada
Addie
Agnes
Alisa
Amy
Ana
Andre
Angel
Angela
Angelica
Angelica
Angelo
Anita
Ann
Anna
Anna
Annie
Anthony
Antonio
Ariane
Arlene
Armando
Barbara
Barry
Benjamin
Benjamin
Bessie
Betty
Betty
Beverly
Blanche
Bobby
Bradford
Bradley
Brady
Brandon
Brian
Bruce
Camille
Candy
Carlos
Carlos
Catherine
Cathy
Cesar
Chad
Charles
Charles
Charles
Charles
Charles
Charles
Charles
Charles
Cheryl
Cheryl
Cheryl
Cheyenne
Christina
Clarence
Clarence
Claudia
Clementine
Craig
Curtis
Curtis
Cynthia
Dalton
Daniel
Daniel
Daniel
Daniel
David
David
David
Deandre
Deanna
Deborah
Della
Dennis
Donald
Donald
Donna
Donna
Donna
Donna
Doris
Douglas
Douglas
Douglas
Fetched 100 row(s) in 5.98s
