/opt/cloudera/parcels/CDH-5.13.1-1.cdh5.13.1.p0.2/lib/impala-shell/ext-py/sasl-0.1.1-py2.7-linux-x86_64.egg/_saslwrapper.py:3: UserWarning: Module backports was already imported from None, but /usr/lib/python2.7/site-packages is being added to sys.path
Starting Impala Shell without Kerberos authentication
Error connecting: TTransportException, TSocket read 0 bytes
Kerberos ticket found in the credentials cache, retrying the connection with a secure transport.
Connected to ip-172-31-30-69.ap-southeast-1.compute.internal:21000
Server version: impalad version 2.10.0-cdh5.13.1 RELEASE (build 1e4b23c4eb52dac95c5be6316f49685c41783c51)
Query: use `tpcds_parquet_2`
Query: with cross_items as
(
 select i_item_sk ss_item_sk
 from item,
 (
--intersect block starts here
select brand_id, class_id, category_id
from (
select brand_id, class_id, category_id, sum(q5.c3) c3,count(*) c4
from
(
select brand_id, class_id, category_id, 1 as c3
from
(
select brand_id, class_id, category_id
from
(
select brand_id, class_id, category_id, q2.c3 c3, q2.c4 c4
from
(
select brand_id, class_id, category_id, sum(q1.c3) c3,count(*) c4
from
(
select iss.i_brand_id brand_id
     ,iss.i_class_id class_id
     ,iss.i_category_id category_id, 1 as c3
 from store_sales
     ,item iss
     ,date_dim d1
 where ss_item_sk = iss.i_item_sk
   and ss_sold_date_sk = d1.d_date_sk
   and ss_sold_date_sk between 2451180 and 2452275
   and d1.d_year between 1999 AND 1999 + 2
 union all
 select ics.i_brand_id brand_id
     ,ics.i_class_id class_id
     ,ics.i_category_id category_id, -1 as c3
 from catalog_sales
     ,item ics
     ,date_dim d2
 where cs_item_sk = ics.i_item_sk
   and cs_sold_date_sk = d2.d_date_sk
   and cs_sold_date_sk between 2451180 and 2452275
   and d2.d_year between 1999 AND 1999 + 2
) as q1
group by brand_id, class_id, category_id
) as q2
where ((q2.c4 - case when (q2.c3 >= 0) then q2.c3 else -(q2.c3) end) >= 2)
) as q3
) as q4
union all
-- intersect
 select iws.i_brand_id i_brand_id
     ,iws.i_class_id i_class_id
     ,iws.i_category_id i_category_id, -1 as c3
 from web_sales
     ,item iws
     ,date_dim d3
 where ws_item_sk = iws.i_item_sk
   and ws_sold_date_sk = d3.d_date_sk
   and ws_sold_date_sk between 2451180 and 2452275
   and d3.d_year between 1999 AND 1999 + 2
) as q5
group by brand_id, class_id, category_id
) as q6
where ((q6.c4 - case when (q6.c3 >= 0) then q6.c3 else -(q6.c3) end) >= 2)
-- intersect block ends here
) x
 where i_brand_id = brand_id
      and i_class_id = class_id
      and i_category_id = category_id
),
 avg_sales as
 (select avg(quantity*list_price) average_sales
  from (select ss_quantity quantity
             ,ss_list_price list_price
       from store_sales
           ,date_dim
       where ss_sold_date_sk = d_date_sk
         and d_year between 1999 and 2001 
         and ss_sold_date_sk between 2451180 and 2452275
       union all 
       select cs_quantity quantity 
             ,cs_list_price list_price
       from catalog_sales
           ,date_dim
       where cs_sold_date_sk = d_date_sk
         and d_year between 1998 and 2000 
         and cs_sold_date_sk between 2450815 and 2451910
       union all
       select ws_quantity quantity
             ,ws_list_price list_price
       from web_sales
           ,date_dim
       where ws_sold_date_sk = d_date_sk
         and ws_sold_date_sk between 2450815 and 2451910
         and d_year between 1998 and 1998 + 2) x)
,
  results AS
(select channel, i_brand_id, i_class_id, i_category_id, sum(sales) sum_sales, sum(number_sales) number_sales
 from (
select * from (
       select * from
       (select channel, i_brand_id,i_class_id,i_category_id, sales, number_sales from
       (select 'store' channel, i_brand_id,i_class_id
             ,i_category_id,sum(ss_quantity*ss_list_price) sales
             , count(*) number_sales
       from store_sales
           ,item
           ,date_dim
       where ss_item_sk in (select ss_item_sk from cross_items)
         and ss_item_sk = i_item_sk
         and ss_sold_date_sk = d_date_sk
         and ss_sold_date_sk between 2451850 and 2451879
         and d_year = 1998+2 
         and d_moy = 11
       group by i_brand_id,i_class_id,i_category_id ) a1
       cross join
       (select average_sales from avg_sales) a2
       where a1.sales > a2.average_sales
       ) a12 ) a121
       union all
        select * from
       (select * from
       (select channel, i_brand_id,i_class_id,i_category_id, sales, number_sales from
       (
       select 'catalog' channel, i_brand_id,i_class_id,i_category_id, sum(cs_quantity*cs_list_price) sales, count(*) number_sales
       from catalog_sales
           ,item
           ,date_dim
       where cs_item_sk in (select ss_item_sk from cross_items)
         and cs_item_sk = i_item_sk
         and cs_sold_date_sk = d_date_sk
         and cs_sold_date_sk between 2451850 and 2451879
         and d_year = 1998+2
         and d_moy = 11
       group by i_brand_id,i_class_id,i_category_id ) a1
        cross join
        (select average_sales from avg_sales) a2
        where a1.sales > a2.average_sales
       ) a12 ) a121

       --having sum(cs_quantity*cs_list_price) > (select average_sales from avg_sales)
       union all
        select * from
       (select * from
       (select channel, i_brand_id,i_class_id,i_category_id, sales, number_sales from
       (
       select 'web' channel, i_brand_id,i_class_id,i_category_id, sum(ws_quantity*ws_list_price) sales , count(*) number_sales
       from web_sales
           ,item
           ,date_dim
       where ws_item_sk in (select ss_item_sk from cross_items)
         and ws_item_sk = i_item_sk
         and ws_sold_date_sk = d_date_sk
         and ws_sold_date_sk between 2451850 and 2451879
         and d_year = 1998+2
         and d_moy = 11
       group by i_brand_id,i_class_id,i_category_id ) a1
        cross join
        (select average_sales from avg_sales) a2
        where a1.sales > a2.average_sales
       ) a12 ) a121
       --having sum(ws_quantity*ws_list_price) > (select average_sales from avg_sales)
 ) y
 group by channel, i_brand_id,i_class_id,i_category_id)

select channel, i_brand_id, i_class_id, i_category_id, sum_sales, number_sales
from (
      select channel, i_brand_id, i_class_id, i_category_id, sum_sales, number_sales from results
      union
      select channel, i_brand_id, i_class_id,  null as i_category_id, sum(sum_sales), sum(number_sales) from results
      group by channel, i_brand_id, i_class_id
      union
      select channel, i_brand_id, null as i_class_id, null as i_category_id, sum(sum_sales), sum(number_sales) from results
      group by channel, i_brand_id
      union
      select channel, null as i_brand_id, null as i_class_id, null as i_category_id, sum(sum_sales), sum(number_sales) from results
      group by channel
      union
      select null as channel, null as i_brand_id, null as i_class_id, null as i_category_id, sum(sum_sales), sum(number_sales) from results) z
order by channel, i_brand_id, i_class_id, i_category_id
limit 100
catalog	1001001	1	1	4029560.310000001	837
catalog	1001001	1	2	49039.61	5
catalog	1001001	1	3	103912.22	26
catalog	1001001	1	4	64958.39	13
catalog	1001001	1	5	97600.23	21
catalog	1001001	1	6	16048.81	4
catalog	1001001	1	7	69316.08	20
catalog	1001001	1	8	69748.67	10
catalog	1001001	1	9	228232.49	40
catalog	1001001	1	10	200900.39	29
catalog	1001001	1	NULL	4929317.200000001	1005
catalog	1001001	2	2	92265.99999999999	26
catalog	1001001	2	3	83521.32000000001	21
catalog	1001001	2	4	35315.35	7
catalog	1001001	2	5	23745.6	5
catalog	1001001	2	7	24688.26	7
catalog	1001001	2	NULL	259536.53	66
catalog	1001001	3	2	121712.28	25
catalog	1001001	3	4	84872.38000000002	15
catalog	1001001	3	6	30379.44	6
catalog	1001001	3	10	33988.14	6
catalog	1001001	3	NULL	270952.24	52
catalog	1001001	4	1	23483.34	8
catalog	1001001	4	2	25655.85	5
catalog	1001001	4	3	27925.27	5
catalog	1001001	4	4	62011.38	11
catalog	1001001	4	NULL	139075.84	29
catalog	1001001	5	9	48416.1	9
catalog	1001001	5	10	76017.31	9
catalog	1001001	5	NULL	124433.41	18
catalog	1001001	6	9	18392.98	7
catalog	1001001	6	NULL	18392.98	7
catalog	1001001	9	6	56141.67999999999	8
catalog	1001001	9	8	32098.27	6
catalog	1001001	9	NULL	88239.95	14
catalog	1001001	11	9	38719.67999999999	13
catalog	1001001	11	NULL	38719.67999999999	13
catalog	1001001	12	8	75237.82000000001	7
catalog	1001001	12	NULL	75237.82000000001	7
catalog	1001001	14	6	37741.18	5
catalog	1001001	14	NULL	37741.18	5
catalog	1001001	15	9	35117.39999999999	7
catalog	1001001	15	10	56565.82999999999	11
catalog	1001001	15	NULL	91683.22999999998	18
catalog	1001001	16	8	27916.11	6
catalog	1001001	16	NULL	27916.11	6
catalog	1001001	NULL	NULL	6101246.170000001	1240
catalog	1001002	1	1	5308508.100000001	1004
catalog	1001002	1	NULL	5308508.100000001	1004
catalog	1001002	2	1	137513.57	35
catalog	1001002	2	NULL	137513.57	35
catalog	1001002	3	1	122500.1	37
catalog	1001002	3	NULL	122500.1	37
catalog	1001002	4	1	113595.64	18
catalog	1001002	4	NULL	113595.64	18
catalog	1001002	6	1	77059.64	12
catalog	1001002	6	NULL	77059.64	12
catalog	1001002	7	1	97637.32000000002	15
catalog	1001002	7	NULL	97637.32000000002	15
catalog	1001002	8	1	71136.70999999999	13
catalog	1001002	8	NULL	71136.70999999999	13
catalog	1001002	9	1	39117.79	10
catalog	1001002	9	NULL	39117.79	10
catalog	1001002	11	1	43037.48	8
catalog	1001002	11	NULL	43037.48	8
catalog	1001002	12	1	56389.23	10
catalog	1001002	12	NULL	56389.23	10
catalog	1001002	14	1	42509.71	9
catalog	1001002	14	NULL	42509.71	9
catalog	1001002	NULL	NULL	6109005.290000003	1171
catalog	1002001	1	1	30022.21	6
catalog	1002001	1	2	11704.78	4
catalog	1002001	1	5	4436.66	3
catalog	1002001	1	6	122533.84	21
catalog	1002001	1	9	27878.76	4
catalog	1002001	1	NULL	196576.25	38
catalog	1002001	2	1	4521199.309999999	873
catalog	1002001	2	2	132163.05	27
catalog	1002001	2	3	61792.06	14
catalog	1002001	2	4	7607.959999999999	4
catalog	1002001	2	5	18764.76	6
catalog	1002001	2	6	115712.58	26
catalog	1002001	2	7	135487.29	27
catalog	1002001	2	8	160205.6	23
catalog	1002001	2	9	89115.12999999999	19
catalog	1002001	2	10	77487.95999999999	11
catalog	1002001	2	NULL	5319535.699999998	1030
catalog	1002001	3	2	32714.04	7
catalog	1002001	3	7	35757.53	5
catalog	1002001	3	NULL	68471.57000000001	12
catalog	1002001	4	1	38406.19000000001	7
catalog	1002001	4	3	55280.86	9
catalog	1002001	4	4	45911.64	12
catalog	1002001	4	7	21285.97	6
catalog	1002001	4	NULL	160884.66	34
catalog	1002001	5	10	53321.95	12
catalog	1002001	5	NULL	53321.95	12
catalog	1002001	7	7	6136.599999999999	3
catalog	1002001	7	NULL	6136.599999999999	3
catalog	1002001	10	6	35199.62	7
Fetched 100 row(s) in 43.57s
Query: with cross_items as
 (select i_item_sk ss_item_sk
 from item,
 (
--intersect block starts here
select brand_id, class_id, category_id 
from (
select brand_id, class_id, category_id, sum(q5.c3) c3,count(*) c4
from
(
select brand_id, class_id, category_id, 1 as c3
from
(
select brand_id, class_id, category_id
from
(
select brand_id, class_id, category_id, q2.c3 c3, q2.c4 c4
from
(
select brand_id, class_id, category_id, sum(q1.c3) c3,count(*) c4
from
(
select iss.i_brand_id brand_id
     ,iss.i_class_id class_id
     ,iss.i_category_id category_id, 1 as c3
 from store_sales
     ,item iss
     ,date_dim d1
 where ss_item_sk = iss.i_item_sk
   and ss_sold_date_sk = d1.d_date_sk
   and ss_sold_date_sk between 2451180 and 2452275
   and d1.d_year between 1999 AND 1999 + 2
 union all
 select ics.i_brand_id brand_id
     ,ics.i_class_id class_id
     ,ics.i_category_id category_id, -1 as c3
 from catalog_sales
     ,item ics
     ,date_dim d2
 where cs_item_sk = ics.i_item_sk
   and cs_sold_date_sk = d2.d_date_sk
   and cs_sold_date_sk between 2451180 and 2452275
   and d2.d_year between 1999 AND 1999 + 2
) as q1
group by brand_id, class_id, category_id
) as q2
where ((q2.c4 - case when (q2.c3 >= 0) then q2.c3 else -(q2.c3) end) >= 2)
) as q3
) as q4
union all
-- intersect
 select iws.i_brand_id i_brand_id
     ,iws.i_class_id i_class_id
     ,iws.i_category_id i_category_id, -1 as c3
 from web_sales
     ,item iws
     ,date_dim d3
 where ws_item_sk = iws.i_item_sk
   and ws_sold_date_sk = d3.d_date_sk
   and ws_sold_date_sk between 2451180 and 2452275
   and d3.d_year between 1999 AND 1999 + 2
) as q5
group by brand_id, class_id, category_id
) as q6
where ((q6.c4 - case when (q6.c3 >= 0) then q6.c3 else -(q6.c3) end) >= 2)
-- intersect block ends here
) x
 where i_brand_id = brand_id
      and i_class_id = class_id
      and i_category_id = category_id
),
 avg_sales as
(select avg(quantity*list_price) average_sales
  from (select ss_quantity quantity
             ,ss_list_price list_price
       from store_sales
           ,date_dim
       where ss_sold_date_sk = d_date_sk
         and d_year between 1998 and 1998 + 2
         and ss_sold_date_sk between 2450815 and 2451910
       union all
       select cs_quantity quantity
             ,cs_list_price list_price
       from catalog_sales
           ,date_dim
       where cs_sold_date_sk = d_date_sk
         and d_year between 1998 and 1998 + 2
         and cs_sold_date_sk between 2450815 and 2451910
       union all
       select ws_quantity quantity
             ,ws_list_price list_price
       from web_sales
           ,date_dim
       where ws_sold_date_sk = d_date_sk
         and ws_sold_date_sk between 2450815 and 2451910
         and d_year between 1998 and 1998 + 2) x)
  select  * from
 (
select t1.* from
(select 'store' channel, i_brand_id,i_class_id,i_category_id
        ,sum(ss_quantity*ss_list_price) sales, count(*) number_sales
 from store_sales 
     ,item
     ,date_dim
     ,avg_sales
 where ss_item_sk in (select ss_item_sk from cross_items)
   and ss_item_sk = i_item_sk
   and ss_sold_date_sk = d_date_sk
   and d_week_seq in (select d_week_seq
                     from date_dim
                     where d_year = 1998 + 1
                       and d_moy = 12
                       and d_dom = 16)
 group by i_brand_id,i_class_id,i_category_id ) t1,
(select average_sales from avg_sales) t2
where t1.sales > t2.average_sales
-- having sum(ss_quantity*ss_list_price) > (select average_sales from avg_sales)) this_year,
-- having sum(ss_quantity*ss_list_price) > average_sales
) this_year,

 (
select t1.* from (
select 'store' channel, i_brand_id,i_class_id
        ,i_category_id, sum(ss_quantity*ss_list_price) sales, count(*) number_sales
 from store_sales
     ,item
     ,date_dim
     ,avg_sales
 where ss_item_sk in (select ss_item_sk from cross_items)
   and ss_item_sk = i_item_sk
   and ss_sold_date_sk = d_date_sk
   and d_week_seq in (select d_week_seq
                     from date_dim
                     where d_year = 1998
                       and d_moy = 12
                       and d_dom = 16)
 group by i_brand_id,i_class_id,i_category_id) t1,
(select average_sales from avg_sales) t2
where t1.sales > t2.average_sales
-- having sum(ss_quantity*ss_list_price) > (select average_sales from avg_sales)) last_year
-- having sum(ss_quantity*ss_list_price) > average_sales 
) last_year
 where this_year.i_brand_id= last_year.i_brand_id
   and this_year.i_class_id = last_year.i_class_id
   and this_year.i_category_id = last_year.i_category_id
 order by this_year.channel, this_year.i_brand_id, this_year.i_class_id, this_year.i_category_id
   limit 100
store	1001001	1	1	2543087.89	696	store	1001001	1	1	2587627.91	706
store	1001002	1	1	1442354.67	413	store	1001002	1	1	1507014.11	400
store	1002001	2	1	2879423.29	750	store	1002001	2	1	2535700.249999999	654
store	1002002	2	1	1470390.89	377	store	1002002	2	1	1308354.53	327
store	1003001	3	1	2305887.240000001	646	store	1003001	3	1	2159668.130000001	611
store	1003002	3	1	1243102.91	323	store	1003002	3	1	1150406.41	311
store	1004001	4	1	2533155.08	673	store	1004001	4	1	2422862.98	657
store	1004002	4	1	1409545.42	394	store	1004002	4	1	1453302.91	381
store	2001001	1	2	2649956.319999999	719	store	2001001	1	2	2749713.65	730
store	2001002	1	2	1213601.540000001	339	store	2001002	1	2	1224230.48	328
store	2002001	2	2	3019227.379999999	804	store	2002001	2	2	2642814.419999999	743
store	2002002	2	2	1125686.86	331	store	2002002	2	2	1252716.19	353
store	2003001	3	2	2416562.780000001	677	store	2003001	3	2	1999825.64	588
store	2003002	3	2	1332531	320	store	2003002	3	2	1123951.06	316
store	2004001	4	2	2916423.970000001	792	store	2004001	4	2	2985213.93	772
store	2004002	4	2	1307851.84	349	store	2004002	4	2	1176611.91	305
store	3001001	1	3	2549736.350000001	656	store	3001001	1	3	2470840.98	650
store	3001002	1	3	1147059.9	285	store	3001002	1	3	1181613.01	308
store	3002001	2	3	2986013.96	752	store	3002001	2	3	2645566.44	727
store	3002002	2	3	1278035.38	367	store	3002002	2	3	1294380.42	340
store	3003001	3	3	2730796.6	733	store	3003001	3	3	2791350.02	712
store	3003002	3	3	1122790.1	315	store	3003002	3	3	1077853.97	307
store	3004001	4	3	2313776.78	617	store	3004001	4	3	2472820.209999999	676
store	3004002	4	3	1331894.68	358	store	3004002	4	3	1293321.43	358
store	4001001	1	4	2812872.910000001	749	store	4001001	1	4	2700063.97	713
store	4001002	1	4	1190229.56	315	store	4001002	1	4	1116649.48	324
store	4002001	2	4	2640783.9	724	store	4002001	2	4	2703011.130000001	721
store	4002002	2	4	1702640.92	430	store	4002002	2	4	1321617.59	364
store	4003001	3	4	2623740.420000001	745	store	4003001	3	4	2704809.18	716
store	4003002	3	4	1187145.25	327	store	4003002	3	4	1174533.19	299
store	4004001	4	4	2634156.03	699	store	4004001	4	4	2762623.59	716
store	4004002	4	4	1380032.92	356	store	4004002	4	4	1275448.58	335
store	5001001	1	5	2475414.309999999	672	store	5001001	1	5	2548040.12	699
store	5001002	1	5	1407364.24	370	store	5001002	1	5	1169458.42	308
store	5002001	2	5	2581122.459999999	685	store	5002001	2	5	2461117.98	641
store	5002002	2	5	1293446.75	349	store	5002002	2	5	1403988.79	383
store	5003001	3	5	2844338.659999999	749	store	5003001	3	5	2759407.090000001	707
store	5003002	3	5	1476888.58	398	store	5003002	3	5	1376743.75	362
store	5004001	4	5	3057956.150000001	857	store	5004001	4	5	2951326.48	789
store	5004002	4	5	1366880.41	405	store	5004002	4	5	1382629.65	389
store	6001001	1	6	172621.56	44	store	6001001	1	6	145513.52	40
store	6001002	1	6	110720.04	26	store	6001002	1	6	49524.9	17
store	6001003	1	6	123489.68	29	store	6001003	1	6	106752.02	30
store	6001004	1	6	28429.13	7	store	6001004	1	6	32079.27	11
store	6001005	1	6	208071.24	55	store	6001005	1	6	121194.25	42
store	6001006	1	6	87222.3	29	store	6001006	1	6	50138.17000000001	13
store	6001007	1	6	115047.86	32	store	6001007	1	6	182572.38	43
store	6001008	1	6	108541.75	27	store	6001008	1	6	87088.89	28
store	6002001	2	6	145476.58	46	store	6002001	2	6	244757.96	55
store	6002002	2	6	65933.27	23	store	6002002	2	6	68323.25	18
store	6002003	2	6	146550.29	35	store	6002003	2	6	169068.6	43
store	6002004	2	6	99048.80000000002	25	store	6002004	2	6	72396.69	18
store	6002005	2	6	202374.04	60	store	6002005	2	6	242483.29	70
store	6002006	2	6	27505.41	10	store	6002006	2	6	34125.49000000001	8
store	6002007	2	6	112189.44	33	store	6002007	2	6	64118.61999999999	31
store	6002008	2	6	117276.36	28	store	6002008	2	6	46697.81	13
store	6003001	3	6	117428.36	31	store	6003001	3	6	155046.13	39
store	6003002	3	6	180672.67	44	store	6003002	3	6	141342.08	50
store	6003003	3	6	181510.09	51	store	6003003	3	6	202204.72	57
store	6003004	3	6	90471.55	27	store	6003004	3	6	98860.98000000001	28
store	6003005	3	6	253544.4	57	store	6003005	3	6	292501.4399999999	79
store	6003006	3	6	37511.81	17	store	6003006	3	6	22580.42	6
store	6003007	3	6	180573.81	59	store	6003007	3	6	301460.29	85
store	6003008	3	6	180414.56	40	store	6003008	3	6	166750.17	32
store	6004001	4	6	77326.98000000001	25	store	6004001	4	6	115721.94	26
store	6004002	4	6	72407.22	16	store	6004002	4	6	77460.66	19
store	6004003	4	6	69698.51000000001	24	store	6004003	4	6	55637.01000000001	16
store	6004004	4	6	29109.07	8	store	6004004	4	6	42740.89	14
store	6004005	4	6	106594.9	32	store	6004005	4	6	79234.91	31
store	6004006	4	6	30228.16	9	store	6004006	4	6	58806.43	22
store	6004007	4	6	103377.17	33	store	6004007	4	6	106364.18	28
store	6004008	4	6	64333.35000000001	15	store	6004008	4	6	58600.89000000001	16
store	6005001	5	6	238567.68	58	store	6005001	5	6	158926.73	64
store	6005002	5	6	53010.55	18	store	6005002	5	6	84057.12	33
store	6005003	5	6	123264.11	33	store	6005003	5	6	53436.50999999999	20
store	6005004	5	6	29649.99	6	store	6005004	5	6	7564.26	1
store	6005005	5	6	65662.32000000001	25	store	6005005	5	6	105321.58	30
store	6005006	5	6	122518.86	31	store	6005006	5	6	80374.52999999998	36
store	6005007	5	6	72291.67	21	store	6005007	5	6	92214.97	22
store	6005008	5	6	112135.49	37	store	6005008	5	6	70909.01999999999	20
store	6006001	6	6	223736.09	55	store	6006001	6	6	203524.47	48
store	6006002	6	6	101456.62	29	store	6006002	6	6	84704.59	22
store	6006003	6	6	144750.38	42	store	6006003	6	6	272676.4399999999	59
store	6006004	6	6	60829.13	18	store	6006004	6	6	64851.26999999999	17
store	6006005	6	6	113234.07	28	store	6006005	6	6	108856.54	26
store	6006006	6	6	89666.54999999999	24	store	6006006	6	6	71098.36	21
store	6006007	6	6	301568.09	75	store	6006007	6	6	188351.8	55
store	6006008	6	6	116479.18	40	store	6006008	6	6	83871.53	17
store	6007001	7	6	107970.06	29	store	6007001	7	6	72287.82000000001	20
store	6007002	7	6	38887.04	9	store	6007002	7	6	54932.60999999999	19
store	6007003	7	6	301643.01	75	store	6007003	7	6	206123.54	62
store	6007004	7	6	163966.76	37	store	6007004	7	6	85143.88	28
store	6007005	7	6	119233.06	33	store	6007005	7	6	94819.61	32
store	6007006	7	6	191407.47	44	store	6007006	7	6	168114.28	39
store	6007007	7	6	190268.95	53	store	6007007	7	6	240641.55	54
store	6007008	7	6	44779.74000000001	12	store	6007008	7	6	45366.65000000001	19
store	6008001	8	6	173830.52	42	store	6008001	8	6	170399	48
store	6008002	8	6	61873.21	17	store	6008002	8	6	93909.62	21
store	6008003	8	6	193940.27	41	store	6008003	8	6	143606.33	44
store	6008004	8	6	67801.57999999999	18	store	6008004	8	6	68580.64	24
Fetched 100 row(s) in 10.22s
