/opt/cloudera/parcels/CDH-5.13.1-1.cdh5.13.1.p0.2/lib/impala-shell/ext-py/sasl-0.1.1-py2.7-linux-x86_64.egg/_saslwrapper.py:3: UserWarning: Module backports was already imported from None, but /usr/lib/python2.7/site-packages is being added to sys.path
Starting Impala Shell without Kerberos authentication
Error connecting: TTransportException, TSocket read 0 bytes
Kerberos ticket found in the credentials cache, retrying the connection with a secure transport.
Connected to ip-172-31-30-69.ap-southeast-1.compute.internal:21000
Server version: impalad version 2.10.0-cdh5.13.1 RELEASE (build 1e4b23c4eb52dac95c5be6316f49685c41783c51)
Query: use `tpcds_parquet_2`
Query: with results as
 (select i_item_id,
        ca_country,
        ca_state, 
        ca_county,
		--avg( cast(cs_quantity as decimal(12,2))) agg1,
		--avg( cast(cs_list_price as decimal(12,2))) agg2,
		--avg( cast(cs_coupon_amt as decimal(12,2))) agg3,
		--avg( cast(cs_sales_price as decimal(12,2))) agg4,
		--avg( cast(cs_net_profit as decimal(12,2))) agg5,
		--avg( cast(c_birth_year as decimal(12,2))) agg6,
		--avg( cast(cd1.cd_dep_count as decimal(12,2))) agg7 
        cast(cs_quantity as decimal(12,2)) agg1,
        cast(cs_list_price as decimal(12,2)) agg2,
        cast(cs_coupon_amt as decimal(12,2)) agg3,
        cast(cs_sales_price as decimal(12,2)) agg4,
        cast(cs_net_profit as decimal(12,2)) agg5,
        cast(c_birth_year as decimal(12,2)) agg6,
        cast(cd1.cd_dep_count as decimal(12,2)) agg7
 from catalog_sales, customer_demographics cd1, customer_demographics cd2, customer, customer_address, date_dim, item
 where cs_sold_date_sk = d_date_sk and
       cs_sold_date_sk between 2451180 and 2451544 and
       cs_item_sk = i_item_sk and
       cs_bill_cdemo_sk = cd1.cd_demo_sk and
       cs_bill_customer_sk = c_customer_sk and
       cd1.cd_gender = 'M' and 
       cd1.cd_education_status = 'Secondary' and
       c_current_cdemo_sk = cd2.cd_demo_sk and
       c_current_addr_sk = ca_address_sk and
       c_birth_month in (8,11,10,5,2,1) and
       d_year = 1999 and
       ca_state in ('NE','VA','OH','MT','AR','TN','FL')
 -- group by i_item_id, ca_country, ca_state, ca_county
 )
 select i_item_id, ca_country, ca_state, ca_county, agg1, agg2, agg3, agg4, agg5, agg6, agg7
 from (
 	select i_item_id, ca_country, ca_state, ca_county, avg(agg1) agg1, 
 		avg(agg2) agg2, avg(agg3) agg3, avg(agg4) agg4, avg(agg5) agg5, avg(agg6) agg6, avg(agg7) agg7 
 	from results
	group by i_item_id, ca_country, ca_state, ca_county
 	union all
 	select i_item_id, ca_country, ca_state, NULL as county, avg(agg1) agg1, avg(agg2) agg2, avg(agg3) agg3,
		avg(agg4) agg4, avg(agg5) agg5, avg(agg6) agg6, avg(agg7) agg7 
	from results
	group by i_item_id, ca_country, ca_state
 	union all
	select i_item_id, ca_country, NULL as ca_state, NULL as county, avg(agg1) agg1, avg(agg2) agg2, avg(agg3) agg3,
		avg(agg4) agg4, avg(agg5) agg5, avg(agg6) agg6, avg(agg7) agg7 
	from results
 	group by i_item_id, ca_country
 	union all
 	select i_item_id, NULL as ca_country, NULL as ca_state, NULL as county, avg(agg1) agg1, avg(agg2) agg2, avg(agg3) agg3,
		avg(agg4) agg4, avg(agg5) agg5, avg(agg6) agg6, avg(agg7) agg7 
	from results
	group by i_item_id
	union all
	select NULL AS i_item_id, NULL as ca_country, NULL as ca_state, NULL as county, avg(agg1) agg1, avg(agg2) agg2, avg(agg3) agg3,
		avg(agg4) agg4, avg(agg5) agg5, avg(agg6) agg6, avg(agg7) agg7 
	from results
 ) foo
 order by ca_country, ca_state, ca_county, i_item_id
limit 100
AAAAAAAAADOCAAAA		MT		93.00	168.10	0.00	10.08	-5801.34	1973.00	3.00
AAAAAAAAALNEAAAA		MT		7.00	57.24	0.00	17.17	-103.67	1973.00	3.00
AAAAAAAAAPIAAAAA		MT		52.00	102.85	0.00	34.96	-538.20	1973.00	3.00
AAAAAAAABJFEAAAA		MT		30.00	143.41	240.87	22.94	-1572.57	1973.00	3.00
AAAAAAAAGJJFAAAA		MT		83.00	214.05	2110.42	70.63	-2353.61	1973.00	3.00
AAAAAAAAHADGAAAA		MT		24.00	48.53	0.00	18.92	-182.40	1973.00	3.00
AAAAAAAAIPJCAAAA		MT		16.00	76.17	364.73	55.60	-442.49	1973.00	3.00
AAAAAAAAKBHCAAAA		MT		32.00	125.02	0.00	116.26	1679.04	1973.00	3.00
AAAAAAAANJIBAAAA		MT		73.00	241.38	0.00	137.58	2821.45	1973.00	3.00
AAAAAAAAONPCAAAA		MT		24.00	40.49	0.00	3.23	-866.16	1973.00	3.00
AAAAAAAAADOCAAAA		MT	NULL	93.00	168.10	0.00	10.08	-5801.34	1973.00	3.00
AAAAAAAAALNEAAAA		MT	NULL	7.00	57.24	0.00	17.17	-103.67	1973.00	3.00
AAAAAAAAAPIAAAAA		MT	NULL	52.00	102.85	0.00	34.96	-538.20	1973.00	3.00
AAAAAAAABJFEAAAA		MT	NULL	30.00	143.41	240.87	22.94	-1572.57	1973.00	3.00
AAAAAAAAGJJFAAAA		MT	NULL	83.00	214.05	2110.42	70.63	-2353.61	1973.00	3.00
AAAAAAAAHADGAAAA		MT	NULL	24.00	48.53	0.00	18.92	-182.40	1973.00	3.00
AAAAAAAAIPJCAAAA		MT	NULL	16.00	76.17	364.73	55.60	-442.49	1973.00	3.00
AAAAAAAAKBHCAAAA		MT	NULL	32.00	125.02	0.00	116.26	1679.04	1973.00	3.00
AAAAAAAANJIBAAAA		MT	NULL	73.00	241.38	0.00	137.58	2821.45	1973.00	3.00
AAAAAAAAONPCAAAA		MT	NULL	24.00	40.49	0.00	3.23	-866.16	1973.00	3.00
AAAAAAAACLIEAAAA		NE		81.00	54.93	0.00	40.64	285.12	1969.00	3.00
AAAAAAAAEAAEAAAA		NE		82.00	37.51	0.00	6.75	-1539.14	1969.00	3.00
AAAAAAAAGKJDAAAA		NE		36.00	47.67	858.76	30.98	-735.64	1969.00	3.00
AAAAAAAAKONAAAAA		NE		NULL	49.15	0.00	28.01	578.50	1969.00	3.00
AAAAAAAALEBDAAAA		NE		1.00	20.77	0.00	17.03	5.98	1969.00	3.00
AAAAAAAACLIEAAAA		NE	NULL	81.00	54.93	0.00	40.64	285.12	1969.00	3.00
AAAAAAAAEAAEAAAA		NE	NULL	82.00	37.51	0.00	6.75	-1539.14	1969.00	3.00
AAAAAAAAGKJDAAAA		NE	NULL	36.00	47.67	858.76	30.98	-735.64	1969.00	3.00
AAAAAAAAKONAAAAA		NE	NULL	NULL	49.15	0.00	28.01	578.50	1969.00	3.00
AAAAAAAALEBDAAAA		NE	NULL	1.00	20.77	0.00	17.03	5.98	1969.00	3.00
AAAAAAAAAAHBAAAA		OH		33.00	81.99	970.65	37.71	-1008.60	1990.00	1.00
AAAAAAAACBBBAAAA		OH		11.00	154.02	0.00	53.90	-58.74	1990.00	1.00
AAAAAAAANBCGAAAA		OH		54.00	199.50	888.68	49.87	-2575.10	1990.00	1.00
AAAAAAAAOBCFAAAA		OH		25.00	122.74	0.00	9.81	-1459.50	1990.00	1.00
AAAAAAAAOBEBAAAA		OH		8.00	5.47	0.00	4.97	24.72	1990.00	1.00
AAAAAAAAONAEAAAA		OH		87.00	210.56	0.00	189.50	10169.43	1990.00	1.00
AAAAAAAAAAHBAAAA		OH	NULL	33.00	81.99	970.65	37.71	-1008.60	1990.00	1.00
AAAAAAAACBBBAAAA		OH	NULL	11.00	154.02	0.00	53.90	-58.74	1990.00	1.00
AAAAAAAANBCGAAAA		OH	NULL	54.00	199.50	888.68	49.87	-2575.10	1990.00	1.00
AAAAAAAAOBCFAAAA		OH	NULL	25.00	122.74	0.00	9.81	-1459.50	1990.00	1.00
AAAAAAAAOBEBAAAA		OH	NULL	8.00	5.47	0.00	4.97	24.72	1990.00	1.00
AAAAAAAAONAEAAAA		OH	NULL	87.00	210.56	0.00	189.50	10169.43	1990.00	1.00
AAAAAAAAAKNFAAAA		VA		16.00	5.03	0.00	3.57	20.96	1961.00	0.00
AAAAAAAACPACAAAA		VA		35.00	54.20	0.00	5.96	-784.70	1961.00	0.00
AAAAAAAAEINEAAAA		VA		13.00	92.12	0.00	49.74	-45.63	1961.00	0.00
AAAAAAAAFCAAAAAA		VA		72.00	94.14	0.00	29.18	-1817.28	1961.00	0.00
AAAAAAAAFEHAAAAA		VA		39.00	146.63	0.00	2.93	-3153.54	1961.00	0.00
AAAAAAAAGDHBAAAA		VA		86.00	193.45	0.00	56.10	-739.60	1961.00	0.00
AAAAAAAAIPKCAAAA		VA		19.00	7.32	0.00	1.24	-24.13	1961.00	0.00
AAAAAAAALKGBAAAA		VA		72.00	245.85	0.00	61.46	-1699.92	1961.00	0.00
AAAAAAAAMFCAAAAA		VA		59.00	97.90	0.00	70.48	1668.52	1961.00	0.00
AAAAAAAAOJNCAAAA		VA		7.00	104.76	0.00	46.09	-49.63	1961.00	0.00
AAAAAAAAOKFDAAAA		VA		84.00	51.74	0.00	50.18	1773.24	1961.00	0.00
AAAAAAAAOMIAAAAA		VA		90.00	201.28	4456.08	165.04	1932.12	1961.00	0.00
AAAAAAAAOOGDAAAA		VA		39.00	125.80	0.00	93.09	-3.90	1961.00	0.00
AAAAAAAAPMKDAAAA		VA		76.00	248.21	0.00	138.99	3363.00	1961.00	0.00
AAAAAAAAAKNFAAAA		VA	NULL	16.00	5.03	0.00	3.57	20.96	1961.00	0.00
AAAAAAAACPACAAAA		VA	NULL	35.00	54.20	0.00	5.96	-784.70	1961.00	0.00
AAAAAAAAEINEAAAA		VA	NULL	13.00	92.12	0.00	49.74	-45.63	1961.00	0.00
AAAAAAAAFCAAAAAA		VA	NULL	72.00	94.14	0.00	29.18	-1817.28	1961.00	0.00
AAAAAAAAFEHAAAAA		VA	NULL	39.00	146.63	0.00	2.93	-3153.54	1961.00	0.00
AAAAAAAAGDHBAAAA		VA	NULL	86.00	193.45	0.00	56.10	-739.60	1961.00	0.00
AAAAAAAAIPKCAAAA		VA	NULL	19.00	7.32	0.00	1.24	-24.13	1961.00	0.00
AAAAAAAALKGBAAAA		VA	NULL	72.00	245.85	0.00	61.46	-1699.92	1961.00	0.00
AAAAAAAAMFCAAAAA		VA	NULL	59.00	97.90	0.00	70.48	1668.52	1961.00	0.00
AAAAAAAAOJNCAAAA		VA	NULL	7.00	104.76	0.00	46.09	-49.63	1961.00	0.00
AAAAAAAAOKFDAAAA		VA	NULL	84.00	51.74	0.00	50.18	1773.24	1961.00	0.00
AAAAAAAAOMIAAAAA		VA	NULL	90.00	201.28	4456.08	165.04	1932.12	1961.00	0.00
AAAAAAAAOOGDAAAA		VA	NULL	39.00	125.80	0.00	93.09	-3.90	1961.00	0.00
AAAAAAAAPMKDAAAA		VA	NULL	76.00	248.21	0.00	138.99	3363.00	1961.00	0.00
AAAAAAAAAAHBAAAA		NULL	NULL	33.00	81.99	970.65	37.71	-1008.60	1990.00	1.00
AAAAAAAAADOCAAAA		NULL	NULL	93.00	168.10	0.00	10.08	-5801.34	1973.00	3.00
AAAAAAAAAKNFAAAA		NULL	NULL	16.00	5.03	0.00	3.57	20.96	1961.00	0.00
AAAAAAAAALNEAAAA		NULL	NULL	7.00	57.24	0.00	17.17	-103.67	1973.00	3.00
AAAAAAAAAPIAAAAA		NULL	NULL	52.00	102.85	0.00	34.96	-538.20	1973.00	3.00
AAAAAAAABJFEAAAA		NULL	NULL	30.00	143.41	240.87	22.94	-1572.57	1973.00	3.00
AAAAAAAACBBBAAAA		NULL	NULL	11.00	154.02	0.00	53.90	-58.74	1990.00	1.00
AAAAAAAACLIEAAAA		NULL	NULL	81.00	54.93	0.00	40.64	285.12	1969.00	3.00
AAAAAAAACPACAAAA		NULL	NULL	35.00	54.20	0.00	5.96	-784.70	1961.00	0.00
AAAAAAAAEAAEAAAA		NULL	NULL	82.00	37.51	0.00	6.75	-1539.14	1969.00	3.00
AAAAAAAAEINEAAAA		NULL	NULL	13.00	92.12	0.00	49.74	-45.63	1961.00	0.00
AAAAAAAAFCAAAAAA		NULL	NULL	72.00	94.14	0.00	29.18	-1817.28	1961.00	0.00
AAAAAAAAFEHAAAAA		NULL	NULL	39.00	146.63	0.00	2.93	-3153.54	1961.00	0.00
AAAAAAAAGDHBAAAA		NULL	NULL	86.00	193.45	0.00	56.10	-739.60	1961.00	0.00
AAAAAAAAGJJFAAAA		NULL	NULL	83.00	214.05	2110.42	70.63	-2353.61	1973.00	3.00
AAAAAAAAGKJDAAAA		NULL	NULL	36.00	47.67	858.76	30.98	-735.64	1969.00	3.00
AAAAAAAAHADGAAAA		NULL	NULL	24.00	48.53	0.00	18.92	-182.40	1973.00	3.00
AAAAAAAAIPJCAAAA		NULL	NULL	16.00	76.17	364.73	55.60	-442.49	1973.00	3.00
AAAAAAAAIPKCAAAA		NULL	NULL	19.00	7.32	0.00	1.24	-24.13	1961.00	0.00
AAAAAAAAKBHCAAAA		NULL	NULL	32.00	125.02	0.00	116.26	1679.04	1973.00	3.00
AAAAAAAAKONAAAAA		NULL	NULL	NULL	49.15	0.00	28.01	578.50	1969.00	3.00
AAAAAAAALEBDAAAA		NULL	NULL	1.00	20.77	0.00	17.03	5.98	1969.00	3.00
AAAAAAAALKGBAAAA		NULL	NULL	72.00	245.85	0.00	61.46	-1699.92	1961.00	0.00
AAAAAAAAMFCAAAAA		NULL	NULL	59.00	97.90	0.00	70.48	1668.52	1961.00	0.00
AAAAAAAANBCGAAAA		NULL	NULL	54.00	199.50	888.68	49.87	-2575.10	1990.00	1.00
AAAAAAAANJIBAAAA		NULL	NULL	73.00	241.38	0.00	137.58	2821.45	1973.00	3.00
AAAAAAAAOBCFAAAA		NULL	NULL	25.00	122.74	0.00	9.81	-1459.50	1990.00	1.00
AAAAAAAAOBEBAAAA		NULL	NULL	8.00	5.47	0.00	4.97	24.72	1990.00	1.00
AAAAAAAAOJNCAAAA		NULL	NULL	7.00	104.76	0.00	46.09	-49.63	1961.00	0.00
AAAAAAAAOKFDAAAA		NULL	NULL	84.00	51.74	0.00	50.18	1773.24	1961.00	0.00
Fetched 100 row(s) in 5.89s
