/opt/cloudera/parcels/CDH-5.13.1-1.cdh5.13.1.p0.2/lib/impala-shell/ext-py/sasl-0.1.1-py2.7-linux-x86_64.egg/_saslwrapper.py:3: UserWarning: Module backports was already imported from None, but /usr/lib/python2.7/site-packages is being added to sys.path
Starting Impala Shell without Kerberos authentication
Error connecting: TTransportException, TSocket read 0 bytes
Kerberos ticket found in the credentials cache, retrying the connection with a secure transport.
Connected to ip-172-31-30-69.ap-southeast-1.compute.internal:21000
Server version: impalad version 2.10.0-cdh5.13.1 RELEASE (build 1e4b23c4eb52dac95c5be6316f49685c41783c51)
Query: use `tpcds_parquet_2`
Query: select *
 from(select w_warehouse_name
            ,i_item_id
            ,sum(case when (cast(d_date as timestamp) < cast ('2001-03-14' as timestamp))
                        then inv_quantity_on_hand
                      else 0 end) as inv_before
            ,sum(case when (cast(d_date as timestamp) >= cast ('2001-03-14' as timestamp))
                      then inv_quantity_on_hand
                      else 0 end) as inv_after
   from inventory
       ,warehouse
       ,item
       ,date_dim
   where i_current_price between 0.99 and 1.49
     and i_item_sk          = inv_item_sk
     and inv_warehouse_sk   = w_warehouse_sk
     and inv_date_sk    = d_date_sk
     and d_date between (cast ('2001-03-14' as timestamp) - interval 30 days)
                    and (cast ('2001-03-14' as timestamp) + interval 30 days)
   group by w_warehouse_name, i_item_id) x
 where (case when inv_before > 0
             then inv_after / inv_before
             -- then cast(inv_after as double) / cast(inv_before as double)
             else null
             end) between 2.0/3.0 and 3.0/2.0
 order by w_warehouse_name
         ,i_item_id
 limit 100
Query submitted at: 2018-04-19 06:47:00 (Coordinator: http://ip-172-31-30-69.ap-southeast-1.compute.internal:25000)
Query progress can be monitored at: http://ip-172-31-30-69.ap-southeast-1.compute.internal:25000/query_plan?query_id=bc46f060d4827332:6dfcfb8300000000
	AAAAAAAAAAEGAAAA	1683	1772
	AAAAAAAAAAHDAAAA	1824	2605
	AAAAAAAAAAIFAAAA	2562	2835
	AAAAAAAAAAKBAAAA	2049	1745
	AAAAAAAAABAGAAAA	1834	2054
	AAAAAAAAABBAAAAA	2759	3471
	AAAAAAAAABIFAAAA	2662	2703
	AAAAAAAAACGCAAAA	2766	3215
	AAAAAAAAACLDAAAA	2958	2712
	AAAAAAAAADCGAAAA	2185	1826
	AAAAAAAAAEADAAAA	2177	2214
	AAAAAAAAAEEFAAAA	2826	2400
	AAAAAAAAAGCGAAAA	1633	2101
	AAAAAAAAAGPCAAAA	1655	1889
	AAAAAAAAAGPFAAAA	2020	1444
	AAAAAAAAAHEFAAAA	2461	2539
	AAAAAAAAAHJEAAAA	2082	1912
	AAAAAAAAAIEEAAAA	2053	1375
	AAAAAAAAAIFBAAAA	2256	1786
	AAAAAAAAAKNDAAAA	1913	2543
	AAAAAAAAALBEAAAA	1780	1485
	AAAAAAAAALIEAAAA	1947	2575
	AAAAAAAAALNBAAAA	1397	1693
	AAAAAAAAAMIDAAAA	1681	1578
	AAAAAAAAANDEAAAA	2207	2393
	AAAAAAAAANNAAAAA	1877	1653
	AAAAAAAAAOBBAAAA	2062	2274
	AAAAAAAAAPBAAAAA	1578	2333
	AAAAAAAAAPCGAAAA	2047	1392
	AAAAAAAAAPFDAAAA	2243	3104
	AAAAAAAAAPJBAAAA	2989	2097
	AAAAAAAAAPODAAAA	1887	2789
	AAAAAAAABAPDAAAA	1569	1916
	AAAAAAAABBDFAAAA	1801	2644
	AAAAAAAABDCEAAAA	1460	1417
	AAAAAAAABDJAAAAA	2125	1704
	AAAAAAAABEFDAAAA	1529	2062
	AAAAAAAABEHEAAAA	2780	3280
	AAAAAAAABFCCAAAA	2245	2504
	AAAAAAAABFGEAAAA	2077	1857
	AAAAAAAABHPCAAAA	2271	2266
	AAAAAAAABHPFAAAA	2430	2565
	AAAAAAAABIJBAAAA	1323	1934
	AAAAAAAABKFAAAAA	1672	1998
	AAAAAAAABKMCAAAA	2704	2881
	AAAAAAAABLIFAAAA	1795	1563
	AAAAAAAABNIDAAAA	1860	2585
	AAAAAAAABNKEAAAA	2194	3059
	AAAAAAAABNLAAAAA	2431	3380
	AAAAAAAABNMCAAAA	2202	2008
	AAAAAAAABOCCAAAA	2093	1688
	AAAAAAAACAJCAAAA	2503	2187
	AAAAAAAACAMFAAAA	2936	3504
	AAAAAAAACANCAAAA	1662	2059
	AAAAAAAACBEBAAAA	1702	2378
	AAAAAAAACBNEAAAA	1145	1682
	AAAAAAAACBOAAAAA	2490	2327
	AAAAAAAACCLCAAAA	1871	1996
	AAAAAAAACCPBAAAA	1653	1937
	AAAAAAAACDIEAAAA	2157	2062
	AAAAAAAACDPDAAAA	968	1407
	AAAAAAAACEBGAAAA	1749	2498
	AAAAAAAACEEAAAAA	2434	3292
	AAAAAAAACEIDAAAA	2305	1585
	AAAAAAAACEPFAAAA	2111	1982
	AAAAAAAACFDGAAAA	1894	2178
	AAAAAAAACGFDAAAA	2380	2356
	AAAAAAAACHFAAAAA	1871	2183
	AAAAAAAACHFDAAAA	2131	2760
	AAAAAAAACHHDAAAA	2216	3252
	AAAAAAAACHLDAAAA	2246	2499
	AAAAAAAACIGDAAAA	1439	2094
	AAAAAAAACJBFAAAA	1401	1389
	AAAAAAAACJIEAAAA	1795	2072
	AAAAAAAACJLAAAAA	1408	1291
	AAAAAAAACJNEAAAA	2356	1631
	AAAAAAAACKCAAAAA	1288	1912
	AAAAAAAACKCDAAAA	2101	2387
	AAAAAAAACKCGAAAA	2347	2444
	AAAAAAAACKDFAAAA	2351	2498
	AAAAAAAACKEBAAAA	2008	2495
	AAAAAAAACKFCAAAA	2755	2733
	AAAAAAAACKGFAAAA	2555	2261
	AAAAAAAACKHAAAAA	1849	2440
	AAAAAAAACLGAAAAA	2191	2517
	AAAAAAAACLNFAAAA	2502	2925
	AAAAAAAACMDDAAAA	1098	1618
	AAAAAAAACNGBAAAA	2382	1963
	AAAAAAAACNHDAAAA	1927	1920
	AAAAAAAADCBEAAAA	1673	1930
	AAAAAAAADCPCAAAA	1885	1897
	AAAAAAAADDLFAAAA	2376	2189
	AAAAAAAADDNDAAAA	2769	2611
	AAAAAAAADEAAAAAA	2605	3203
	AAAAAAAADEIEAAAA	2220	1550
	AAAAAAAADEJAAAAA	3336	2328
	AAAAAAAADEJDAAAA	2300	2723
	AAAAAAAADGCCAAAA	1594	2228
	AAAAAAAADGFCAAAA	2177	2423
	AAAAAAAADGGBAAAA	1490	1212
Fetched 100 row(s) in 2.33s
