/opt/cloudera/parcels/CDH-5.13.1-1.cdh5.13.1.p0.2/lib/impala-shell/ext-py/sasl-0.1.1-py2.7-linux-x86_64.egg/_saslwrapper.py:3: UserWarning: Module backports was already imported from None, but /usr/lib/python2.7/site-packages is being added to sys.path
Starting Impala Shell without Kerberos authentication
Error connecting: TTransportException, TSocket read 0 bytes
Kerberos ticket found in the credentials cache, retrying the connection with a secure transport.
Connected to ip-172-31-30-69.ap-southeast-1.compute.internal:21000
Server version: impalad version 2.10.0-cdh5.13.1 RELEASE (build 1e4b23c4eb52dac95c5be6316f49685c41783c51)
Query: use `tpcds_parquet_2`
Query: select i_item_id,
        avg(cs_quantity) agg1,
        avg(cs_list_price) agg2,
        avg(cs_coupon_amt) agg3,
        avg(cs_sales_price) agg4
 from catalog_sales, customer_demographics, date_dim, item, promotion
 where cs_sold_date_sk = d_date_sk and
       cs_item_sk = i_item_sk and
       cs_bill_cdemo_sk = cd_demo_sk and
       cs_promo_sk = p_promo_sk and
       cd_gender = 'M' and
       cd_marital_status = 'D' and
       cd_education_status = 'College' and
       (p_channel_email = 'N' or p_channel_event = 'N') and
       d_year = 2001 and 
       cs_sold_date_sk between 2451910 and 2452276
 group by i_item_id
 order by i_item_id
 limit 100
Query submitted at: 2018-04-19 06:47:47 (Coordinator: http://ip-172-31-30-69.ap-southeast-1.compute.internal:25000)
Query progress can be monitored at: http://ip-172-31-30-69.ap-southeast-1.compute.internal:25000/query_plan?query_id=bd4b50e53bec4b1e:4bf0af3d00000000
AAAAAAAAAABEAAAA	28	17.97	1935.765	62.81
AAAAAAAAAABGAAAA	96	105.09	0	68.3
AAAAAAAAAACAAAAA	28.66666666666667	87.50666666666666	39.98	33.63666666666667
AAAAAAAAAADEAAAA	24	50.93	21.22	25.02
AAAAAAAAAADFAAAA	38	63.58	0	45.14
AAAAAAAAAAEBAAAA	18	98.23	0	65.81
AAAAAAAAAAEDAAAA	61	236.91	0	146.88
AAAAAAAAAAEEAAAA	56	112.77	519.975	18.2
AAAAAAAAAAEGAAAA	21	85.73999999999999	0	12.86
AAAAAAAAAAFFAAAA	14	82.89	0	49.73
AAAAAAAAAAHBAAAA	19	152.99	0	71.90000000000001
AAAAAAAAAAHEAAAA	44	44.07	0	30.84
AAAAAAAAAAICAAAA	68	48.35	0	37.71
AAAAAAAAAAIFAAAA	30	262.17	0	20.97
AAAAAAAAAAKBAAAA	43	31.73	0	12.37
AAAAAAAAAAMCAAAA	67	91.42	0	8.220000000000001
AAAAAAAAAAMEAAAA	86	149.7	0	26.94
AAAAAAAAAANAAAAA	99	78.81	950.87	41.76
AAAAAAAAAAOAAAAA	92	47.98	717.14	31.18
AAAAAAAAAAOCAAAA	98	108.57	0	31.48
AAAAAAAAAAOFAAAA	49	161.35	0	0
AAAAAAAAAAPEAAAA	60	267.86	0	96.42
AAAAAAAAAAPFAAAA	40	16.68	0	6.33
AAAAAAAAABAAAAAA	57	95.71000000000001	0	55.465
AAAAAAAAABAEAAAA	53	102.53	1467.2	102.53
AAAAAAAAABBAAAAA	24	187.06	2046.64	181.44
AAAAAAAAABBFAAAA	30	162.83	0	118.86
AAAAAAAAABCBAAAA	53	132.43	722.22	27.81
AAAAAAAAABCCAAAA	64	129.6133333333333	327.0866666666666	58.61666666666667
AAAAAAAAABCFAAAA	53	65.935	44.515	43.015
AAAAAAAAABDAAAAA	53	151.2	0	31.75
AAAAAAAAABDBAAAA	56.5	60.335	21.895	35.035
AAAAAAAAABECAAAA	56	171.705	329.035	16.59
AAAAAAAAABEFAAAA	77	74.39	0	40.17
AAAAAAAAABEGAAAA	16	90.18000000000001	921.04	68.53
AAAAAAAAABFEAAAA	2	86.97	0	23.48
AAAAAAAAABGAAAAA	52	91.815	0	23.875
AAAAAAAAABGDAAAA	65	199.82	0	195.82
AAAAAAAAABHCAAAA	78	18.1	0	7.05
AAAAAAAAABJAAAAA	57	19.08	0	6.86
AAAAAAAAABJBAAAA	76	72.59	2475.47	47.9
AAAAAAAAABKCAAAA	47	51.50666666666666	89.40333333333332	27.08666666666666
AAAAAAAAABKDAAAA	60	137.22	0	74.09
AAAAAAAAABLBAAAA	99	137.31	0	91.98999999999999
AAAAAAAAABLFAAAA	10	215.76	0	99.23999999999999
AAAAAAAAABMDAAAA	42	162.155	420.18	145.405
AAAAAAAAABMEAAAA	54	209.82	0	0
AAAAAAAAABNFAAAA	20	272.99	0	147.41
AAAAAAAAABOBAAAA	48	63.28	0	55.68
AAAAAAAAABOEAAAA	15	224.88	0	165.21
AAAAAAAAABPBAAAA	60	94.34999999999999	0	77.36
AAAAAAAAABPDAAAA	52	65.68000000000001	0	58.45
AAAAAAAAACBBAAAA	56	172.5	0	41.4
AAAAAAAAACBCAAAA	91	5.69	0	1.99
AAAAAAAAACBEAAAA	61	84.08	0	64.73999999999999
AAAAAAAAACCBAAAA	50	143.1	0	41.49
AAAAAAAAACCEAAAA	90	188.66	8153.2	184.88
AAAAAAAAACCGAAAA	72	56.51	0	45.77
AAAAAAAAACDDAAAA	75.5	174.085	0	68.72
AAAAAAAAACDGAAAA	47.5	68.82000000000001	51.605	12.4
AAAAAAAAACEBAAAA	76	69.98999999999999	0	23.79
AAAAAAAAACECAAAA	23.5	44.66	220.045	14.275
AAAAAAAAACEEAAAA	10	146.32	0	112.66
AAAAAAAAACFEAAAA	12	234.01	0	70.2
AAAAAAAAACFGAAAA	31	84.19	313.17	67.34999999999999
AAAAAAAAACGCAAAA	39	104.52	0	9.4
AAAAAAAAACHBAAAA	13	20.24	0	9.1
AAAAAAAAACHCAAAA	76	205.52	5372.91	164.41
AAAAAAAAACHEAAAA	34	72.54000000000001	0	63.1
AAAAAAAAACHFAAAA	73	145.92	0	91.92
AAAAAAAAACIBAAAA	52.5	46.66	0	16.75
AAAAAAAAACIEAAAA	88	11.07	0	10.51
AAAAAAAAACJAAAAA	49	22.91	92.61	12.6
AAAAAAAAACJCAAAA	11	21.23	0	15.71
AAAAAAAAACKBAAAA	56	78.235	0	51.655
AAAAAAAAACLDAAAA	74	84.45	0	66.56999999999999
AAAAAAAAACLEAAAA	22	240.25	0	187.39
AAAAAAAAACMCAAAA	92	59.68	0	48.34
AAAAAAAAACMDAAAA	57	50.13	0	33.58
AAAAAAAAACNBAAAA	27	6.01	26.73	3.3
AAAAAAAAACNCAAAA	17	91.34999999999999	0	77.64
AAAAAAAAACNEAAAA	16	28.65	0	13.75
AAAAAAAAACNFAAAA	24	95.655	0.105	23.05
AAAAAAAAACPDAAAA	65	94.88	52.37	4.74
AAAAAAAAACPFAAAA	72	27.94	0	5.3
AAAAAAAAADABAAAA	38.5	126.78	0	94.745
AAAAAAAAADAEAAAA	31	136.53	0	103.76
AAAAAAAAADBAAAAA	71	52.88	0	33.84
AAAAAAAAADBBAAAA	40	80.06999999999999	0	76.06
AAAAAAAAADBEAAAA	47	27.99	0	11.19
AAAAAAAAADBGAAAA	38	157.8	0	111.525
AAAAAAAAADCAAAAA	1	6.63	0.79	6.63
AAAAAAAAADDFAAAA	7	5.69	0	1.47
AAAAAAAAADEAAAAA	49	42.88	0	36.44
AAAAAAAAADEBAAAA	53	109.57	0	43.82
AAAAAAAAADFAAAAA	44	95.84	0	77.63
AAAAAAAAADGCAAAA	46.5	70.955	209.055	23.76
AAAAAAAAADGEAAAA	93	13.88	0	9.43
AAAAAAAAADIDAAAA	92	69.09999999999999	4221.18	55.28
AAAAAAAAADJFAAAA	80.5	101.645	0	23.575
Fetched 100 row(s) in 1.32s
