/opt/cloudera/parcels/CDH-5.13.1-1.cdh5.13.1.p0.2/lib/impala-shell/ext-py/sasl-0.1.1-py2.7-linux-x86_64.egg/_saslwrapper.py:3: UserWarning: Module backports was already imported from None, but /usr/lib/python2.7/site-packages is being added to sys.path
Starting Impala Shell without Kerberos authentication
Error connecting: TTransportException, TSocket read 0 bytes
Kerberos ticket found in the credentials cache, retrying the connection with a secure transport.
Connected to ip-172-31-30-69.ap-southeast-1.compute.internal:21000
Server version: impalad version 2.10.0-cdh5.13.1 RELEASE (build 1e4b23c4eb52dac95c5be6316f49685c41783c51)
Query: use `tpcds_parquet_2`
Query: with results as
 (select i_item_id,
        s_state,
        ss_quantity agg1,
        ss_list_price agg2,
        ss_coupon_amt agg3,
        ss_sales_price agg4
        --0 as g_state,
        --avg(ss_quantity) agg1,
        --avg(ss_list_price) agg2,
        --avg(ss_coupon_amt) agg3,
        --avg(ss_sales_price) agg4
 from store_sales, customer_demographics, date_dim, store, item
 where ss_sold_date_sk = d_date_sk and
       ss_sold_date_sk between 2451545 and 2451910 and
       ss_item_sk = i_item_sk and
       ss_store_sk = s_store_sk and
       ss_cdemo_sk = cd_demo_sk and
       cd_gender = 'F' and
       cd_marital_status = 'D' and
       cd_education_status = 'Primary' and
       d_year = 2000 and
       s_state in ('TN','AL', 'SD', 'SD', 'SD', 'SD')
 --group by i_item_id, s_state
 )

 select i_item_id,
  s_state, g_state, agg1, agg2, agg3, agg4
   from (
        select i_item_id, s_state, 0 as g_state, avg(agg1) agg1, avg(agg2) agg2, avg(agg3) agg3, avg(agg4) agg4 from results
        group by i_item_id, s_state
         union all
        select i_item_id, NULL AS s_state, 1 AS g_state, avg(agg1) agg1, avg(agg2) agg2, avg(agg3) agg3,
         avg(agg4) agg4 from results
        group by i_item_id
         union all
        select NULL AS i_item_id, NULL as s_state, 1 as g_state, avg(agg1) agg1, avg(agg2) agg2, avg(agg3) agg3,
         avg(agg4) agg4 from results
        ) foo
  order by i_item_id, s_state
 limit 100
AAAAAAAAAAABAAAA	TN	0	87.33333333333333	63.12333333333333	246.3933333333333	32.36
AAAAAAAAAAABAAAA	NULL	1	87.33333333333333	63.12333333333333	246.3933333333333	32.36
AAAAAAAAAAAEAAAA	TN	0	93	25.86	0	11.89
AAAAAAAAAAAEAAAA	NULL	1	93	25.86	0	11.89
AAAAAAAAAAAFAAAA	TN	0	98	59.84	0	4.78
AAAAAAAAAAAFAAAA	NULL	1	98	59.84	0	4.78
AAAAAAAAAABAAAAA	TN	0	37	68.8125	493.4475	36.9525
AAAAAAAAAABAAAAA	NULL	1	37	68.8125	493.4475	36.9525
AAAAAAAAAABBAAAA	TN	0	11.5	48.465	0	23.04
AAAAAAAAAABBAAAA	NULL	1	11.5	48.465	0	23.04
AAAAAAAAAABDAAAA	TN	0	18	93.56999999999999	0	24.32
AAAAAAAAAABDAAAA	NULL	1	18	93.56999999999999	0	24.32
AAAAAAAAAABEAAAA	TN	0	59	72.45999999999999	0	7.24
AAAAAAAAAABEAAAA	NULL	1	59	72.45999999999999	0	7.24
AAAAAAAAAABGAAAA	TN	0	56	105.66	0	40.15
AAAAAAAAAABGAAAA	NULL	1	56	105.66	0	40.15
AAAAAAAAAACDAAAA	TN	0	53.33333333333334	82.75	0	58.57999999999999
AAAAAAAAAACDAAAA	NULL	1	53.33333333333334	82.75	0	58.57999999999999
AAAAAAAAAACGAAAA	TN	0	98	77.38	0	39.46
AAAAAAAAAACGAAAA	NULL	1	98	77.38	0	39.46
AAAAAAAAAADBAAAA	TN	0	39.66666666666666	73.24666666666667	0	55.00333333333333
AAAAAAAAAADBAAAA	NULL	1	39.66666666666666	73.24666666666667	0	55.00333333333333
AAAAAAAAAADCAAAA	TN	0	70	38.7	0	29.02
AAAAAAAAAADCAAAA	NULL	1	70	38.7	0	29.02
AAAAAAAAAADEAAAA	TN	0	47.33333333333334	68.33666666666666	0	57.74666666666667
AAAAAAAAAADEAAAA	NULL	1	47.33333333333334	68.33666666666666	0	57.74666666666667
AAAAAAAAAAEAAAAA	TN	0	3	21.67	0	6.06
AAAAAAAAAAEAAAAA	NULL	1	3	21.67	0	6.06
AAAAAAAAAAEBAAAA	TN	0	1	114.4	3.04	16.01
AAAAAAAAAAEBAAAA	NULL	1	1	114.4	3.04	16.01
AAAAAAAAAAFAAAAA	TN	0	52	119.54	0	87.26000000000001
AAAAAAAAAAFAAAAA	NULL	1	52	119.54	0	87.26000000000001
AAAAAAAAAAFCAAAA	TN	0	85	54.795	0	45
AAAAAAAAAAFCAAAA	NULL	1	85	54.795	0	45
AAAAAAAAAAFDAAAA	TN	0	46	79.54000000000001	0	79.54000000000001
AAAAAAAAAAFDAAAA	NULL	1	46	79.54000000000001	0	79.54000000000001
AAAAAAAAAAFFAAAA	TN	0	49	79.79499999999999	333.24	50.1725
AAAAAAAAAAFFAAAA	NULL	1	49	79.795	333.24	50.1725
AAAAAAAAAAFGAAAA	TN	0	47	108.735	1086.92	53.52
AAAAAAAAAAFGAAAA	NULL	1	47	108.735	1086.92	53.52
AAAAAAAAAAGCAAAA	TN	0	26	77.17	0	67.13
AAAAAAAAAAGCAAAA	NULL	1	26	77.17	0	67.13
AAAAAAAAAAGEAAAA	TN	0	52.5	43.575	0	13.25
AAAAAAAAAAGEAAAA	NULL	1	52.5	43.575	0	13.25
AAAAAAAAAAGFAAAA	TN	0	9	19.76	0	9.880000000000001
AAAAAAAAAAGFAAAA	NULL	1	9	19.76	0	9.880000000000001
AAAAAAAAAAHAAAAA	TN	0	38.66666666666666	101.5366666666667	340.44	75.07666666666667
AAAAAAAAAAHAAAAA	NULL	1	38.66666666666666	101.5366666666667	340.44	75.07666666666667
AAAAAAAAAAHBAAAA	TN	0	62	14.61	0	4.82
AAAAAAAAAAHBAAAA	NULL	1	62	14.61	0	4.82
AAAAAAAAAAHDAAAA	TN	0	71	190.87	379.21	15.26
AAAAAAAAAAHDAAAA	NULL	1	71	190.87	379.21	15.26
AAAAAAAAAAICAAAA	TN	0	68	84.95999999999999	0	25.455
AAAAAAAAAAICAAAA	NULL	1	68	84.95999999999999	0	25.455
AAAAAAAAAAIDAAAA	TN	0	7	55.07	0	28.63
AAAAAAAAAAIDAAAA	NULL	1	7	55.07	0	28.63
AAAAAAAAAAIFAAAA	TN	0	29.66666666666667	90.69333333333334	10.15333333333333	26.06333333333333
AAAAAAAAAAIFAAAA	NULL	1	29.66666666666667	90.69333333333334	10.15333333333333	26.06333333333333
AAAAAAAAAAJCAAAA	TN	0	3	92.48	0	44.39
AAAAAAAAAAJCAAAA	NULL	1	3	92.48	0	44.39
AAAAAAAAAAKAAAAA	TN	0	39	37.38	28.42	9.75
AAAAAAAAAAKAAAAA	NULL	1	39	37.38	28.42	9.75
AAAAAAAAAAKBAAAA	TN	0	13	76.94	0	63.09
AAAAAAAAAAKBAAAA	NULL	1	13	76.94	0	63.09
AAAAAAAAAAKDAAAA	TN	0	67	13.98	152.41	5.17
AAAAAAAAAAKDAAAA	NULL	1	67	13.98	152.41	5.17
AAAAAAAAAALAAAAA	TN	0	80	83.17	0	80.67
AAAAAAAAAALAAAAA	NULL	1	80	83.17	0	80.67
AAAAAAAAAALCAAAA	TN	0	47	155.89	0	74.81999999999999
AAAAAAAAAALCAAAA	NULL	1	47	155.89	0	74.81999999999999
AAAAAAAAAALDAAAA	TN	0	39.5	102.165	0	36.075
AAAAAAAAAALDAAAA	NULL	1	39.5	102.165	0	36.075
AAAAAAAAAALFAAAA	TN	0	97	54.52	0	27.8
AAAAAAAAAALFAAAA	NULL	1	97	54.52	0	27.8
AAAAAAAAAAMBAAAA	TN	0	78	44.98	0	3.59
AAAAAAAAAAMBAAAA	NULL	1	78	44.98	0	3.59
AAAAAAAAAAMCAAAA	TN	0	46.5	34.655	0	2.2
AAAAAAAAAAMCAAAA	NULL	1	46.5	34.655	0	2.2
AAAAAAAAAAMEAAAA	TN	0	34	114.97	0	49.43
AAAAAAAAAAMEAAAA	NULL	1	34	114.97	0	49.43
AAAAAAAAAANAAAAA	TN	0	7	127.86	0	56.25
AAAAAAAAAANAAAAA	NULL	1	7	127.86	0	56.25
AAAAAAAAAANBAAAA	TN	0	46.33333333333334	79.55333333333333	0	20.97333333333333
AAAAAAAAAANBAAAA	NULL	1	46.33333333333334	79.55333333333333	0	20.97333333333333
AAAAAAAAAANDAAAA	TN	0	90	82.54000000000001	0	28.88
AAAAAAAAAANDAAAA	NULL	1	90	82.54000000000001	0	28.88
AAAAAAAAAANEAAAA	TN	0	58	14.36	0	3.87
AAAAAAAAAANEAAAA	NULL	1	58	14.36	0	3.87
AAAAAAAAAAOAAAAA	TN	0	21.33333333333333	82.14666666666666	0	25.92666666666667
AAAAAAAAAAOAAAAA	NULL	1	21.33333333333333	82.14666666666666	0	25.92666666666667
AAAAAAAAAAOCAAAA	TN	0	64	27.24	0	9.529999999999999
AAAAAAAAAAOCAAAA	NULL	1	64	27.24	0	9.529999999999999
AAAAAAAAAAODAAAA	TN	0	40	127.08	0	24.14
AAAAAAAAAAODAAAA	NULL	1	40	127.08	0	24.14
AAAAAAAAAAOFAAAA	TN	0	53.33333333333334	59.95000000000001	195.9033333333333	38.23666666666666
AAAAAAAAAAOFAAAA	NULL	1	53.33333333333334	59.95000000000001	195.9033333333333	38.23666666666666
AAAAAAAAAAPEAAAA	TN	0	83	47.59	0	24.27
AAAAAAAAAAPEAAAA	NULL	1	83	47.59	0	24.27
AAAAAAAAABABAAAA	TN	0	41.5	82.88500000000001	0	17.8175
AAAAAAAAABABAAAA	NULL	1	41.5	82.88500000000001	0	17.8175
Fetched 100 row(s) in 3.90s
