/opt/cloudera/parcels/CDH-5.13.1-1.cdh5.13.1.p0.2/lib/impala-shell/ext-py/sasl-0.1.1-py2.7-linux-x86_64.egg/_saslwrapper.py:3: UserWarning: Module backports was already imported from None, but /usr/lib/python2.7/site-packages is being added to sys.path
Starting Impala Shell without Kerberos authentication
Error connecting: TTransportException, TSocket read 0 bytes
Kerberos ticket found in the credentials cache, retrying the connection with a secure transport.
Connected to ip-172-31-30-69.ap-southeast-1.compute.internal:21000
Server version: impalad version 2.10.0-cdh5.13.1 RELEASE (build 1e4b23c4eb52dac95c5be6316f49685c41783c51)
Query: use `tpcds_parquet_2`
Query: select sum(cs_ext_discount_amt)  as excess_discount_amount 
from 
   catalog_sales 
   ,item 
   ,date_dim
where
i_manufact_id = 577
and i_item_sk = cs_item_sk 
and d_date between '1998-03-18' and 
        (cast('1998-03-18' as timestamp) + interval 90 days)
and d_date_sk = cs_sold_date_sk 
and cs_sold_date_sk  between 2450891 and 2450981
and cs_ext_discount_amt  
     > ( 
         select 
            1.3 * avg(cs_ext_discount_amt) 
         from 
            catalog_sales 
           ,date_dim
         where 
              cs_item_sk = i_item_sk 
          and d_date between '1998-03-18' and
                             (cast('1998-03-18' as timestamp) + interval 90 days)
          and d_date_sk = cs_sold_date_sk 
	  and cs_sold_date_sk  between 2450891 and 2450981
      ) 
limit 100
Query submitted at: 2018-04-19 06:48:11 (Coordinator: http://ip-172-31-30-69.ap-southeast-1.compute.internal:25000)
Query progress can be monitored at: http://ip-172-31-30-69.ap-southeast-1.compute.internal:25000/query_plan?query_id=be4cdd75daeaffa9:808aaf4300000000
74505.41
Fetched 1 row(s) in 1.25s
