/opt/cloudera/parcels/CDH-5.13.1-1.cdh5.13.1.p0.2/lib/impala-shell/ext-py/sasl-0.1.1-py2.7-linux-x86_64.egg/_saslwrapper.py:3: UserWarning: Module backports was already imported from None, but /usr/lib/python2.7/site-packages is being added to sys.path
Starting Impala Shell without Kerberos authentication
Error connecting: TTransportException, TSocket read 0 bytes
Kerberos ticket found in the credentials cache, retrying the connection with a secure transport.
Connected to ip-172-31-30-69.ap-southeast-1.compute.internal:21000
Server version: impalad version 2.10.0-cdh5.13.1 RELEASE (build 1e4b23c4eb52dac95c5be6316f49685c41783c51)
Query: use `tpcds_parquet_2`
Query: select i_item_id
       ,i_item_desc
       ,i_current_price
 from 
 	item, inventory, date_dim, catalog_sales
 where 
	 i_current_price between 19 and 19 + 30
	 and inv_item_sk = i_item_sk
	 and d_date_sk=inv_date_sk
	 and d_date between cast('2000-03-27' as timestamp) and (cast('2000-03-27' as timestamp) +  interval 60 days)
	 and i_manufact_id in (874,844,819,868)
	 and inv_quantity_on_hand between 100 and 500
	 and cs_item_sk = i_item_sk
 group by i_item_id,i_item_desc,i_current_price
 order by i_item_id
 limit 100
Query submitted at: 2018-04-19 06:48:34 (Coordinator: http://ip-172-31-30-69.ap-southeast-1.compute.internal:25000)
Query progress can be monitored at: http://ip-172-31-30-69.ap-southeast-1.compute.internal:25000/query_plan?query_id=b749554f6fb4e04f:57e1d09f00000000
Fetched 0 row(s) in 2.02s
