/opt/cloudera/parcels/CDH-5.13.1-1.cdh5.13.1.p0.2/lib/impala-shell/ext-py/sasl-0.1.1-py2.7-linux-x86_64.egg/_saslwrapper.py:3: UserWarning: Module backports was already imported from None, but /usr/lib/python2.7/site-packages is being added to sys.path
Starting Impala Shell without Kerberos authentication
Error connecting: TTransportException, TSocket read 0 bytes
Kerberos ticket found in the credentials cache, retrying the connection with a secure transport.
Connected to ip-172-31-30-69.ap-southeast-1.compute.internal:21000
Server version: impalad version 2.10.0-cdh5.13.1 RELEASE (build 1e4b23c4eb52dac95c5be6316f49685c41783c51)
Query: use `tpcds_parquet_2`
Query: select w_state
  ,i_item_id
  ,sum(case when (cast(d_date as timestamp) < cast ('2000-03-28' as timestamp))
                then cs_sales_price - coalesce(cr_refunded_cash,0) else 0 end) as sales_before
  ,sum(case when (cast(d_date as timestamp) >= cast ('2000-03-28' as timestamp))
                then cs_sales_price - coalesce(cr_refunded_cash,0) else 0 end) as sales_after
 from
   catalog_sales left outer join catalog_returns on
       (cs_order_number = cr_order_number
        and cs_item_sk = cr_item_sk)
  ,warehouse
  ,item
  ,date_dim
 where
     i_current_price between 0.99 and 1.49
 and i_item_sk          = cs_item_sk
 and cs_warehouse_sk    = w_warehouse_sk
 and cs_sold_date_sk    = d_date_sk
 and cs_sold_date_sk between 2451602 and 2451662
 and d_date between (cast ('2000-03-28' as timestamp) - interval 30 days)
                and (cast ('2000-03-28' as timestamp) + interval 30 days)
 group by
    w_state,i_item_id
 order by w_state,i_item_id
 limit 100
Query submitted at: 2018-04-19 06:48:59 (Coordinator: http://ip-172-31-30-69.ap-southeast-1.compute.internal:25000)
Query progress can be monitored at: http://ip-172-31-30-69.ap-southeast-1.compute.internal:25000/query_plan?query_id=29493972d1c04153:8e09e89800000000
TN	AAAAAAAAAABDAAAA	23.91	222.75
TN	AAAAAAAAAACDAAAA	10.2	150.03
TN	AAAAAAAAAAEGAAAA	177.5	199.11
TN	AAAAAAAAAAHDAAAA	170.81	76.07000000000001
TN	AAAAAAAAAAIFAAAA	-75.40000000000001	121.39
TN	AAAAAAAAAALAAAAA	5.77	-55.35
TN	AAAAAAAAABAGAAAA	265.45	0
TN	AAAAAAAAABBDAAAA	307.14	242.27
TN	AAAAAAAAABCFAAAA	-3347.85	0
TN	AAAAAAAAABDAAAAA	0	-18.45
TN	AAAAAAAAABLFAAAA	0	70.5
TN	AAAAAAAAABPEAAAA	29.06	154.22
TN	AAAAAAAAACGCAAAA	205.01	72.65000000000001
TN	AAAAAAAAACHCAAAA	0	-1021.53
TN	AAAAAAAAACKCAAAA	28.32	-1274.92
TN	AAAAAAAAACLDAAAA	63.54000000000001	-443.71
TN	AAAAAAAAACOBAAAA	-128.46	-2351.240000000001
TN	AAAAAAAAACPDAAAA	223.14	62.29
TN	AAAAAAAAADAFAAAA	-3029.09	20.34
TN	AAAAAAAAADGBAAAA	437.06	80.78999999999999
TN	AAAAAAAAADJFAAAA	65.50999999999999	370.61
TN	AAAAAAAAADKBAAAA	134.22	142.88
TN	AAAAAAAAAEADAAAA	420	143.47
TN	AAAAAAAAAEEFAAAA	-75.42999999999999	144.88
TN	AAAAAAAAAEOCAAAA	210.37	3.3
TN	AAAAAAAAAFACAAAA	108.24	28.49
TN	AAAAAAAAAFADAAAA	97.47999999999999	21.98
TN	AAAAAAAAAFDCAAAA	0	123.17
TN	AAAAAAAAAFKEAAAA	-3697.81	284.14
TN	AAAAAAAAAFNFAAAA	70.69999999999999	89.42
TN	AAAAAAAAAGIDAAAA	199.97	36.4
TN	AAAAAAAAAHDEAAAA	130.73	561.38
TN	AAAAAAAAAHEFAAAA	-672.3199999999999	0
TN	AAAAAAAAAHHAAAAA	128.53	131.47
TN	AAAAAAAAAHJBAAAA	32.83	37.29
TN	AAAAAAAAAHNFAAAA	212.59	119.56
TN	AAAAAAAAAIAFAAAA	12.3	156.17
TN	AAAAAAAAAIECAAAA	78.97	0
TN	AAAAAAAAAIEEAAAA	116.72	48.67
TN	AAAAAAAAAIMCAAAA	275.21	54.48
TN	AAAAAAAAAIOEAAAA	0	44.69
TN	AAAAAAAAAJACAAAA	36.01	144.31
TN	AAAAAAAAAJCAAAAA	44.98	-1802.03
TN	AAAAAAAAAJCFAAAA	14.34	94.95
TN	AAAAAAAAAJKBAAAA	-291.26	32.65
TN	AAAAAAAAAJLFAAAA	78.97	76.15000000000001
TN	AAAAAAAAAJNEAAAA	96	3.5
TN	AAAAAAAAAKIEAAAA	0	184.04
TN	AAAAAAAAALBEAAAA	145.07	0
TN	AAAAAAAAALCEAAAA	38.18	95.58
TN	AAAAAAAAALECAAAA	0	-1079.83
TN	AAAAAAAAALHFAAAA	182.64	135.04
TN	AAAAAAAAALNBAAAA	272.8	71.63000000000001
TN	AAAAAAAAAMBEAAAA	0	10.05
TN	AAAAAAAAAMBGAAAA	211.11	69.18000000000001
TN	AAAAAAAAAMPBAAAA	107.77	36.54
TN	AAAAAAAAANCFAAAA	16.31	144.86
TN	AAAAAAAAANEGAAAA	0	6.77
TN	AAAAAAAAANFEAAAA	33.02	20.21
TN	AAAAAAAAANLFAAAA	95.80000000000001	24.57
TN	AAAAAAAAAOAGAAAA	36.92	0
TN	AAAAAAAAAOBBAAAA	11.46	35.25
TN	AAAAAAAAAOIBAAAA	8.289999999999999	0
TN	AAAAAAAAAOKEAAAA	35.59	0
TN	AAAAAAAAAOLEAAAA	93.34	38.05999999999999
TN	AAAAAAAAAPBAAAAA	58.37	-126.56
TN	AAAAAAAAAPFFAAAA	-1840.51	123.58
TN	AAAAAAAAAPJBAAAA	168.08	42.88
TN	AAAAAAAAAPLAAAAA	162.35	0.49
TN	AAAAAAAAAPLDAAAA	54.2	142.95
TN	AAAAAAAABAPDAAAA	2.48	29.85
TN	AAAAAAAABBDFAAAA	135.74	0
TN	AAAAAAAABBIDAAAA	189.9	208.28
TN	AAAAAAAABDCEAAAA	136.63	151.9
TN	AAAAAAAABDDDAAAA	95.78999999999999	-909.8700000000002
TN	AAAAAAAABDIEAAAA	0	-711.1799999999999
TN	AAAAAAAABEFDAAAA	17.98	154.78
TN	AAAAAAAABEHEAAAA	188.59	64.78999999999999
TN	AAAAAAAABFCCAAAA	65.5	47.92
TN	AAAAAAAABFEGAAAA	0	49.94
TN	AAAAAAAABFGEAAAA	95.06999999999999	-454.57
TN	AAAAAAAABFMBAAAA	233.06	76.48
TN	AAAAAAAABFNAAAAA	35.37	1.22
TN	AAAAAAAABFOCAAAA	40.39	73.41
TN	AAAAAAAABHNEAAAA	-1910.93	71.97
TN	AAAAAAAABHPCAAAA	147.07	123.37
TN	AAAAAAAABHPFAAAA	92.45	-74.56
TN	AAAAAAAABIDBAAAA	204.77	-59.06000000000001
TN	AAAAAAAABIGBAAAA	55.22	151.51
TN	AAAAAAAABIJBAAAA	21.56	169.82
TN	AAAAAAAABJFEAAAA	233.75	360.84
TN	AAAAAAAABKFAAAAA	38.89	134.94
TN	AAAAAAAABKMCAAAA	25.02	51.52
TN	AAAAAAAABLDEAAAA	236.75	132.21
TN	AAAAAAAABLIFAAAA	0.8100000000000001	-626.0700000000001
TN	AAAAAAAABNHBAAAA	118.2	-1677.89
TN	AAAAAAAABNIDAAAA	32.75	11.48
TN	AAAAAAAABNKEAAAA	73.73999999999999	-2828.17
TN	AAAAAAAABNLAAAAA	-259.15	104.61
TN	AAAAAAAABNLDAAAA	97.05000000000001	-5293.17
Fetched 100 row(s) in 2.20s
