/opt/cloudera/parcels/CDH-5.13.1-1.cdh5.13.1.p0.2/lib/impala-shell/ext-py/sasl-0.1.1-py2.7-linux-x86_64.egg/_saslwrapper.py:3: UserWarning: Module backports was already imported from None, but /usr/lib/python2.7/site-packages is being added to sys.path
Starting Impala Shell without Kerberos authentication
Error connecting: TTransportException, TSocket read 0 bytes
Kerberos ticket found in the credentials cache, retrying the connection with a secure transport.
Connected to ip-172-31-30-69.ap-southeast-1.compute.internal:21000
Server version: impalad version 2.10.0-cdh5.13.1 RELEASE (build 1e4b23c4eb52dac95c5be6316f49685c41783c51)
Query: use `tpcds_parquet_2`
Query: select 'web' as channel
 ,web.item
 ,web.return_ratio
 ,web.return_rank
 ,web.currency_rank
 from (
 	select 
 	 item
 	,return_ratio
 	,currency_ratio
 	,rank() over (order by return_ratio) as return_rank
 	,rank() over (order by currency_ratio) as currency_rank
 	from
 	(	select ws.ws_item_sk as item
 		,(cast(sum(coalesce(wr.wr_return_quantity,0)) as decimal(15,4))/
 		cast(sum(coalesce(ws.ws_quantity,0)) as decimal(15,4) )) as return_ratio
 		,(cast(sum(coalesce(wr.wr_return_amt,0)) as decimal(15,4))/
 		cast(sum(coalesce(ws.ws_net_paid,0)) as decimal(15,4) )) as currency_ratio
 		from 
 		 web_sales ws left outer join web_returns wr 
 			on (ws.ws_order_number = wr.wr_order_number and 
 			ws.ws_item_sk = wr.wr_item_sk)
                 ,date_dim
 		where 
 			wr.wr_return_amt > 10000 
 			and ws.ws_net_profit > 1
                         and ws.ws_net_paid > 0
                         and ws.ws_quantity > 0
                         and ws_sold_date_sk = d_date_sk
                         and ws_sold_date_sk between 2452245 and 2452275
                         and d_year = 2001
                         and d_moy = 12
 		group by ws.ws_item_sk
 	) in_web
 ) web
 where 
 (
 web.return_rank <= 10
 or
 web.currency_rank <= 10
 )
 union
 select 
 'catalog' as channel
 ,catalog.item
 ,catalog.return_ratio
 ,catalog.return_rank
 ,catalog.currency_rank
 from (
 	select 
 	 item
 	,return_ratio
 	,currency_ratio
 	,rank() over (order by return_ratio) as return_rank
 	,rank() over (order by currency_ratio) as currency_rank
 	from
 	(	select 
 		cs.cs_item_sk as item
 		,(cast(sum(coalesce(cr.cr_return_quantity,0)) as decimal(15,4))/
 		cast(sum(coalesce(cs.cs_quantity,0)) as decimal(15,4) )) as return_ratio
 		,(cast(sum(coalesce(cr.cr_return_amount,0)) as decimal(15,4))/
 		cast(sum(coalesce(cs.cs_net_paid,0)) as decimal(15,4) )) as currency_ratio
 		from 
 		catalog_sales cs left outer join catalog_returns cr
 			on (cs.cs_order_number = cr.cr_order_number and 
 			cs.cs_item_sk = cr.cr_item_sk)
                ,date_dim
 		where 
 			cr.cr_return_amount > 10000 
 			and cs.cs_net_profit > 1
                         and cs.cs_net_paid > 0
                         and cs.cs_quantity > 0
                         and cs_sold_date_sk = d_date_sk
                         and cs_sold_date_sk between 2452245 and 2452275
                         and d_year = 2001
                         and d_moy = 12
                 group by cs.cs_item_sk
 	) in_cat
 ) catalog
 where 
 (
 catalog.return_rank <= 10
 or
 catalog.currency_rank <=10
 )
 union
 select 
 'store' as channel
 ,store.item
 ,store.return_ratio
 ,store.return_rank
 ,store.currency_rank
 from (
 	select 
 	 item
 	,return_ratio
 	,currency_ratio
 	,rank() over (order by return_ratio) as return_rank
 	,rank() over (order by currency_ratio) as currency_rank
 	from
 	(	select sts.ss_item_sk as item
 		,(cast(sum(coalesce(sr.sr_return_quantity,0)) as decimal(15,4))/cast(sum(coalesce(sts.ss_quantity,0)) as decimal(15,4) )) as return_ratio
 		,(cast(sum(coalesce(sr.sr_return_amt,0)) as decimal(15,4))/cast(sum(coalesce(sts.ss_net_paid,0)) as decimal(15,4) )) as currency_ratio
 		from 
 		store_sales sts left outer join store_returns sr
 			on (sts.ss_ticket_number = sr.sr_ticket_number and sts.ss_item_sk = sr.sr_item_sk)
                ,date_dim
 		where 
 			sr.sr_return_amt > 10000 
 			and sts.ss_net_profit > 1
                         and sts.ss_net_paid > 0 
                         and sts.ss_quantity > 0
                         and ss_sold_date_sk = d_date_sk
			 and ss_sold_date_sk between 2452245 and 2452275
                         and d_year = 2001
                         and d_moy = 12
 		group by sts.ss_item_sk
 	) in_store
 ) store
 where  (
 store.return_rank <= 10
 or 
 store.currency_rank <= 10
 )
 order by 1,4,5
 limit 100
Query submitted at: 2018-04-19 06:49:26 (Coordinator: http://ip-172-31-30-69.ap-southeast-1.compute.internal:25000)
Query progress can be monitored at: http://ip-172-31-30-69.ap-southeast-1.compute.internal:25000/query_plan?query_id=d54a28b14455fdc4:139fb38300000000
catalog	8123	0.55294117647058823529	2	2
catalog	14039	0.62626262626262626262	5	36
web	23915	0.66197183098591549295	6	6
web	4351	0.71717171717171717171	9	9
catalog	23737	0.67741935483870967741	6	5
catalog	23795	0.68604651162790697674	8	7
catalog	21519	0.68041237113402061855	7	6
catalog	19741	0.61000000000000000000	3	3
store	2403	0.77500000000000000000	2	2
web	22151	0.62650602409638554216	4	4
store	22351	0.78888888888888888888	3	3
web	2637	0.59756097560975609756	3	3
store	5249	0.81632653061224489795	7	7
store	20091	0.80000000000000000000	4	4
catalog	21787	0.72093023255813953488	11	10
store	889	0.82417582417582417582	8	8
web	5153	0.69863013698630136986	8	8
web	8051	0.67741935483870967741	7	7
store	1419	0.80208333333333333333	5	5
catalog	16665	0.54444444444444444444	1	1
store	2733	0.82653061224489795918	9	9
web	15403	0.64516129032258064516	5	5
web	10735	0.73750000000000000000	10	32
store	105	0.64948453608247422680	1	1
web	11163	0.59000000000000000000	2	2
catalog	24815	0.69662921348314606741	10	9
web	4985	0.76744186046511627906	11	10
catalog	23181	0.69473684210526315789	9	8
store	19987	0.81609195402298850574	6	6
store	20549	0.82795698924731182795	10	10
web	13255	0.58620689655172413793	1	1
catalog	8469	0.61052631578947368421	4	4
Fetched 32 row(s) in 5.27s
