/opt/cloudera/parcels/CDH-5.13.1-1.cdh5.13.1.p0.2/lib/impala-shell/ext-py/sasl-0.1.1-py2.7-linux-x86_64.egg/_saslwrapper.py:3: UserWarning: Module backports was already imported from None, but /usr/lib/python2.7/site-packages is being added to sys.path
Starting Impala Shell without Kerberos authentication
Error connecting: TTransportException, TSocket read 0 bytes
Kerberos ticket found in the credentials cache, retrying the connection with a secure transport.
Connected to ip-172-31-30-69.ap-southeast-1.compute.internal:21000
Server version: impalad version 2.10.0-cdh5.13.1 RELEASE (build 1e4b23c4eb52dac95c5be6316f49685c41783c51)
Query: use `tpcds_parquet_2`
Query: with ss_items as
 (select i_item_id item_id
        ,sum(ss_ext_sales_price) ss_item_rev 
 from store_sales
     ,item
     ,date_dim
 where ss_item_sk = i_item_sk
   and d_date in (select d_date
                  from date_dim
                  where d_week_seq = (select d_week_seq 
                                      from date_dim
                                      where d_date = '2001-06-13' limit 1))
   and ss_sold_date_sk   = d_date_sk
   and ss_sold_date_sk between 2452073 and 2452079
 group by i_item_id),
 cs_items as
 (select i_item_id item_id
        ,sum(cs_ext_sales_price) cs_item_rev
  from catalog_sales
      ,item
      ,date_dim
 where cs_item_sk = i_item_sk
  and  d_date in (select d_date
                  from date_dim
                  where d_week_seq = (select d_week_seq 
                                      from date_dim
                                      where d_date = '2001-06-13' limit 1))
  and  cs_sold_date_sk = d_date_sk
  and  cs_sold_date_sk between 2452073 and 2452079
 group by i_item_id),
 ws_items as
 (select i_item_id item_id
        ,sum(ws_ext_sales_price) ws_item_rev
  from web_sales
      ,item
      ,date_dim
 where ws_item_sk = i_item_sk
  and  d_date in (select d_date
                  from date_dim
                  where d_week_seq =(select d_week_seq 
                                     from date_dim
                                     where d_date = '2001-06-13' limit 1))
  and ws_sold_date_sk   = d_date_sk
  and ws_sold_date_sk   between 2452073 and 2452079
 group by i_item_id)
  select  ss_items.item_id
       ,ss_item_rev
       ,ss_item_rev/(ss_item_rev+cs_item_rev+ws_item_rev)/3 * 100 ss_dev
       ,cs_item_rev
       ,cs_item_rev/(ss_item_rev+cs_item_rev+ws_item_rev)/3 * 100 cs_dev
       ,ws_item_rev
       ,ws_item_rev/(ss_item_rev+cs_item_rev+ws_item_rev)/3 * 100 ws_dev
       ,(ss_item_rev+cs_item_rev+ws_item_rev)/3 average
 from ss_items,cs_items,ws_items
 where ss_items.item_id=cs_items.item_id
   and ss_items.item_id=ws_items.item_id 
   and ss_item_rev between 0.9 * cs_item_rev and 1.1 * cs_item_rev
   and ss_item_rev between 0.9 * ws_item_rev and 1.1 * ws_item_rev
   and cs_item_rev between 0.9 * ss_item_rev and 1.1 * ss_item_rev
   and cs_item_rev between 0.9 * ws_item_rev and 1.1 * ws_item_rev
   and ws_item_rev between 0.9 * ss_item_rev and 1.1 * ss_item_rev
   and ws_item_rev between 0.9 * cs_item_rev and 1.1 * cs_item_rev
 order by item_id
         ,ss_item_rev
 limit 100
AAAAAAAACJODAAAA	832.26	11.59501458676408	787.84	10.97615684045396	772.48	10.7621619061153	797.5266666666666
AAAAAAAAHCNDAAAA	3003.3	10.81256811183464	3199.2	11.51785299616468	3056.17	11.00291222533402	3086.223333333333
Fetched 2 row(s) in 3.95s
