/opt/cloudera/parcels/CDH-5.13.1-1.cdh5.13.1.p0.2/lib/impala-shell/ext-py/sasl-0.1.1-py2.7-linux-x86_64.egg/_saslwrapper.py:3: UserWarning: Module backports was already imported from None, but /usr/lib/python2.7/site-packages is being added to sys.path
Starting Impala Shell without Kerberos authentication
Error connecting: TTransportException, TSocket read 0 bytes
Kerberos ticket found in the credentials cache, retrying the connection with a secure transport.
Connected to ip-172-31-30-69.ap-southeast-1.compute.internal:21000
Server version: impalad version 2.10.0-cdh5.13.1 RELEASE (build 1e4b23c4eb52dac95c5be6316f49685c41783c51)
Query: use `tpcds_parquet_2`
Query: with wss as
  (select
    d_week_seq,
    ss_store_sk,
    sum(case when (d_day_name = 'Sunday') then ss_sales_price else null end) sun_sales,
    sum(case when (d_day_name = 'Monday') then ss_sales_price else null end) mon_sales,
    sum(case when (d_day_name = 'Tuesday') then ss_sales_price else null end) tue_sales,
    sum(case when (d_day_name = 'Wednesday') then ss_sales_price else null end) wed_sales,
    sum(case when (d_day_name = 'Thursday') then ss_sales_price else null end) thu_sales,
    sum(case when (d_day_name = 'Friday') then ss_sales_price else null end) fri_sales,
    sum(case when (d_day_name = 'Saturday') then ss_sales_price else null end) sat_sales
  from
    store_sales,
    date_dim
  where
    d_date_sk = ss_sold_date_sk
  group by
    d_week_seq,
    ss_store_sk
  )
select
  s_store_name1,
  s_store_id1,
  d_week_seq1,
  sun_sales1 / sun_sales2,
  mon_sales1 / mon_sales2,
  tue_sales1 / tue_sales1,
  wed_sales1 / wed_sales2,
  thu_sales1 / thu_sales2,
  fri_sales1 / fri_sales2,
  sat_sales1 / sat_sales2
from
  (select
    s_store_name s_store_name1,
    wss.d_week_seq d_week_seq1,
    s_store_id s_store_id1,
    sun_sales sun_sales1,
    mon_sales mon_sales1,
    tue_sales tue_sales1,
    wed_sales wed_sales1,
    thu_sales thu_sales1,
    fri_sales fri_sales1,
    sat_sales sat_sales1
  from
    wss,
    store,
    date_dim d
  where
    d.d_week_seq = wss.d_week_seq
    and ss_store_sk = s_store_sk
    and d_month_seq between 1185 and 1185 + 11
  ) y,
  (select
    s_store_name s_store_name2,
    wss.d_week_seq d_week_seq2,
    s_store_id s_store_id2,
    sun_sales sun_sales2,
    mon_sales mon_sales2,
    tue_sales tue_sales2,
    wed_sales wed_sales2,
    thu_sales thu_sales2,
    fri_sales fri_sales2,
    sat_sales sat_sales2
  from
    wss,
    store,
    date_dim d
  where
    d.d_week_seq = wss.d_week_seq
    and ss_store_sk = s_store_sk
    and d_month_seq between 1185 + 12 and 1185 + 23
  ) x
where
  s_store_id1 = s_store_id2
  and d_week_seq1 = d_week_seq2 - 52
order by
  s_store_name1,
  s_store_id1,
  d_week_seq1
limit 100
able	AAAAAAAACAAAAAAA	5153	0.7844241970652588	1.198032970877183	1	0.9509542536604537	0.8403795192154939	1.035038757783829	1.646487801754499
able	AAAAAAAACAAAAAAA	5153	0.7844241970652588	1.198032970877183	1	0.9509542536604537	0.8403795192154939	1.035038757783829	1.646487801754499
able	AAAAAAAACAAAAAAA	5153	0.7844241970652588	1.198032970877183	1	0.9509542536604537	0.8403795192154939	1.035038757783829	1.646487801754499
able	AAAAAAAACAAAAAAA	5153	0.7844241970652588	1.198032970877183	1	0.9509542536604537	0.8403795192154939	1.035038757783829	1.646487801754499
able	AAAAAAAACAAAAAAA	5153	0.7844241970652588	1.198032970877183	1	0.9509542536604537	0.8403795192154939	1.035038757783829	1.646487801754499
able	AAAAAAAACAAAAAAA	5153	0.7844241970652588	1.198032970877183	1	0.9509542536604537	0.8403795192154939	1.035038757783829	1.646487801754499
able	AAAAAAAACAAAAAAA	5153	0.7844241970652588	1.198032970877183	1	0.9509542536604537	0.8403795192154939	1.035038757783829	1.646487801754499
able	AAAAAAAACAAAAAAA	5153	0.7844241970652588	1.198032970877183	1	0.9509542536604537	0.8403795192154939	1.035038757783829	1.646487801754499
able	AAAAAAAACAAAAAAA	5153	0.7844241970652588	1.198032970877183	1	0.9509542536604537	0.8403795192154939	1.035038757783829	1.646487801754499
able	AAAAAAAACAAAAAAA	5153	0.7844241970652588	1.198032970877183	1	0.9509542536604537	0.8403795192154939	1.035038757783829	1.646487801754499
able	AAAAAAAACAAAAAAA	5153	0.7844241970652588	1.198032970877183	1	0.9509542536604537	0.8403795192154939	1.035038757783829	1.646487801754499
able	AAAAAAAACAAAAAAA	5153	0.7844241970652588	1.198032970877183	1	0.9509542536604537	0.8403795192154939	1.035038757783829	1.646487801754499
able	AAAAAAAACAAAAAAA	5153	0.7844241970652588	1.198032970877183	1	0.9509542536604537	0.8403795192154939	1.035038757783829	1.646487801754499
able	AAAAAAAACAAAAAAA	5153	0.7844241970652588	1.198032970877183	1	0.9509542536604537	0.8403795192154939	1.035038757783829	1.646487801754499
able	AAAAAAAACAAAAAAA	5153	0.7844241970652588	1.198032970877183	1	0.9509542536604537	0.8403795192154939	1.035038757783829	1.646487801754499
able	AAAAAAAACAAAAAAA	5153	0.7844241970652588	1.198032970877183	1	0.9509542536604537	0.8403795192154939	1.035038757783829	1.646487801754499
able	AAAAAAAACAAAAAAA	5153	0.7844241970652588	1.198032970877183	1	0.9509542536604537	0.8403795192154939	1.035038757783829	1.646487801754499
able	AAAAAAAACAAAAAAA	5153	0.7844241970652588	1.198032970877183	1	0.9509542536604537	0.8403795192154939	1.035038757783829	1.646487801754499
able	AAAAAAAACAAAAAAA	5153	0.7844241970652588	1.198032970877183	1	0.9509542536604537	0.8403795192154939	1.035038757783829	1.646487801754499
able	AAAAAAAACAAAAAAA	5153	0.7844241970652588	1.198032970877183	1	0.9509542536604537	0.8403795192154939	1.035038757783829	1.646487801754499
able	AAAAAAAACAAAAAAA	5154	1.075816168854198	1.164564171345245	1	1.564881201317917	0.8001221437804146	0.8812060711451968	1.737130758120087
able	AAAAAAAACAAAAAAA	5154	1.075816168854198	1.164564171345245	1	1.564881201317917	0.8001221437804146	0.8812060711451968	1.737130758120087
able	AAAAAAAACAAAAAAA	5154	1.075816168854198	1.164564171345245	1	1.564881201317917	0.8001221437804146	0.8812060711451968	1.737130758120087
able	AAAAAAAACAAAAAAA	5154	1.075816168854198	1.164564171345245	1	1.564881201317917	0.8001221437804146	0.8812060711451968	1.737130758120087
able	AAAAAAAACAAAAAAA	5154	1.075816168854198	1.164564171345245	1	1.564881201317917	0.8001221437804146	0.8812060711451968	1.737130758120087
able	AAAAAAAACAAAAAAA	5154	1.075816168854198	1.164564171345245	1	1.564881201317917	0.8001221437804146	0.8812060711451968	1.737130758120087
able	AAAAAAAACAAAAAAA	5154	1.075816168854198	1.164564171345245	1	1.564881201317917	0.8001221437804146	0.8812060711451968	1.737130758120087
able	AAAAAAAACAAAAAAA	5154	1.075816168854198	1.164564171345245	1	1.564881201317917	0.8001221437804146	0.8812060711451968	1.737130758120087
able	AAAAAAAACAAAAAAA	5154	1.075816168854198	1.164564171345245	1	1.564881201317917	0.8001221437804146	0.8812060711451968	1.737130758120087
able	AAAAAAAACAAAAAAA	5154	1.075816168854198	1.164564171345245	1	1.564881201317917	0.8001221437804146	0.8812060711451968	1.737130758120087
able	AAAAAAAACAAAAAAA	5154	1.075816168854198	1.164564171345245	1	1.564881201317917	0.8001221437804146	0.8812060711451968	1.737130758120087
able	AAAAAAAACAAAAAAA	5154	1.075816168854198	1.164564171345245	1	1.564881201317917	0.8001221437804146	0.8812060711451968	1.737130758120087
able	AAAAAAAACAAAAAAA	5154	1.075816168854198	1.164564171345245	1	1.564881201317917	0.8001221437804146	0.8812060711451968	1.737130758120087
able	AAAAAAAACAAAAAAA	5154	1.075816168854198	1.164564171345245	1	1.564881201317917	0.8001221437804146	0.8812060711451968	1.737130758120087
able	AAAAAAAACAAAAAAA	5154	1.075816168854198	1.164564171345245	1	1.564881201317917	0.8001221437804146	0.8812060711451968	1.737130758120087
able	AAAAAAAACAAAAAAA	5154	1.075816168854198	1.164564171345245	1	1.564881201317917	0.8001221437804146	0.8812060711451968	1.737130758120087
able	AAAAAAAACAAAAAAA	5154	1.075816168854198	1.164564171345245	1	1.564881201317917	0.8001221437804146	0.8812060711451968	1.737130758120087
able	AAAAAAAACAAAAAAA	5154	1.075816168854198	1.164564171345245	1	1.564881201317917	0.8001221437804146	0.8812060711451968	1.737130758120087
able	AAAAAAAACAAAAAAA	5154	1.075816168854198	1.164564171345245	1	1.564881201317917	0.8001221437804146	0.8812060711451968	1.737130758120087
able	AAAAAAAACAAAAAAA	5154	1.075816168854198	1.164564171345245	1	1.564881201317917	0.8001221437804146	0.8812060711451968	1.737130758120087
able	AAAAAAAACAAAAAAA	5154	1.075816168854198	1.164564171345245	1	1.564881201317917	0.8001221437804146	0.8812060711451968	1.737130758120087
able	AAAAAAAACAAAAAAA	5154	1.075816168854198	1.164564171345245	1	1.564881201317917	0.8001221437804146	0.8812060711451968	1.737130758120087
able	AAAAAAAACAAAAAAA	5154	1.075816168854198	1.164564171345245	1	1.564881201317917	0.8001221437804146	0.8812060711451968	1.737130758120087
able	AAAAAAAACAAAAAAA	5154	1.075816168854198	1.164564171345245	1	1.564881201317917	0.8001221437804146	0.8812060711451968	1.737130758120087
able	AAAAAAAACAAAAAAA	5154	1.075816168854198	1.164564171345245	1	1.564881201317917	0.8001221437804146	0.8812060711451968	1.737130758120087
able	AAAAAAAACAAAAAAA	5154	1.075816168854198	1.164564171345245	1	1.564881201317917	0.8001221437804146	0.8812060711451968	1.737130758120087
able	AAAAAAAACAAAAAAA	5154	1.075816168854198	1.164564171345245	1	1.564881201317917	0.8001221437804146	0.8812060711451968	1.737130758120087
able	AAAAAAAACAAAAAAA	5154	1.075816168854198	1.164564171345245	1	1.564881201317917	0.8001221437804146	0.8812060711451968	1.737130758120087
able	AAAAAAAACAAAAAAA	5154	1.075816168854198	1.164564171345245	1	1.564881201317917	0.8001221437804146	0.8812060711451968	1.737130758120087
able	AAAAAAAACAAAAAAA	5154	1.075816168854198	1.164564171345245	1	1.564881201317917	0.8001221437804146	0.8812060711451968	1.737130758120087
able	AAAAAAAACAAAAAAA	5154	1.075816168854198	1.164564171345245	1	1.564881201317917	0.8001221437804146	0.8812060711451968	1.737130758120087
able	AAAAAAAACAAAAAAA	5154	1.075816168854198	1.164564171345245	1	1.564881201317917	0.8001221437804146	0.8812060711451968	1.737130758120087
able	AAAAAAAACAAAAAAA	5154	1.075816168854198	1.164564171345245	1	1.564881201317917	0.8001221437804146	0.8812060711451968	1.737130758120087
able	AAAAAAAACAAAAAAA	5154	1.075816168854198	1.164564171345245	1	1.564881201317917	0.8001221437804146	0.8812060711451968	1.737130758120087
able	AAAAAAAACAAAAAAA	5154	1.075816168854198	1.164564171345245	1	1.564881201317917	0.8001221437804146	0.8812060711451968	1.737130758120087
able	AAAAAAAACAAAAAAA	5154	1.075816168854198	1.164564171345245	1	1.564881201317917	0.8001221437804146	0.8812060711451968	1.737130758120087
able	AAAAAAAACAAAAAAA	5154	1.075816168854198	1.164564171345245	1	1.564881201317917	0.8001221437804146	0.8812060711451968	1.737130758120087
able	AAAAAAAACAAAAAAA	5154	1.075816168854198	1.164564171345245	1	1.564881201317917	0.8001221437804146	0.8812060711451968	1.737130758120087
able	AAAAAAAACAAAAAAA	5154	1.075816168854198	1.164564171345245	1	1.564881201317917	0.8001221437804146	0.8812060711451968	1.737130758120087
able	AAAAAAAACAAAAAAA	5154	1.075816168854198	1.164564171345245	1	1.564881201317917	0.8001221437804146	0.8812060711451968	1.737130758120087
able	AAAAAAAACAAAAAAA	5154	1.075816168854198	1.164564171345245	1	1.564881201317917	0.8001221437804146	0.8812060711451968	1.737130758120087
able	AAAAAAAACAAAAAAA	5154	1.075816168854198	1.164564171345245	1	1.564881201317917	0.8001221437804146	0.8812060711451968	1.737130758120087
able	AAAAAAAACAAAAAAA	5154	1.075816168854198	1.164564171345245	1	1.564881201317917	0.8001221437804146	0.8812060711451968	1.737130758120087
able	AAAAAAAACAAAAAAA	5154	1.075816168854198	1.164564171345245	1	1.564881201317917	0.8001221437804146	0.8812060711451968	1.737130758120087
able	AAAAAAAACAAAAAAA	5154	1.075816168854198	1.164564171345245	1	1.564881201317917	0.8001221437804146	0.8812060711451968	1.737130758120087
able	AAAAAAAACAAAAAAA	5154	1.075816168854198	1.164564171345245	1	1.564881201317917	0.8001221437804146	0.8812060711451968	1.737130758120087
able	AAAAAAAACAAAAAAA	5154	1.075816168854198	1.164564171345245	1	1.564881201317917	0.8001221437804146	0.8812060711451968	1.737130758120087
able	AAAAAAAACAAAAAAA	5154	1.075816168854198	1.164564171345245	1	1.564881201317917	0.8001221437804146	0.8812060711451968	1.737130758120087
able	AAAAAAAACAAAAAAA	5154	1.075816168854198	1.164564171345245	1	1.564881201317917	0.8001221437804146	0.8812060711451968	1.737130758120087
able	AAAAAAAACAAAAAAA	5155	1.22767433665596	1.134400056242584	1	1.11003228054697	0.6265447484181869	1.093947721249452	0.9049842581493477
able	AAAAAAAACAAAAAAA	5155	1.22767433665596	1.134400056242584	1	1.11003228054697	0.6265447484181869	1.093947721249452	0.9049842581493477
able	AAAAAAAACAAAAAAA	5155	1.22767433665596	1.134400056242584	1	1.11003228054697	0.6265447484181869	1.093947721249452	0.9049842581493477
able	AAAAAAAACAAAAAAA	5155	1.22767433665596	1.134400056242584	1	1.11003228054697	0.6265447484181869	1.093947721249452	0.9049842581493477
able	AAAAAAAACAAAAAAA	5155	1.22767433665596	1.134400056242584	1	1.11003228054697	0.6265447484181869	1.093947721249452	0.9049842581493477
able	AAAAAAAACAAAAAAA	5155	1.22767433665596	1.134400056242584	1	1.11003228054697	0.6265447484181869	1.093947721249452	0.9049842581493477
able	AAAAAAAACAAAAAAA	5155	1.22767433665596	1.134400056242584	1	1.11003228054697	0.6265447484181869	1.093947721249452	0.9049842581493477
able	AAAAAAAACAAAAAAA	5155	1.22767433665596	1.134400056242584	1	1.11003228054697	0.6265447484181869	1.093947721249452	0.9049842581493477
able	AAAAAAAACAAAAAAA	5155	1.22767433665596	1.134400056242584	1	1.11003228054697	0.6265447484181869	1.093947721249452	0.9049842581493477
able	AAAAAAAACAAAAAAA	5155	1.22767433665596	1.134400056242584	1	1.11003228054697	0.6265447484181869	1.093947721249452	0.9049842581493477
able	AAAAAAAACAAAAAAA	5155	1.22767433665596	1.134400056242584	1	1.11003228054697	0.6265447484181869	1.093947721249452	0.9049842581493477
able	AAAAAAAACAAAAAAA	5155	1.22767433665596	1.134400056242584	1	1.11003228054697	0.6265447484181869	1.093947721249452	0.9049842581493477
able	AAAAAAAACAAAAAAA	5155	1.22767433665596	1.134400056242584	1	1.11003228054697	0.6265447484181869	1.093947721249452	0.9049842581493477
able	AAAAAAAACAAAAAAA	5155	1.22767433665596	1.134400056242584	1	1.11003228054697	0.6265447484181869	1.093947721249452	0.9049842581493477
able	AAAAAAAACAAAAAAA	5155	1.22767433665596	1.134400056242584	1	1.11003228054697	0.6265447484181869	1.093947721249452	0.9049842581493477
able	AAAAAAAACAAAAAAA	5155	1.22767433665596	1.134400056242584	1	1.11003228054697	0.6265447484181869	1.093947721249452	0.9049842581493477
able	AAAAAAAACAAAAAAA	5155	1.22767433665596	1.134400056242584	1	1.11003228054697	0.6265447484181869	1.093947721249452	0.9049842581493477
able	AAAAAAAACAAAAAAA	5155	1.22767433665596	1.134400056242584	1	1.11003228054697	0.6265447484181869	1.093947721249452	0.9049842581493477
able	AAAAAAAACAAAAAAA	5155	1.22767433665596	1.134400056242584	1	1.11003228054697	0.6265447484181869	1.093947721249452	0.9049842581493477
able	AAAAAAAACAAAAAAA	5155	1.22767433665596	1.134400056242584	1	1.11003228054697	0.6265447484181869	1.093947721249452	0.9049842581493477
able	AAAAAAAACAAAAAAA	5155	1.22767433665596	1.134400056242584	1	1.11003228054697	0.6265447484181869	1.093947721249452	0.9049842581493477
able	AAAAAAAACAAAAAAA	5155	1.22767433665596	1.134400056242584	1	1.11003228054697	0.6265447484181869	1.093947721249452	0.9049842581493477
able	AAAAAAAACAAAAAAA	5155	1.22767433665596	1.134400056242584	1	1.11003228054697	0.6265447484181869	1.093947721249452	0.9049842581493477
able	AAAAAAAACAAAAAAA	5155	1.22767433665596	1.134400056242584	1	1.11003228054697	0.6265447484181869	1.093947721249452	0.9049842581493477
able	AAAAAAAACAAAAAAA	5155	1.22767433665596	1.134400056242584	1	1.11003228054697	0.6265447484181869	1.093947721249452	0.9049842581493477
able	AAAAAAAACAAAAAAA	5155	1.22767433665596	1.134400056242584	1	1.11003228054697	0.6265447484181869	1.093947721249452	0.9049842581493477
able	AAAAAAAACAAAAAAA	5155	1.22767433665596	1.134400056242584	1	1.11003228054697	0.6265447484181869	1.093947721249452	0.9049842581493477
able	AAAAAAAACAAAAAAA	5155	1.22767433665596	1.134400056242584	1	1.11003228054697	0.6265447484181869	1.093947721249452	0.9049842581493477
able	AAAAAAAACAAAAAAA	5155	1.22767433665596	1.134400056242584	1	1.11003228054697	0.6265447484181869	1.093947721249452	0.9049842581493477
able	AAAAAAAACAAAAAAA	5155	1.22767433665596	1.134400056242584	1	1.11003228054697	0.6265447484181869	1.093947721249452	0.9049842581493477
able	AAAAAAAACAAAAAAA	5155	1.22767433665596	1.134400056242584	1	1.11003228054697	0.6265447484181869	1.093947721249452	0.9049842581493477
Fetched 100 row(s) in 2.39s
