/opt/cloudera/parcels/CDH-5.13.1-1.cdh5.13.1.p0.2/lib/impala-shell/ext-py/sasl-0.1.1-py2.7-linux-x86_64.egg/_saslwrapper.py:3: UserWarning: Module backports was already imported from None, but /usr/lib/python2.7/site-packages is being added to sys.path
Starting Impala Shell without Kerberos authentication
Error connecting: TTransportException, TSocket read 0 bytes
Kerberos ticket found in the credentials cache, retrying the connection with a secure transport.
Connected to ip-172-31-30-69.ap-southeast-1.compute.internal:21000
Server version: impalad version 2.10.0-cdh5.13.1 RELEASE (build 1e4b23c4eb52dac95c5be6316f49685c41783c51)
Query: use `tpcds_parquet_2`
Query: select a.ca_state state, count(*) cnt
 from customer_address a
     ,customer c
     ,store_sales s
     ,date_dim d
     ,item i
 where
        a.ca_address_sk = c.c_current_addr_sk
        and c.c_customer_sk = s.ss_customer_sk
        and s.ss_sold_date_sk = d.d_date_sk
	and s.ss_sold_date_sk between 2451180 and 2451210
        and s.ss_item_sk = i.i_item_sk
        -- and d.d_month_seq =
        and d.d_month_seq in
             (select distinct (d_month_seq)
              from date_dim
               where d_year = 1999
                and d_moy = 1)
        and i.i_current_price > 1.2 *
             (select avg(j.i_current_price)
             from item j
             where j.i_category = i.i_category)
 group by a.ca_state
 having count(*) >= 10
 order by cnt 
 limit 100
Query submitted at: 2018-04-19 06:51:36 (Coordinator: http://ip-172-31-30-69.ap-southeast-1.compute.internal:25000)
Query progress can be monitored at: http://ip-172-31-30-69.ap-southeast-1.compute.internal:25000/query_plan?query_id=db4e40d1f285d683:8889fe8100000000
MA	10
NH	15
RI	15
AZ	20
NV	27
VT	31
ME	37
WY	50
AK	53
MD	58
NJ	67
WA	78
NM	78
UT	79
SC	82
LA	88
OR	90
ID	99
NY	105
CA	106
SD	114
WI	115
ND	116
AL	116
MT	117
MI	120
PA	129
AR	130
WV	137
CO	143
IN	145
FL	149
NE	165
OK	169
	181
IL	183
MN	184
OH	191
NC	191
TN	192
IA	199
MS	211
MO	211
KY	227
KS	244
VA	313
GA	338
TX	545
Fetched 48 row(s) in 3.61s
