/opt/cloudera/parcels/CDH-5.13.1-1.cdh5.13.1.p0.2/lib/impala-shell/ext-py/sasl-0.1.1-py2.7-linux-x86_64.egg/_saslwrapper.py:3: UserWarning: Module backports was already imported from None, but /usr/lib/python2.7/site-packages is being added to sys.path
Starting Impala Shell without Kerberos authentication
Error connecting: TTransportException, TSocket read 0 bytes
Kerberos ticket found in the credentials cache, retrying the connection with a secure transport.
Connected to ip-172-31-30-69.ap-southeast-1.compute.internal:21000
Server version: impalad version 2.10.0-cdh5.13.1 RELEASE (build 1e4b23c4eb52dac95c5be6316f49685c41783c51)
Query: use `tpcds_parquet_2`
Query: select promotions,total,cast(promotions as decimal(15,4))/cast(total as decimal(15,4))*100
from
  (select sum(ss_ext_sales_price) promotions
   from  store_sales
        ,store
        ,promotion
        ,date_dim
        ,customer
        ,customer_address 
        ,item
   where ss_sold_date_sk = d_date_sk
   and   ss_sold_date_sk between 2452580 and 2452609
   and   ss_store_sk = s_store_sk
   and   ss_promo_sk = p_promo_sk
   and   ss_customer_sk= c_customer_sk
   and   ca_address_sk = c_current_addr_sk
   and   ss_item_sk = i_item_sk 
   and   ca_gmt_offset = -6
   and   i_category = 'Sports'
   and   (p_channel_dmail = 'Y' or p_channel_email = 'Y' or p_channel_tv = 'Y')
   and   s_gmt_offset = -6
   and   d_year = 2002
   and   d_moy  = 11) promotional_sales,
  (select sum(ss_ext_sales_price) total
   from  store_sales
        ,store
        ,date_dim
        ,customer
        ,customer_address
        ,item
   where ss_sold_date_sk = d_date_sk
   and   ss_sold_date_sk between 2452580 and 2452609
   and   ss_store_sk = s_store_sk
   and   ss_customer_sk= c_customer_sk
   and   ca_address_sk = c_current_addr_sk
   and   ss_item_sk = i_item_sk
   and   ca_gmt_offset = -6
   and   i_category = 'Sports'
   and   s_gmt_offset = -6
   and   d_year = 2002
   and   d_moy  = 11) all_sales
order by promotions, total
limit 100
Query submitted at: 2018-04-19 06:50:47 (Coordinator: http://ip-172-31-30-69.ap-southeast-1.compute.internal:25000)
Query progress can be monitored at: http://ip-172-31-30-69.ap-southeast-1.compute.internal:25000/query_plan?query_id=9e4bffb644bb5f66:c9ef0e6c00000000
NULL	NULL	NULL
Fetched 1 row(s) in 3.72s
