/opt/cloudera/parcels/CDH-5.13.1-1.cdh5.13.1.p0.2/lib/impala-shell/ext-py/sasl-0.1.1-py2.7-linux-x86_64.egg/_saslwrapper.py:3: UserWarning: Module backports was already imported from None, but /usr/lib/python2.7/site-packages is being added to sys.path
Starting Impala Shell without Kerberos authentication
Error connecting: TTransportException, TSocket read 0 bytes
Kerberos ticket found in the credentials cache, retrying the connection with a secure transport.
Connected to ip-172-31-30-69.ap-southeast-1.compute.internal:21000
Server version: impalad version 2.10.0-cdh5.13.1 RELEASE (build 1e4b23c4eb52dac95c5be6316f49685c41783c51)
Query: use `tpcds_parquet_2`
Query: select * 
from (select i_manager_id
             ,sum(ss_sales_price) sum_sales
             ,avg(sum(ss_sales_price)) over (partition by i_manager_id) avg_monthly_sales
      from item
          ,store_sales
          ,date_dim
          ,store
      where ss_item_sk = i_item_sk
        and ss_sold_date_sk = d_date_sk
	and ss_sold_date_sk between 2452123 and	2452487
        and ss_store_sk = s_store_sk
        and d_month_seq in (1219,1219+1,1219+2,1219+3,1219+4,1219+5,1219+6,1219+7,1219+8,1219+9,1219+10,1219+11)
        and ((    i_category in ('Books','Children','Electronics')
              and i_class in ('personal','portable','reference','self-help')
              and i_brand in ('scholaramalgamalg #14','scholaramalgamalg #7',
		                  'exportiunivamalg #9','scholaramalgamalg #9'))
           or(    i_category in ('Women','Music','Men')
              and i_class in ('accessories','classical','fragrances','pants')
              and i_brand in ('amalgimporto #1','edu packscholar #1','exportiimporto #1',
		                 'importoamalg #1')))
group by i_manager_id, d_moy) tmp1
where case when avg_monthly_sales > 0 then abs (sum_sales - avg_monthly_sales) / avg_monthly_sales else null end > 0.1
order by i_manager_id
        ,avg_monthly_sales
        ,sum_sales
limit 100
Query submitted at: 2018-04-19 06:50:54 (Coordinator: http://ip-172-31-30-69.ap-southeast-1.compute.internal:25000)
Query progress can be monitored at: http://ip-172-31-30-69.ap-southeast-1.compute.internal:25000/query_plan?query_id=5d412ef5fe84c029:5acd34f000000000
1	1365.74	1563.902857142857
1	1745.93	1563.902857142857
1	1825.48	1563.902857142857
2	856.24	1344.017142857143
2	973.9399999999999	1344.017142857143
2	1091.16	1344.017142857143
2	1756.07	1344.017142857143
2	1955.65	1344.017142857143
3	1409.07	1723.085714285714
3	1508.66	1723.085714285714
3	2144.62	1723.085714285714
4	710.6299999999999	1424.978571428571
4	917.8099999999999	1424.978571428571
4	1621.95	1424.978571428571
4	1727.78	1424.978571428571
4	2251.12	1424.978571428571
5	656.27	1125.325714285714
5	793.6199999999999	1125.325714285714
5	918.1800000000001	1125.325714285714
5	1247.24	1125.325714285714
5	1266.81	1125.325714285714
5	1339.26	1125.325714285714
5	1655.9	1125.325714285714
6	1200.86	1471.218571428571
6	1872.08	1471.218571428571
7	1068.46	1585.555714285714
7	1747.17	1585.555714285714
7	1783.49	1585.555714285714
7	1801.35	1585.555714285714
8	417.09	502.1842857142857
8	422.97	502.1842857142857
8	428.3200000000001	502.1842857142857
8	557.84	502.1842857142857
8	591.6500000000001	502.1842857142857
8	609.3	502.1842857142857
9	1575.35	2126.694285714285
9	1746.05	2126.694285714285
9	2420.65	2126.694285714285
9	2565.75	2126.694285714285
10	449.59	1297.440833333333
10	591.3100000000001	1297.440833333333
10	743.23	1297.440833333333
10	1444.18	1297.440833333333
10	1460.13	1297.440833333333
10	1489.36	1297.440833333333
10	1591.86	1297.440833333333
10	1690.98	1297.440833333333
10	2317.89	1297.440833333333
11	382.18	714.6114285714286
11	513.26	714.6114285714286
11	606.1500000000001	714.6114285714286
11	868.6600000000001	714.6114285714286
11	1183.9	714.6114285714286
12	818.0699999999999	1146.367142857143
12	888.6899999999999	1146.367142857143
12	1415.75	1146.367142857143
12	1498.76	1146.367142857143
13	235.61	993.314166666667
13	325.55	993.314166666667
13	366.46	993.314166666667
13	507.6899999999999	993.314166666667
13	659.1700000000001	993.314166666667
13	1119.13	993.314166666667
13	1375.34	993.314166666667
13	1419.15	993.314166666667
13	1477.17	993.314166666667
13	1716.69	993.314166666667
13	1801.27	993.314166666667
14	162.37	426.1799999999999
14	362.46	426.1799999999999
14	367.13	426.1799999999999
14	496.3	426.1799999999999
14	531.1800000000001	426.1799999999999
14	639.21	426.1799999999999
15	1065.44	1218.381428571429
15	1083	1218.381428571429
15	1467.47	1218.381428571429
16	188.56	605.9175000000001
16	211.85	605.9175000000001
16	349.76	605.9175000000001
16	377.23	605.9175000000001
16	476.44	605.9175000000001
16	541.77	605.9175000000001
16	678.6500000000001	605.9175000000001
16	786.7199999999999	605.9175000000001
16	807.6299999999999	605.9175000000001
16	834.0400000000001	605.9175000000001
16	983.6800000000001	605.9175000000001
16	1034.68	605.9175000000001
17	1032.43	1336.667142857143
17	1083.74	1336.667142857143
17	1498.82	1336.667142857143
17	1518.98	1336.667142857143
17	1611.59	1336.667142857143
18	316.85	782.7314285714285
18	973.3599999999999	782.7314285714285
18	1170.87	782.7314285714285
19	879.75	1073.395714285714
19	909.1099999999999	1073.395714285714
19	944.3099999999999	1073.395714285714
Fetched 100 row(s) in 1.33s
