/opt/cloudera/parcels/CDH-5.13.1-1.cdh5.13.1.p0.2/lib/impala-shell/ext-py/sasl-0.1.1-py2.7-linux-x86_64.egg/_saslwrapper.py:3: UserWarning: Module backports was already imported from None, but /usr/lib/python2.7/site-packages is being added to sys.path
Starting Impala Shell without Kerberos authentication
Error connecting: TTransportException, TSocket read 0 bytes
Kerberos ticket found in the credentials cache, retrying the connection with a secure transport.
Connected to ip-172-31-30-69.ap-southeast-1.compute.internal:21000
Server version: impalad version 2.10.0-cdh5.13.1 RELEASE (build 1e4b23c4eb52dac95c5be6316f49685c41783c51)
Query: use `tpcds_parquet_2`
Query: select s_store_name,
  i_item_desc,
  sc.revenue,
  i_current_price,
  i_wholesale_cost,
  i_brand
from
  store,
  item,
  (select
    ss_store_sk,
    avg(revenue) as ave
  from
    (select
      ss_store_sk,
      ss_item_sk,
      sum(ss_sales_price) as revenue
    from
      store_sales,
      date_dim
    where
      ss_sold_date_sk = d_date_sk
      and d_month_seq between 1212 and 1212 + 11
      and ss_sold_date_sk between 2451911 and 2452275  -- partition key filter
    group by
      ss_store_sk,
      ss_item_sk
    ) sa
  group by
    ss_store_sk
  ) sb,
  (select
    ss_store_sk,
    ss_item_sk,
    sum(ss_sales_price) as revenue
  from
    store_sales,
    date_dim
  where
    ss_sold_date_sk = d_date_sk
    and d_month_seq between 1212 and 1212 + 11
    and ss_sold_date_sk between 2451911 and 2452275  -- partition key filter
  group by
    ss_store_sk,
    ss_item_sk
  ) sc
where
  sb.ss_store_sk = sc.ss_store_sk
  and sc.revenue <= 0.1 * sb.ave
  and s_store_sk = sc.ss_store_sk
  and i_item_sk = sc.ss_item_sk
order by
  s_store_name,
  i_item_desc
limit 100
Query submitted at: 2018-04-19 06:51:02 (Coordinator: http://ip-172-31-30-69.ap-southeast-1.compute.internal:25000)
Query progress can be monitored at: http://ip-172-31-30-69.ap-southeast-1.compute.internal:25000/query_plan?query_id=774dcfcfcbf35a1e:23f84a0000000000
able	Ab	11.56	0.35	0.23	univbrand #2
able	Able, alternative police shall not give so other complaints. There complex 	23.64	1.31	5.86	edu packimporto #2
able	Above social cars will not try actual, good babies. Daily, environmental lawyers create about however light cards. High, dead governments say completely central police. 	20.05	2.1	1.47	exportimaxi #8
able	Abroad new others see as usual other, regular circumstances; similar, other words must not offer yesterday medical struc	3.51	9.9	7.92	edu packunivamalg #12
able	Accused, black forms would not obtain eventually for a groups. 	20.78	5.68	2.55	edu packbrand #2
able	Afraid, royal cuts reduce only specimens; conservative, special honours spend secondary, local effects. Proper forces could take either rewards. Labour, comprehensiv	20.33	2.89	1.84	exportibrand #6
able	African markets could hit enough popular members. Black, widespread brothers keep quiet candidates; simple, special girls ought to want statutory instructions. Severe emp	17.93	4.38	2.14	scholarmaxi #4
able	Agents will not follow convincingly neatly different beliefs. Public shadows put even separate, tall associations. Hills would vote direct conventional	7.95	4.15	3.36	amalgmaxi #12
able	Alive patients take in the questions. Young, coming cards could listen very rich relations. Never new needs ought to carry highest cases. Financial systems continue proudly major costs. Future,	12.51	2.16	1.1	amalgmaxi #4
able	Already real effects ought to ask yet square beliefs. Statutory, logical others meet high records. Merely poor ranks could not help effectively ever low n	5.33	2.94	0.5600000000000001	exportiexporti #2
able	Also alone subjects could satisfy studies. Beliefs could get minutes. Foods think	20.39	3.07	2.05	edu packmaxi #4
able	Ancient to	6.08	1.97	1.72	edu packimporto #2
able	Annual, normal arguments should exercise thus times. White resources ought to cope	3.9	2.19	0.78	amalgexporti #2
able	Answers 	21.51	6.79	2.17	edu packamalg #2
able	Appearances want today tall, vulnerable boards. Spiritual lectures ought to increase once particular women. Great student	17.18	1.12	0.58	importoexporti #2
able	Appearances want today tall, vulnerable boards. Spiritual lectures ought to increase once particular women. Great student	14.12	1.12	0.58	importoexporti #2
able	Areas may clea	16.01	2.32	1.11	importonameless #2
able	Armed, available police take always by a arguments. Things would buy now livi	18.58	0.9399999999999999	5	amalgnameless #6
able	Arms claim earlier into a countries. Important hours stay now for the attitudes. A	17.11	6.37	4.77	edu packunivamalg #13
able	Artists used to get by a services; facilities hand much to a leaves. Delightful, new designers will not find constitutional firms. Much traditional needs must tur	3.75	0.32	0.23	edu packamalg #2
able	As caref	21.14	2.94	2.52	edu packscholar #2
able	As good as ltd. areas used to know by a years. Farmers commence minds. Human, popula	19.37	5.56	2.39	importobrand #2
able	As junior enemies can check so without a years. Unusual, good students stop	21.88	4.15	2.07	amalgexporti #2
able	As other interests could behave secondly entirely weak expectations. More british times see like a fortunes; local, extr	8	4.83	2.27	univbrand #2
able	At all pub	23.02	5.68	2.55	corpcorp #8
able	Australian colleges act essentially on a issues. Immediately early consequences use volunteers. Social, b	12.03	0.39	0.16	importoexporti #2
able	Authorities design through a individuals. Temporary, int	5.29	95.84	42.16	edu packnameless #8
able	Available, productive areas offer very about a days. Years shall bear there. P	7.41	2.09	0.75	exportiexporti #2
able	Awards win even irish names. Children must not consider also just wonderful sales; international streets convict h	6.94	3.02	2.62	amalgcorp #6
able	Aware 	9.120000000000001	3.27	2.38	exportinameless #10
able	Away personal pages end good members. Simply united demonstrations check complet	14.44	3.39	1.96	exportinameless #10
able	Awkward, poor points cannot weigh plants. Single, reasonable players may not go around scottish products. Then presidential years suffer clubs. Problems would attrac	5.29	2.84	2.32	importoimporto #2
able	Awkward, white types will improve here soon poor flowers. Requirements spli	14.68	5.45	1.74	edu packimporto #2
able	Badly back designers limit right things. Exotic, modern lines signal perhaps. Rationally unexpected flowers set.	23.52	3.06	2.47	exportiedu pack #2
able	Below present pp. make then plus the priorities. Sl	7.08	3.84	0.51	amalgcorp #8
able	Big, similar lines will give states. Other, whole functions keep carefully. Customers cannot change especially wide origins. Planned police will not 	0	3.05	2.16	edu packbrand #10
able	Bizarre, single universities date very however major jobs. Personal, executive years send once more companies. Improvements should use very from a things. Troubles c	0.74	4.5	1.66	corpamalgamalg #8
able	Blacks fo	24.47	1.55	0.71	importoedu pack #2
able	Bloody standards should not consult inc decisions. Constant, industrial representatives can arrive digital, local solicitor	6.23	3.59	2.87	edu packcorp #4
able	Both relevant firms will not talk considerably various possible bodies. Liberal pages could not understand empty, medical	15.13	9.859999999999999	7.69	exportiimporto #2
able	Boundaries can suspend by a ways. Good, international powers ought to offer currently rare, full costs. High messages would learn sorry, economic authorities. Major, ava	12.87	53.04	5.42	namelessnameless #10
able	Br	12.04	3.77	1.77	importobrand #6
able	Brief minutes expect for a men; important, permanent customers ought to compete of course complex, important houses. Here silent videos might 	5.32	2.24	1.2	edu packamalg #2
able	Briefly foreign issues could play. Periods question fin	21.49	0.4	0.31	amalgunivamalg #1
able	British days might think just british, successful clothes; conditions draw. Apparent rates clear in a rates; only, serious schemes lose no young eyes. Common, extreme lines can test even political, 	22.38	0.93	1.51	exportiedu pack #2
able	Certain courses may celebrate together mental fires. Incomes might listen. Deliberate problems should succeed shoes. Experienced costs find both royal, principal decisions. Cl	18.21	1.99	0.63	corpamalgamalg #1
able	Changes hear there. Tall, british individuals would increase there small, english ways. Interes	20.06	31.37	15.68	edu packamalg #2
able	Cheap women like there small deputies. International heads form. Wives stop absolute, overall efforts. Ma	8.039999999999999	2	1.66	exportiexporti #2
able	Children could see again ahead of the patients. Nice terms ought to get high materials. Odd others would enable at a others. Together common subjects shall not interrupt other, brig	21.48	4.9	2.94	scholaramalgamalg #9
able	Children used to sue b	9.74	8.390000000000001	5.62	exportiedu pack #2
able	Cigarettes used to throw never; communists take very by the circumstances. All political proposals might weave clearly future, level presents. Too successful cases would rea	14.42	2.96	1.33	brandbrand #10
able	Clear, important networks want western, difficul	23.97	3.88	2.47	amalgmaxi #2
able	Close administrative elections find at least courses; hearts provide nowhere on a legs; other, only points rotate more poor mines. Ori	19.96	1.52	0.63	edu packunivamalg #12
able	Closer dependen	20.54	3.12	2.79	corpmaxi #12
able	Cold areas spend. Random, other children recognize now a	23.54	3.12	2.65	exportiamalg #2
able	Comfortable experiments hit defensive implications. Bad resources would not heal central, national twins. Kind, modern thoughts shall ensure home short	24.04	5.62	3.59	exportiamalg #2
able	Common, similar pupils avoid faintly so-called, political children. Close 	2.22	7.64	2.59	importocorp #8
able	Competent women must work substantially in a months. Standard, united police will hide at a women. Specialist activities create directly. About beautiful terms can tell at first incidents. More i	9.17	2.96	4.21	amalgunivamalg #17
able	Completely common pages make other, o	6.09	8.359999999999999	4.26	edu packimporto #2
able	Consistent parents get enough minute boys. Childr	22.92	5.76	3.11	exportiedu pack #2
able	Constraints would achieve new authorities. Miserable	0.22	10.87	7.5	edu packscholar #2
able	Dead, wide pp. correspond so as national areas. Presidential, mixed times will not happen possible, operational values. Once scientific houses might start both pri	23.88	16.26	13.33	corpmaxi #10
able	Deep sessions qualify later continuous users; corporate, helpful features foresee regularly past good hands. More anonymous writers might sell in a walls. Direct, white changes can w	24.25	4.09	1.51	edu packamalgamalg #9
able	Details exercise years. Time	21.24	0.42	0.36	importoedu pack #2
able	Difficult thoughts like almost favorite sizes. Only good activities recommend really accordingly large interests. Factories read now little a	5.81	1.11	0.87	edu packnameless #6
able	Direct records would not marry in a suggestions. External standards avoid nice services. Large secrets	14.92	2.76	1.84	amalgexporti #2
able	Disciplines examine perhaps long necessary witnesses. Highly new letters bite wisely indeed public interests. Deep, 	17.24	1.24	0.48	edu packunivamalg #11
able	Diverse, adequate forests dare forward possibl	15.31	7.93	0.43	importomaxi #4
able	Duly sad remains call yet workers; final grounds buy sharply. Following proposals might prevent other lakes. Evil, excellent resources ope	3.73	7.02	6.03	scholarnameless #6
able	Eastern, overseas 	18.49	6.75	4.86	edu packbrand #4
able	Economic pounds used to spare never both new numbers. Teachers would receive pretty essential goods. Particular concerns find just accura	5.01	1.98	0.44	scholarmaxi #10
able	Educational reasons know also through an economies. Countries hope constitutional, rough ministers. Relations would not say also likely gue	15.6	6.23	4.73	brandmaxi #8
able	Effectively entire workers achieve earnings. Requirements ought to associate even colours. Broad, conservative hours cannot choose. Invol	16.6	2.62	1.44	exportischolar #2
able	Efficient, good eyes last more friendly, famous ideas. Letters could go. Financial, central eyes can find then ready courses. Common horses work inter	15.21	4.3	4.81	importobrand #6
able	Efficiently political examples can abandon very severe facilities; extraordinary, international hours shall restore at all part-time, following goods. Sports 	6.43	5.61	2.41	importomaxi #2
able	En route successful colours cannot speak. At least industrial stocks recognize of course. Nervously coming systems	4.64	3.83	0.44	exportiexporti #2
able	Engineers would not take at all in order consistent groups; recen	9.130000000000001	0.66	0.34	importoamalg #2
able	English, familiar details may	20.78	6.98	29.26	edu packimporto #2
able	Enough unlikely 	24.9	8.869999999999999	2.04	edu packcorp #6
able	Entirely sound points must submit. European, tiny states will 	20.82	7.76	3.95	exportiamalg #2
able	Environmental, obvious songs say nearly among a measures. Stars deliver above regional, normal guidelines; excellent, actual competitors can support today rare details. Actually considerable	21.39	4.28	0.99	edu packamalg #2
able	Etc maximum restrictions should use for a observers. Just flexible employers frighten at last other pupils; british reasons must not tend howev	24.37	41.66	26.24	exportiedu pack #2
able	European, so	23.62	8.890000000000001	0.09	univbrand #6
able	Even unlikely years must not supply important women. Firstly reluctant shots must explain ahead primitive months. Joint, only ideas shall get rapidly considerable 	13.21	3.15	1.48	importoedu pack #2
able	Extra, 	17.23	7.78	4.25	scholarunivamalg #6
able	Fairly likely pages ought to facilitate even high situations. Major, other differences draft strongly years. Faint, large exports ought to slow short societies. Free molecules can buy jus	17.28	1.92	1.65	corpbrand #10
able	Familiar chara	9.109999999999999	5.85	1.98	amalgimporto #2
able	Famous friends will set really surprising acts. Laboratories purchase only. Commercial, old months can tell men. Highly inte	3.94	9.41	6.02	edu packamalg #2
able	Fat arguments ought to consider orders. British sources put too historical parents; areas cause other, average laws. Knowingly psychological firms will know	18.98	9.619999999999999	3.19	importoedu pack #2
able	Federal	5.67	2.34	1.24	amalgexporti #2
able	Feet oug	10.24	3.29	2.89	exportiexporti #2
able	Figures could not stay long certain examples. Numbers can follow. Children could not buy now important individuals. Either outstanding years remove in general typical divis	20.21	3.96	1.62	edu packunivamalg #6
able	Figures like upright on a visi	23.29	2.2	0.85	maxiunivamalg #15
able	Fine, minute issues would not speculate parts. Effective guidelines reduce white, fine farmers. Occasions tell. More clear methods stop at 	25.42	2.29	1.25	exportiamalg #2
able	Forces shall not operate to the groups. Fresh methods could achieve enough on a feet. Right, inc rights survive then economic legs. Blind birds say quiet ca	5.81	4.62	3.23	importoedu pack #2
able	Foreign days trade aware conditions. Schemes ought to ignore later by a rules. Trees care overwhelmingly out of the views. Concerned, broken kin	22.44	4.36	5.82	corpmaxi #6
able	Formal eyes ought to exceed yet as detailed individuals; rights implement maximum, whole citizens; resources last fat, political things; calls fit ideally together or	14.54	5.28	2.04	namelessmaxi #4
able	Formal signs may put stil	19.4	1.21	0.9399999999999999	edu packamalg #2
able	Forth true experts w	25.04	8.220000000000001	5.34	edu packexporti #2
able	Frequently 	3.08	5.63	4.1	amalgamalg #2
Fetched 100 row(s) in 2.40s
