/opt/cloudera/parcels/CDH-5.13.1-1.cdh5.13.1.p0.2/lib/impala-shell/ext-py/sasl-0.1.1-py2.7-linux-x86_64.egg/_saslwrapper.py:3: UserWarning: Module backports was already imported from None, but /usr/lib/python2.7/site-packages is being added to sys.path
Starting Impala Shell without Kerberos authentication
Error connecting: TTransportException, TSocket read 0 bytes
Kerberos ticket found in the credentials cache, retrying the connection with a secure transport.
Connected to ip-172-31-30-69.ap-southeast-1.compute.internal:21000
Server version: impalad version 2.10.0-cdh5.13.1 RELEASE (build 1e4b23c4eb52dac95c5be6316f49685c41783c51)
Query: use `tpcds_parquet_2`
Query: select i_item_id,
  avg(ss_quantity) agg1,
  avg(ss_list_price) agg2,
  avg(ss_coupon_amt) agg3,
  avg(ss_sales_price) agg4
from
  store_sales,
  customer_demographics,
  date_dim,
  item,
  promotion
where
  ss_sold_date_sk = d_date_sk
  and ss_item_sk = i_item_sk
  and ss_cdemo_sk = cd_demo_sk
  and ss_promo_sk = p_promo_sk
  and cd_gender = 'F'
  and cd_marital_status = 'W'
  and cd_education_status = 'Primary'
  and (p_channel_email = 'N'
    or p_channel_event = 'N')
  and d_year = 1998
  and ss_sold_date_sk between 2450815 and 2451179 -- partition key filter
group by
  i_item_id
order by
  i_item_id
limit 100
Query submitted at: 2018-04-19 06:53:46 (Coordinator: http://ip-172-31-30-69.ap-southeast-1.compute.internal:25000)
Query progress can be monitored at: http://ip-172-31-30-69.ap-southeast-1.compute.internal:25000/query_plan?query_id=354c698fd5c74d10:c0211db300000000
AAAAAAAAAAABAAAA	25.33333333333333	106.6733333333333	0	58.95666666666667
AAAAAAAAAAACAAAA	67	135.39	0	97.48
AAAAAAAAAAAEAAAA	57.5	95.58500000000001	0	33.955
AAAAAAAAAAAFAAAA	6.5	132.595	0	31.17
AAAAAAAAAABBAAAA	67.5	84.89999999999999	0	26.155
AAAAAAAAAABDAAAA	50.5	97.005	158.065	89.075
AAAAAAAAAABEAAAA	3	71.48	0	11.43
AAAAAAAAAACAAAAA	50	98.67	0	45.38
AAAAAAAAAACFAAAA	64	76.54000000000001	741.4400000000001	53.10666666666666
AAAAAAAAAACGAAAA	90	58.06	0	23.22
AAAAAAAAAADBAAAA	82	14.1	0	10.71
AAAAAAAAAAEBAAAA	82	82.59	0	15.69
AAAAAAAAAAEDAAAA	85	38.4	0	16.51
AAAAAAAAAAEEAAAA	58	119.7	0	29.92
AAAAAAAAAAFAAAAA	32.33333333333334	84.11333333333333	65.19333333333334	23.38333333333333
AAAAAAAAAAGBAAAA	32.33333333333334	21.15333333333333	29.57333333333333	8.793333333333335
AAAAAAAAAAGCAAAA	70.66666666666667	46.31	233.3	29.90333333333334
AAAAAAAAAAGEAAAA	41	93.93000000000001	1957.69	58.23
AAAAAAAAAAGFAAAA	14	89.59	0	68.08
AAAAAAAAAAHAAAAA	75	189.45	0	178.08
AAAAAAAAAAHBAAAA	74	22.83	0	11.41
AAAAAAAAAAHDAAAA	42	70.52	580.47	49.36
AAAAAAAAAAHEAAAA	97	50.455	0	6.779999999999999
AAAAAAAAAAIAAAAA	26.66666666666667	96.28666666666668	0	46.62666666666667
AAAAAAAAAAICAAAA	84.33333333333333	33.44333333333334	98.515	34.495
AAAAAAAAAAIFAAAA	60	113.44	0	0
AAAAAAAAAAJBAAAA	74	50.17	0	24.6
AAAAAAAAAAJEAAAA	53.5	99.28500000000001	0	58.495
AAAAAAAAAAJFAAAA	28.5	106.71	88.61499999999999	91.825
AAAAAAAAAAKAAAAA	50	92.48666666666666	0	46.59333333333333
AAAAAAAAAAKEAAAA	43.5	29.57	298.875	18.775
AAAAAAAAAALAAAAA	38.5	62.14	0	14.51
AAAAAAAAAALCAAAA	1	154.54	0	152.99
AAAAAAAAAALFAAAA	58	127.525	781.335	51.43
AAAAAAAAAAMBAAAA	20	114.31	0	66.29000000000001
AAAAAAAAAAMEAAAA	99	29.63	1609.42	29.03
AAAAAAAAAAMFAAAA	47.33333333333334	126.61	0	71.72666666666666
AAAAAAAAAANAAAAA	11	59.17	347.2	32.54
AAAAAAAAAANDAAAA	58.5	70.565	0	20.34
AAAAAAAAAANEAAAA	37	109.07	0	43.62
AAAAAAAAAAOCAAAA	41	19.265	7.35	14.85
AAAAAAAAAAODAAAA	69	17.8	0	4.27
AAAAAAAAAAOFAAAA	1	122.81	0	97.01000000000001
AAAAAAAAAAPEAAAA	40.5	80.955	0	23.875
AAAAAAAAAAPFAAAA	34.5	88.11500000000001	0	30.265
AAAAAAAAABABAAAA	27	35.075	0	12.285
AAAAAAAAABAGAAAA	8	96.00999999999999	0	12.9
AAAAAAAAABBAAAAA	35	58.04	703.66	26.11
AAAAAAAAABBDAAAA	86	20.95	279.6	20.32
AAAAAAAAABBFAAAA	17	87.13	0	21.78
AAAAAAAAABBGAAAA	54	133.54	0	109.5
AAAAAAAAABCBAAAA	64.5	66.37	0	58.17
AAAAAAAAABCCAAAA	54	23.605	178.35	13.75
AAAAAAAAABCEAAAA	75	160.32	0	144.28
AAAAAAAAABCFAAAA	38	66.065	0	55.29000000000001
AAAAAAAAABDAAAAA	42	51.335	0	24.69
AAAAAAAAABDBAAAA	63	103.54	701.08	25.88
AAAAAAAAABDDAAAA	77	25.9	318.2	7.25
AAAAAAAAABDEAAAA	73	73.345	1629.37	38.02500000000001
AAAAAAAAABDGAAAA	81	3.03	6.41	0.24
AAAAAAAAABECAAAA	14	30.56	0	25.36
AAAAAAAAABEFAAAA	54	128.86	0	123.7
AAAAAAAAABFBAAAA	80	22.75	0	16.15
AAAAAAAAABFEAAAA	44	7.83	53.85	1.8
AAAAAAAAABFFAAAA	80	48.99	0	27.92
AAAAAAAAABGBAAAA	23	27.28	218.02	15.54
AAAAAAAAABGDAAAA	2	110.19	0	52.89
AAAAAAAAABGEAAAA	30	100.35	0	46.16
AAAAAAAAABHAAAAA	91	87.7	0	87.7
AAAAAAAAABHCAAAA	36	159.7	0	23.95
AAAAAAAAABIBAAAA	62	117.8266666666667	0	35.91
AAAAAAAAABICAAAA	72.66666666666667	79.56333333333335	511.6033333333333	14.59
AAAAAAAAABIEAAAA	58.5	111.69	0	97.95500000000001
AAAAAAAAABIFAAAA	95	81.95	0	8.19
AAAAAAAAABJAAAAA	71	125.52	0	100.41
AAAAAAAAABJEAAAA	44	66.20999999999999	0	8.6
AAAAAAAAABKAAAAA	47.5	13.785	274.81	12.685
AAAAAAAAABKCAAAA	57	42.43333333333334	0	20.63
AAAAAAAAABLEAAAA	82	70.27500000000001	0	48.015
AAAAAAAAABLFAAAA	20	21.47	0	18.24
AAAAAAAAABMAAAAA	11	48.98	0	36.73
AAAAAAAAABMBAAAA	42.33333333333334	59.52333333333334	0	11.43
AAAAAAAAABMDAAAA	2	87.73	36.31	40.35
AAAAAAAAABNAAAAA	24	80.59999999999999	0	44.33
AAAAAAAAABNFAAAA	75	15.47	0	8.970000000000001
AAAAAAAAABOCAAAA	97	25.67	0	4.1
AAAAAAAAABOFAAAA	49.5	26.085	0	2.2
AAAAAAAAABPAAAAA	70	71.09	187.605	32.285
AAAAAAAAABPBAAAA	9	16.31	0	2.93
AAAAAAAAABPDAAAA	58	16.67	0	6
AAAAAAAAABPEAAAA	31.5	41.005	84.48999999999999	11.24
AAAAAAAAACAAAAAA	42	109.205	0	21.63
AAAAAAAAACACAAAA	58	35.84	0	18.99
AAAAAAAAACADAAAA	90.5	91.81999999999999	0	60.43000000000001
AAAAAAAAACAFAAAA	95	52.43	0	29.36
AAAAAAAAACAGAAAA	30	61.78	925.7666666666668	39.76000000000001
AAAAAAAAACBBAAAA	10	174.24	0	92.34
AAAAAAAAACBCAAAA	42.5	144.185	0	90.86
AAAAAAAAACBEAAAA	19	94.45999999999999	0	3.77
AAAAAAAAACBFAAAA	39	34.86	0	16.38
Fetched 100 row(s) in 2.10s
