/opt/cloudera/parcels/CDH-5.13.1-1.cdh5.13.1.p0.2/lib/impala-shell/ext-py/sasl-0.1.1-py2.7-linux-x86_64.egg/_saslwrapper.py:3: UserWarning: Module backports was already imported from None, but /usr/lib/python2.7/site-packages is being added to sys.path
Starting Impala Shell without Kerberos authentication
Error connecting: TTransportException, TSocket read 0 bytes
Kerberos ticket found in the credentials cache, retrying the connection with a secure transport.
Connected to ip-172-31-30-69.ap-southeast-1.compute.internal:21000
Server version: impalad version 2.10.0-cdh5.13.1 RELEASE (build 1e4b23c4eb52dac95c5be6316f49685c41783c51)
Query: use `tpcds_parquet_2`
Query: select i_brand_id brand_id, i_brand brand,t_hour,t_minute,
        sum(ext_price) ext_price
 from item, (select ws_ext_sales_price as ext_price,
                        ws_sold_date_sk as sold_date_sk,
                        ws_item_sk as sold_item_sk,
                        ws_sold_time_sk as time_sk
                 from web_sales,date_dim
                 where    d_date_sk = ws_sold_date_sk
                   and ws_sold_date_sk between 2452610 and 2452640 
                   and d_moy=12
                   and d_year=2002
                 union all
                 select cs_ext_sales_price as ext_price,
                        cs_sold_date_sk as sold_date_sk,
                        cs_item_sk as sold_item_sk,
                        cs_sold_time_sk as time_sk
                 from catalog_sales,date_dim
                 where   d_date_sk = cs_sold_date_sk
                   and cs_sold_date_sk between 2452610 and 2452640 
                   and d_moy=12
                   and d_year=2002
                 union all
                 select ss_ext_sales_price as ext_price,
                        ss_sold_date_sk as sold_date_sk,
                        ss_item_sk as sold_item_sk,
                        ss_sold_time_sk as time_sk
                 from store_sales,date_dim
                 where  d_date_sk = ss_sold_date_sk
                   and ss_sold_date_sk between 2452610 and 2452640 
                   and d_moy=12
                   and d_year=2002
                 ) as tmp,time_dim
 where
   sold_item_sk = i_item_sk
   and i_manager_id=1
   and time_sk = t_time_sk
   and (t_meal_time = 'breakfast' or t_meal_time = 'dinner')
 group by i_brand, i_brand_id,t_hour,t_minute
 order by ext_price desc, i_brand_id
 limit 100
Query submitted at: 2018-04-19 06:51:45 (Coordinator: http://ip-172-31-30-69.ap-southeast-1.compute.internal:25000)
Query progress can be monitored at: http://ip-172-31-30-69.ap-southeast-1.compute.internal:25000/query_plan?query_id=cc4157c5a508c3b1:ef50ae1b00000000
1001001	amalgamalg #1	8	58	NULL
1002002	namelessbrand #7	8	12	NULL
2001002	amalgimporto #2	17	43	NULL
2004001	exportimaxi #7	9	33	NULL
2004002	edu packimporto #2	19	30	NULL
3002001	importoexporti #1	19	21	NULL
3004001	exportiedu pack #1	9	4	NULL
5001001	amalgscholar #1	17	9	NULL
5002001	exporticorp #2	18	53	NULL
5003002	exportischolar #2	17	33	NULL
6004006	amalgimporto #1	7	9	NULL
7001005	importoedu pack #1	8	57	NULL
7007008	importoimporto #1	17	13	NULL
8015002	edu packexporti #1	17	36	NULL
9012008	importounivamalg #8	19	51	NULL
10006008	corpunivamalg #9	9	8	NULL
4004001	edu packamalg #2	19	49	23039.82
8016006	corpmaxi #6	19	12	20374.44
7012007	exportischolar #2	9	59	20218.66
2004001	amalgamalg #2	6	43	19764.66
8016006	corpmaxi #6	8	43	19383.21
1003002	exportiamalg #2	17	4	19344.84
4003001	exportiedu pack #1	9	17	17000
9011006	amalgimporto #1	18	26	16527.54
4004001	edu packamalg #2	7	53	16089.65
1001001	amalgamalg #1	19	27	15530.06
3004002	edu packexporti #2	19	53	15444.96
7004009	edu packbrand #9	19	17	15364.8
1004001	edu packamalg #1	17	7	15205.76
2004001	edu packimporto #1	18	12	15163.33
8005003	amalgscholar #1	18	21	14793.72
10006002	corpunivamalg #2	8	47	14176.8
1004001	edu packamalg #1	19	44	14041.56
6009005	maxicorp #5	18	40	13540.8
5003002	exportischolar #2	18	8	13408.74
5004001	amalgamalg #2	18	54	12501.8
10008012	namelessunivamalg #12	18	57	12291.3
5002001	scholarunivamalg #1	18	56	12260.99
9008002	namelessmaxi #2	17	38	12122.88
4001001	importoscholar #1	19	17	12088.46
5003001	importoimporto #2	17	20	11600.01
5001002	amalgscholar #2	7	33	11547.24
5004001	edu packscholar #1	18	27	11466
7004001	exportiamalg #2	9	34	11400.87
2001002	amalgimporto #2	9	32	11381
4001001	amalgedu pack #1	8	11	11240.64
10009008	maxiunivamalg #8	17	22	11236.68
3002002	importoexporti #2	6	55	11194.88
2002001	edu packexporti #1	8	35	11174.28
5002001	exportiamalg #2	19	13	11058.84
8005003	amalgscholar #1	18	58	10987.1
4004002	edu packedu pack #2	17	57	10983.36
10013013	exportiamalgamalg #13	19	4	10881.46
3003001	exportiexporti #1	18	13	10779.3
5002001	exportiimporto #2	9	25	10676.85
7001001	exportiedu pack #2	9	29	10672.2
9016004	corpunivamalg #4	18	4	10644.4
6014004	edu packbrand #4	18	59	10436.25
3004002	edu packexporti #2	18	15	10317.78
4004001	exportiamalg #2	18	58	10116.13
2003002	exportiimporto #2	18	50	10100.3
1002001	importoamalg #1	17	26	10075.5
5001001	edu packedu pack #1	9	46	10027.52
6012008	importobrand #8	9	55	9916.309999999999
4002002	importoedu pack #2	17	4	9884.469999999999
7012005	edu packedu pack #1	17	30	9841.68
2002001	importoimporto #1	17	19	9751.83
10009008	maxiunivamalg #8	8	4	9747.9
1004001	importounivamalg #5	8	26	9741.200000000001
1002001	exportiunivamalg #10	17	43	9738.200000000001
10003011	exportiunivamalg #11	18	1	9736.200000000001
1004002	edu packamalg #2	17	37	9557.4
4001002	amalgedu pack #2	18	33	9454.52
3002001	importoexporti #1	17	20	9376.200000000001
10004001	edu packmaxi #5	19	58	9354.84
1004002	edu packamalg #2	9	36	9283.77
8016006	corpmaxi #6	9	31	9256.940000000001
8015002	edu packexporti #1	8	42	9254
1001002	amalgamalg #2	8	51	9243.540000000001
2004001	namelesscorp #5	18	34	9192.26
8015001	importoamalg #1	19	9	9168.65
7012010	importonameless #10	18	59	9122.49
6011008	amalgbrand #8	18	10	9092.450000000001
10007012	brandunivamalg #12	7	41	9066.26
4004002	edu packedu pack #2	19	6	9032.58
2004001	namelesscorp #5	8	26	8962.9
5003002	exportischolar #2	18	29	8955.33
4004002	edu packexporti #1	18	22	8947.4
4004002	edu packedu pack #2	6	48	8946
7001001	exportiedu pack #2	19	54	8924.370000000001
6010003	univbrand #3	19	3	8837.940000000001
10012004	importoamalgamalg #4	17	16	8834.879999999999
10016013	corpamalgamalg #13	17	26	8790
9014002	edu packunivamalg #2	9	13	8751.360000000001
7007008	importoimporto #1	18	20	8653.68
7009010	maxibrand #10	18	6	8601.450000000001
5003001	exportischolar #1	19	9	8538.4
4004002	edu packexporti #1	19	31	8442.9
3004001	exportiedu pack #1	17	4	8416.17
4004001	edu packedu pack #1	18	35	8392.32
Fetched 100 row(s) in 2.38s
