/opt/cloudera/parcels/CDH-5.13.1-1.cdh5.13.1.p0.2/lib/impala-shell/ext-py/sasl-0.1.1-py2.7-linux-x86_64.egg/_saslwrapper.py:3: UserWarning: Module backports was already imported from None, but /usr/lib/python2.7/site-packages is being added to sys.path
Starting Impala Shell without Kerberos authentication
Error connecting: TTransportException, TSocket read 0 bytes
Kerberos ticket found in the credentials cache, retrying the connection with a secure transport.
Connected to ip-172-31-30-69.ap-southeast-1.compute.internal:21000
Server version: impalad version 2.10.0-cdh5.13.1 RELEASE (build 1e4b23c4eb52dac95c5be6316f49685c41783c51)
Query: use `tpcds_parquet_2`
Query: with year_total as (
 select c_customer_id customer_id
       ,c_first_name customer_first_name
       ,c_last_name customer_last_name
       ,d_year as year
       --,stddev_samp(ss_net_paid) year_total
       ,cast(stddev_samp(ss_net_paid) as int) year_total
       ,'s' sale_type
 from customer
     ,store_sales
     ,date_dim
 where c_customer_sk = ss_customer_sk
   and ss_sold_date_sk between 2451545 and 2452275
   and ss_sold_date_sk = d_date_sk
   and d_year in (2000,2000+1)
 group by c_customer_id
         ,c_first_name
         ,c_last_name
         ,d_year
 union all
 select c_customer_id customer_id
       ,c_first_name customer_first_name
       ,c_last_name customer_last_name
       ,d_year as year
       ,cast(stddev_samp(ws_net_paid) as int) year_total
       ,'w' sale_type
 from customer
     ,web_sales
     ,date_dim
 where c_customer_sk = ws_bill_customer_sk
   and ws_sold_date_sk  between 2451545 and 2452275
   and ws_sold_date_sk = d_date_sk
   and d_year in (2000,2000+1)
 group by c_customer_id
         ,c_first_name
         ,c_last_name
         ,d_year
         )
 select
        t_s_secyear.customer_id col1, t_s_secyear.customer_first_name col2, t_s_secyear.customer_last_name col3 from year_total t_s_firstyear
     ,year_total t_s_secyear
     ,year_total t_w_firstyear
     ,year_total t_w_secyear
 where t_s_secyear.customer_id = t_s_firstyear.customer_id
         and t_s_firstyear.customer_id = t_w_secyear.customer_id
         and t_s_firstyear.customer_id = t_w_firstyear.customer_id
         and t_s_firstyear.sale_type = 's'
         and t_w_firstyear.sale_type = 'w'
         and t_s_secyear.sale_type = 's'
         and t_w_secyear.sale_type = 'w'
         and t_s_firstyear.year = 2000
         and t_s_secyear.year = 2000+1
         and t_w_firstyear.year = 2000
         and t_w_secyear.year = 2000+1
         and t_s_firstyear.year_total > 0
         and t_w_firstyear.year_total > 0
         and case when t_w_firstyear.year_total > 0 then t_w_secyear.year_total / t_w_firstyear.year_total else null end
           > case when t_s_firstyear.year_total > 0 then t_s_secyear.year_total / t_s_firstyear.year_total else null end
 order by 1,3,2
 limit 100
AAAAAAAAAAIBAAAA	Craig	Scully
AAAAAAAAABEAAAAA	Joan	Parrott
AAAAAAAAABGEAAAA	Myrna	Stevens
AAAAAAAAABNCAAAA	Ada	Payne
AAAAAAAAACJIAAAA	John	Hooks
AAAAAAAAADPIAAAA		
AAAAAAAAAEBFAAAA	Harold	Wilson
AAAAAAAAAEGCAAAA		Kennedy
AAAAAAAAAEMBBAAA	Patty	Butler
AAAAAAAAAFBGAAAA	Erika	Buford
AAAAAAAAAFCOBAAA	Pamela	Williams
AAAAAAAAAFHAAAAA	Larry	Miller
AAAAAAAAAFOCBAAA	Sterling	Powell
AAAAAAAAAGLCCAAA	Gregorio	Brewer
AAAAAAAAAHOIBAAA	Douglas	Skaggs
AAAAAAAAAIFPBAAA	Scotty	Edwards
AAAAAAAAAJLAAAAA	Theresa	Hutcheson
AAAAAAAAAJNHAAAA	Jennifer	Hinton
AAAAAAAAAKEKAAAA	Pam	Knight
AAAAAAAAALMLAAAA	David	Long
AAAAAAAAALOLBAAA	Mercedes	Fernandez
AAAAAAAAAMCGBAAA	Scottie	Jacobs
AAAAAAAAAMLBBAAA	Aaron	Workman
AAAAAAAAANLEAAAA	Melanie	Robles
AAAAAAAAAOMLAAAA	Jason	Jones
AAAAAAAAAPNOAAAA	Harris	Espinoza
AAAAAAAABAAFBAAA	Fiona	Suarez
AAAAAAAABAAOAAAA	Yolanda	Casey
AAAAAAAABABCCAAA	Hector	Smith
AAAAAAAABBHABAAA	Helen	Perry
AAAAAAAABBMFAAAA	Michael	Bell
AAAAAAAABBOGAAAA	Andrea	Finch
AAAAAAAABCCHBAAA	Carl	Reeve
AAAAAAAABCGDAAAA	Christopher	Bueno
AAAAAAAABDBJAAAA	Yolanda	Katz
AAAAAAAABDFNBAAA	Eunice	Thomas
AAAAAAAABDJHAAAA	Patrick	Rogers
AAAAAAAABDLEBAAA	George	Brown
AAAAAAAABEAAAAAA	Rodney	Taft
AAAAAAAABEEGAAAA	William	Rodriguez
AAAAAAAABELKBAAA	Leroy	Jackson
AAAAAAAABENFAAAA	Rosemary	Miller
AAAAAAAABEOKBAAA	Amanda	Gilmore
AAAAAAAABFCKBAAA	Martha	Weiner
AAAAAAAABGNBCAAA	Michael	Ferry
AAAAAAAABHHNAAAA	Kenia	Graham
AAAAAAAABHKBCAAA	Joseph	George
AAAAAAAABIBEBAAA	Guy	Belton
AAAAAAAABIDJAAAA	James	Linn
AAAAAAAABJELAAAA	Mamie	Sims
AAAAAAAABJHOAAAA	Joyce	Weller
AAAAAAAABKCCAAAA	Carolyn	Johnson
AAAAAAAABKFGAAAA	Janice	Aleman
AAAAAAAABKJKAAAA	Valerie	Timm
AAAAAAAABLCIBAAA	Carlo	Casanova
AAAAAAAABLFAAAAA	Justin	Evans
AAAAAAAABLNEBAAA	Mark	Stamps
AAAAAAAABLPPBAAA	Ralph	Diaz
AAAAAAAABMKFBAAA	Jay	Inman
AAAAAAAABOLHAAAA	Katie	Dunn
AAAAAAAABPGDBAAA	Lana	Williams
AAAAAAAABPGLBAAA	Michael	Butler
AAAAAAAABPMDBAAA	Reginald	Chalmers
AAAAAAAACALIBAAA	Gregory	Frey
AAAAAAAACANFAAAA	Joseph	Townsend
AAAAAAAACBDOAAAA	Rita	Huff
AAAAAAAACBKPAAAA		Roark
AAAAAAAACCAGBAAA	Joshua	Lee
AAAAAAAACCCDAAAA	Alicia	Klein
AAAAAAAACCCIAAAA	Marilyn	Bowman
AAAAAAAACDMCAAAA	Julio	Metz
AAAAAAAACEBKAAAA	Emma	Mccullough
AAAAAAAACGFCBAAA		
AAAAAAAACGGFBAAA		Rollins
AAAAAAAACGJNBAAA	John	Rickman
AAAAAAAACHDKAAAA	Alexander	Jackson
AAAAAAAACHHMAAAA	Linda	Bowman
AAAAAAAACKKOAAAA	Reynaldo	
AAAAAAAACLCMAAAA	Boyd	Velazquez
AAAAAAAACLJIBAAA	Kevin	Johnson
AAAAAAAACLPFBAAA	Karla	Evans
AAAAAAAACOFKBAAA	Michael	Williams
AAAAAAAACPGEBAAA	John	
AAAAAAAACPMLBAAA	Jose	Harding
AAAAAAAADAJLBAAA	Ella	Henry
AAAAAAAADBCNAAAA	Migdalia	Robb
AAAAAAAADBHACAAA	Andria	Hale
AAAAAAAADBJDAAAA	Marvin	Hopkins
AAAAAAAADDNCAAAA	James	Fisher
AAAAAAAADDOHAAAA	Sammie	Still
AAAAAAAADEDFAAAA	Melanie	Byrd
AAAAAAAADFEOBAAA	Thomas	Rodriguez
AAAAAAAADFMJBAAA	Virginia	Inman
AAAAAAAADGAKAAAA	Andrea	Wood
AAAAAAAADHFNAAAA	Rose	Knight
AAAAAAAADIGNBAAA	Lynsey	Myles
AAAAAAAADKBABAAA	Richard	Kennedy
AAAAAAAADKEFBAAA	Lucile	Pickering
AAAAAAAADKEJAAAA	Richard	Oconnor
AAAAAAAADKGFAAAA	Russell	Dillard
Fetched 100 row(s) in 5.02s
