/opt/cloudera/parcels/CDH-5.13.1-1.cdh5.13.1.p0.2/lib/impala-shell/ext-py/sasl-0.1.1-py2.7-linux-x86_64.egg/_saslwrapper.py:3: UserWarning: Module backports was already imported from None, but /usr/lib/python2.7/site-packages is being added to sys.path
Starting Impala Shell without Kerberos authentication
Error connecting: TTransportException, TSocket read 0 bytes
Kerberos ticket found in the credentials cache, retrying the connection with a secure transport.
Connected to ip-172-31-30-69.ap-southeast-1.compute.internal:21000
Server version: impalad version 2.10.0-cdh5.13.1 RELEASE (build 1e4b23c4eb52dac95c5be6316f49685c41783c51)
Query: use `tpcds_parquet_2`
Query: with sr_items as
 (select i_item_id item_id,
        sum(sr_return_quantity) sr_item_qty
 from store_returns,
      item,
      date_dim
 where sr_item_sk = i_item_sk
 and   d_date    in 
	(select d_date
	from date_dim
	where d_week_seq in 
		(select d_week_seq
		from date_dim
	  where d_date in ('1998-02-10','1998-10-21','1998-11-09')))
 and   sr_returned_date_sk   = d_date_sk
 and   sr_returned_date_sk between 2450855 and 2451127
 group by i_item_id),
 cr_items as
 (select i_item_id item_id,
        sum(cr_return_quantity) cr_item_qty
 from catalog_returns,
      item,
      date_dim
 where cr_item_sk = i_item_sk
 and   d_date    in 
	(select d_date
	from date_dim
	where d_week_seq in 
		(select d_week_seq
		from date_dim
	  where d_date in ('1998-02-10','1998-10-21','1998-11-09')))
 and   cr_returned_date_sk   = d_date_sk
 and   cr_returned_date_sk between 2450855 and 2451127
 group by i_item_id),
 wr_items as
 (select i_item_id item_id,
        sum(wr_return_quantity) wr_item_qty
 from web_returns,
      item,
      date_dim
 where wr_item_sk = i_item_sk
 and   d_date    in 
	(select d_date
	from date_dim
	where d_week_seq in 
		(select d_week_seq
		from date_dim
		where d_date in ('1998-02-10','1998-10-21','1998-11-09')))
 and   wr_returned_date_sk   = d_date_sk
 and   wr_returned_date_sk  between 2450855 and 2451127
 group by i_item_id)
  select  sr_items.item_id
       ,sr_item_qty
       ,sr_item_qty/(sr_item_qty+cr_item_qty+wr_item_qty)/3.0 * 100 sr_dev
       ,cr_item_qty
       ,cr_item_qty/(sr_item_qty+cr_item_qty+wr_item_qty)/3.0 * 100 cr_dev
       ,wr_item_qty
       ,wr_item_qty/(sr_item_qty+cr_item_qty+wr_item_qty)/3.0 * 100 wr_dev
       ,(sr_item_qty+cr_item_qty+wr_item_qty)/3.0 average
 from sr_items
     ,cr_items
     ,wr_items
 where sr_items.item_id=cr_items.item_id
   and sr_items.item_id=wr_items.item_id 
 order by sr_items.item_id
         ,sr_item_qty
 limit 100
AAAAAAAAAEPBAAAA	77	NULL	19	NULL	NULL	NULL	NULL
AAAAAAAAAOAGAAAA	36	10.90909090909091	24	7.272727272727272	50	15.15151515151515	36.66666666666666
AAAAAAAAAPLDAAAA	15	4.95049504950495	23	7.590759075907591	63	20.79207920792079	33.66666666666666
AAAAAAAACCLEAAAA	47	20.6140350877193	15	6.578947368421052	14	6.140350877192982	25.33333333333333
AAAAAAAACGBCAAAA	15	6.944444444444445	36	16.66666666666666	21	9.722222222222223	24
AAAAAAAACLFCAAAA	34	12.73408239700375	40	14.9812734082397	15	5.617977528089887	29.66666666666667
AAAAAAAAFIJAAAAA	6	1.5625	81	21.09375	41	10.67708333333333	42.66666666666666
AAAAAAAAFKHAAAAA	25	9.578544061302681	40	15.32567049808429	22	8.42911877394636	29
AAAAAAAAGOBCAAAA	178	26.6068759342302	42	6.278026905829597	3	0.4484304932735426	74.33333333333333
AAAAAAAAHGFEAAAA	52	24.76190476190476	4	1.904761904761905	14	6.666666666666667	23.33333333333333
AAAAAAAAHNEBAAAA	6	3.636363636363636	6	3.636363636363636	43	26.06060606060606	18.33333333333333
AAAAAAAAICABAAAA	14	8.80503144654088	19	11.94968553459119	20	12.57861635220126	17.66666666666667
AAAAAAAAIDNFAAAA	21	12.72727272727273	4	2.424242424242424	30	18.18181818181818	18.33333333333333
AAAAAAAAJHJAAAAA	98	16.83848797250859	2	0.3436426116838488	94	16.15120274914089	64.66666666666667
AAAAAAAAJIOAAAAA	1	0.4504504504504505	30	13.51351351351351	43	19.36936936936937	24.66666666666667
AAAAAAAAKJECAAAA	7	6.140350877192982	21	18.42105263157895	10	8.771929824561402	12.66666666666667
AAAAAAAAMBKCAAAA	16	10.45751633986928	2	1.30718954248366	33	21.56862745098039	17
AAAAAAAAMFMCAAAA	19	10.38251366120219	40	21.85792349726776	2	1.092896174863388	20.33333333333333
AAAAAAAAMPNBAAAA	17	6.746031746031746	63	25	4	1.587301587301587	28
AAAAAAAAOHFCAAAA	72	17.51824817518248	19	4.622871046228711	46	11.19221411192214	45.66666666666666
AAAAAAAAOIPBAAAA	6	1.388888888888889	65	15.0462962962963	73	16.89814814814815	48
AAAAAAAAOLGAAAAA	70	25.08960573476702	10	3.584229390681003	13	4.659498207885305	31
AAAAAAAAPDLFAAAA	28	14.35897435897436	27	13.84615384615385	10	5.128205128205129	21.66666666666667
AAAAAAAAPOEEAAAA	8	7.84313725490196	22	21.56862745098039	4	3.92156862745098	11.33333333333333
Fetched 24 row(s) in 3.58s
