/opt/cloudera/parcels/CDH-5.13.1-1.cdh5.13.1.p0.2/lib/impala-shell/ext-py/sasl-0.1.1-py2.7-linux-x86_64.egg/_saslwrapper.py:3: UserWarning: Module backports was already imported from None, but /usr/lib/python2.7/site-packages is being added to sys.path
Starting Impala Shell without Kerberos authentication
Error connecting: TTransportException, TSocket read 0 bytes
Kerberos ticket found in the credentials cache, retrying the connection with a secure transport.
Connected to ip-172-31-30-69.ap-southeast-1.compute.internal:21000
Server version: impalad version 2.10.0-cdh5.13.1 RELEASE (build 1e4b23c4eb52dac95c5be6316f49685c41783c51)
Query: use `tpcds_parquet_2`
Query: select count(*)
           from
           (select
              c_last_name,c_first_name,d_date,sum(q17.c3) c3,count(*) c4
            from
              (select
                 c_last_name,c_first_name,d_date,-1 as c3
               from
                 customer,date_dim,web_sales 
               where
                 (d_month_seq between 1177 and 1177+11) and
                 (ws_bill_customer_sk = c_customer_sk) and
                 (ws_sold_date_sk = d_date_sk) and
                 (ws_sold_date_sk between 2450846 and 2451210)
               union all
               select
		 		 c_last_name,c_first_name,d_date,1 as c3
               from
                 (select
                    c_last_name,c_first_name,d_date 
                  from
                    (select
						c_last_name,c_first_name,d_date,sum(q13.c3) c3,	count(*) c4
                     from
                       (select
                          c_last_name,c_first_name,d_date,-1 as c3
                        from
                          customer,date_dim,catalog_sales 
                        where
                          (d_month_seq between 1177 and 1177+11) and
                          (cs_bill_customer_sk = c_customer_sk) and
                          (cs_sold_date_sk = d_date_sk) and
                          (cs_sold_date_sk between 2450846 and 2451210)
                        union all
                        select
                          c_last_name,c_first_name,d_date,1
                        from
                          customer,date_dim,store_sales 
                        where
                          (d_month_seq between 1177 and 1177+11) and
                          (ss_customer_sk = c_customer_sk) and
                          (ss_sold_date_sk = d_date_sk) and
                          (ss_sold_date_sk between 2450846 and 2451210)
                       ) as q13
                     group by
                       c_last_name,
                       c_first_name,
                       d_date
                    ) as q14
                  where
                    (q14.c4 = q14.c3)
                 ) as q15
              ) as q17
            group by
              c_last_name,
              c_first_name,
              d_date
           ) as q18
         where
           (q18.c4 = q18.c3)
Query submitted at: 2018-04-19 06:54:18 (Coordinator: http://ip-172-31-30-69.ap-southeast-1.compute.internal:25000)
Query progress can be monitored at: http://ip-172-31-30-69.ap-southeast-1.compute.internal:25000/query_plan?query_id=3d4b01833b5e51c7:c86ea14a00000000
94542
Fetched 1 row(s) in 3.35s
