/opt/cloudera/parcels/CDH-5.13.1-1.cdh5.13.1.p0.2/lib/impala-shell/ext-py/sasl-0.1.1-py2.7-linux-x86_64.egg/_saslwrapper.py:3: UserWarning: Module backports was already imported from None, but /usr/lib/python2.7/site-packages is being added to sys.path
Starting Impala Shell without Kerberos authentication
Error connecting: TTransportException, TSocket read 0 bytes
Kerberos ticket found in the credentials cache, retrying the connection with a secure transport.
Connected to ip-172-31-30-69.ap-southeast-1.compute.internal:21000
Server version: impalad version 2.10.0-cdh5.13.1 RELEASE (build 1e4b23c4eb52dac95c5be6316f49685c41783c51)
Query: use `tpcds_parquet_2`
Query: select cc_call_center_id Call_Center,
        cc_name Call_Center_Name,
        cc_manager Manager,
        sum(cr_net_loss) Returns_Loss
from
        call_center,
        catalog_returns,
        date_dim,
        customer,
        customer_address,
        customer_demographics,
        household_demographics
where
        cr_returned_date_sk between 2451880 and 2451910   
and     cr_call_center_sk       = cc_call_center_sk
and     cr_returned_date_sk     = d_date_sk
and     cr_returning_customer_sk= c_customer_sk
and     cd_demo_sk              = c_current_cdemo_sk
and     hd_demo_sk              = c_current_hdemo_sk
and     ca_address_sk           = c_current_addr_sk
and     d_year                  = 2000 
and     d_moy                   = 12
and     ( (cd_marital_status       = 'M' and cd_education_status     = 'Unknown')
        or(cd_marital_status       = 'W' and cd_education_status     = 'Advanced Degree'))
and     hd_buy_potential like '>10000%'
and     ca_gmt_offset           = -6
group by cc_call_center_id,cc_name,cc_manager,cd_marital_status,cd_education_status
order by sum(cr_net_loss) desc
limit 100
Query submitted at: 2018-04-19 06:54:35 (Coordinator: http://ip-172-31-30-69.ap-southeast-1.compute.internal:25000)
Query progress can be monitored at: http://ip-172-31-30-69.ap-southeast-1.compute.internal:25000/query_plan?query_id=aa43c3cec10209ac:c481bed800000000
AAAAAAAAEAAAAAAA	North Midwest	Larry Mccray	2819.91
AAAAAAAAHAAAAAAA	Pacific Northwest	Alden Snyder	2016.77
AAAAAAAABAAAAAAA	NY Metro	Bob Belcher	1891.53
AAAAAAAAEAAAAAAA	North Midwest	Larry Mccray	1544.15
AAAAAAAAIAAAAAAA	California	Wayne Ray	898.2199999999999
AAAAAAAABAAAAAAA	NY Metro	Bob Belcher	746.8299999999999
AAAAAAAAIAAAAAAA	California	Wayne Ray	401.94
AAAAAAAACAAAAAAA	Mid Atlantic	Felipe Perkins	321.34
AAAAAAAAHAAAAAAA	Pacific Northwest	Alden Snyder	111.38
Fetched 9 row(s) in 1.20s
