/opt/cloudera/parcels/CDH-5.13.1-1.cdh5.13.1.p0.2/lib/impala-shell/ext-py/sasl-0.1.1-py2.7-linux-x86_64.egg/_saslwrapper.py:3: UserWarning: Module backports was already imported from None, but /usr/lib/python2.7/site-packages is being added to sys.path
Starting Impala Shell without Kerberos authentication
Error connecting: TTransportException, TSocket read 0 bytes
Kerberos ticket found in the credentials cache, retrying the connection with a secure transport.
Connected to ip-172-31-30-69.ap-southeast-1.compute.internal:21000
Server version: impalad version 2.10.0-cdh5.13.1 RELEASE (build 1e4b23c4eb52dac95c5be6316f49685c41783c51)
Query: use `tpcds_parquet_2`
Query: with ws_wh as
(select ws1.ws_order_number --,ws1.ws_warehouse_sk wh1,ws2.ws_warehouse_sk wh2
 from web_sales ws1 left semi join web_sales ws2
 on ws1.ws_order_number = ws2.ws_order_number
 and ws1.ws_warehouse_sk <> ws2.ws_warehouse_sk)
select
   count(distinct ws_order_number) as order_count
  ,sum(ws_ext_ship_cost) as total_shipping_cost
  ,sum(ws_net_profit) as total_net_profit
from
   web_sales ws1
  ,date_dim
  ,customer_address
  ,web_site
where
    d_date between cast('2000-02-01' as timestamp) and cast('2000-02-01' as timestamp) + interval 60 days
--and ws1.ws_sold_date_sk between 2451666 and 2451726
and ws1.ws_ship_date_sk = d_date_sk
and ws1.ws_ship_addr_sk = ca_address_sk
and ca_state = 'NE'
and ws1.ws_web_site_sk = web_site_sk
and web_company_name = 'pri'
and ws1.ws_order_number in (select distinct(ws_order_number)
                            from ws_wh)
and ws1.ws_order_number in (select distinct(wr_order_number)
                            from web_returns,ws_wh
                            where wr_order_number = ws_wh.ws_order_number)
order by count(distinct ws_order_number)
limit 100
112	184506.15	-46296.12000000002
Fetched 1 row(s) in 3.25s
