/opt/cloudera/parcels/CDH-5.13.1-1.cdh5.13.1.p0.2/lib/impala-shell/ext-py/sasl-0.1.1-py2.7-linux-x86_64.egg/_saslwrapper.py:3: UserWarning: Module backports was already imported from None, but /usr/lib/python2.7/site-packages is being added to sys.path
Starting Impala Shell without Kerberos authentication
Error connecting: TTransportException, TSocket read 0 bytes
Kerberos ticket found in the credentials cache, retrying the connection with a secure transport.
Connected to ip-172-31-30-69.ap-southeast-1.compute.internal:21000
Server version: impalad version 2.10.0-cdh5.13.1 RELEASE (build 1e4b23c4eb52dac95c5be6316f49685c41783c51)
Query: use `tpcds_parquet_2`
Query: select substr(w_warehouse_name,1,20)
  ,sm_type
  ,cc_name
  ,sum(case when (cs_ship_date_sk - cs_sold_date_sk <= 30 ) then 1 else 0 end)  as D30_days
  ,sum(case when (cs_ship_date_sk - cs_sold_date_sk > 30) and
                 (cs_ship_date_sk - cs_sold_date_sk <= 60) then 1 else 0 end )  as D31_60_days
  ,sum(case when (cs_ship_date_sk - cs_sold_date_sk > 60) and
                 (cs_ship_date_sk - cs_sold_date_sk <= 90) then 1 else 0 end)  as D61_90_days
  ,sum(case when (cs_ship_date_sk - cs_sold_date_sk > 90) and
                 (cs_ship_date_sk - cs_sold_date_sk <= 120) then 1 else 0 end)  as D91_120_days
  ,sum(case when (cs_ship_date_sk - cs_sold_date_sk  > 120) then 1 else 0 end)  as D120_days
from
   catalog_sales
  ,warehouse
  ,ship_mode
  ,call_center
  ,date_dim
where
    d_month_seq between 1202 and 1202 + 11
-- equivalent to 2451605  2451969  
and cs_ship_date_sk   = d_date_sk
and cs_warehouse_sk   = w_warehouse_sk
and cs_ship_mode_sk   = sm_ship_mode_sk
and cs_call_center_sk = cc_call_center_sk
group by
   substr(w_warehouse_name,1,20)
  ,sm_type
  ,cc_name
order by substr(w_warehouse_name,1,20)
        ,sm_type
        ,cc_name
limit 100
Query submitted at: 2018-04-19 06:54:54 (Coordinator: http://ip-172-31-30-69.ap-southeast-1.compute.internal:25000)
Query progress can be monitored at: http://ip-172-31-30-69.ap-southeast-1.compute.internal:25000/query_plan?query_id=a547ef11abb496d0:89cc5b7a00000000
	EXPRESS	California	1493	1493	1510	0	0
	EXPRESS	Mid Atlantic	1514	1617	1561	0	0
	EXPRESS	NY Metro	1533	1451	1540	0	0
	EXPRESS	North Midwest	1463	1500	1519	0	0
	EXPRESS	Pacific Northwest	1406	1536	1452	0	0
	LIBRARY	California	1105	1174	1139	0	0
	LIBRARY	Mid Atlantic	1119	1189	1230	0	0
	LIBRARY	NY Metro	1157	1207	1167	0	0
	LIBRARY	North Midwest	1084	1090	1112	0	0
	LIBRARY	Pacific Northwest	1052	1153	1065	0	0
	NEXT DAY	California	1537	1595	1508	0	0
	NEXT DAY	Mid Atlantic	1522	1526	1493	0	0
	NEXT DAY	NY Metro	1496	1519	1605	0	0
	NEXT DAY	North Midwest	1429	1501	1452	0	0
	NEXT DAY	Pacific Northwest	1435	1555	1545	0	0
	OVERNIGHT	California	1098	1141	1162	0	0
	OVERNIGHT	Mid Atlantic	1134	1178	1148	0	0
	OVERNIGHT	NY Metro	1140	1125	1134	0	0
	OVERNIGHT	North Midwest	1088	1118	1155	0	0
	OVERNIGHT	Pacific Northwest	1101	1117	1169	0	0
	REGULAR	California	1134	1141	1142	0	0
	REGULAR	Mid Atlantic	1094	1124	1240	0	0
	REGULAR	NY Metro	1137	1181	1166	0	0
	REGULAR	North Midwest	1124	1138	1084	0	0
	REGULAR	Pacific Northwest	1054	1178	1146	0	0
	TWO DAY	California	1134	1217	1134	0	0
	TWO DAY	Mid Atlantic	1142	1190	1216	0	0
	TWO DAY	NY Metro	1107	1106	1115	0	0
	TWO DAY	North Midwest	1013	1137	1184	0	0
	TWO DAY	Pacific Northwest	1083	1201	1123	0	0
Bad cards must make.	EXPRESS	California	1541	1591	1525	0	0
Bad cards must make.	EXPRESS	Mid Atlantic	1529	1521	1583	0	0
Bad cards must make.	EXPRESS	NY Metro	1420	1533	1528	0	0
Bad cards must make.	EXPRESS	North Midwest	1432	1459	1553	0	0
Bad cards must make.	EXPRESS	Pacific Northwest	1443	1524	1497	0	0
Bad cards must make.	LIBRARY	California	1059	1063	1158	0	0
Bad cards must make.	LIBRARY	Mid Atlantic	1152	1179	1126	0	0
Bad cards must make.	LIBRARY	NY Metro	1110	1185	1174	0	0
Bad cards must make.	LIBRARY	North Midwest	1041	1059	1136	0	0
Bad cards must make.	LIBRARY	Pacific Northwest	1089	1112	1161	0	0
Bad cards must make.	NEXT DAY	California	1475	1502	1497	0	0
Bad cards must make.	NEXT DAY	Mid Atlantic	1453	1577	1557	0	0
Bad cards must make.	NEXT DAY	NY Metro	1476	1543	1590	0	0
Bad cards must make.	NEXT DAY	North Midwest	1430	1495	1560	0	0
Bad cards must make.	NEXT DAY	Pacific Northwest	1471	1481	1390	0	0
Bad cards must make.	OVERNIGHT	California	1120	1133	1117	0	0
Bad cards must make.	OVERNIGHT	Mid Atlantic	1144	1146	1085	0	0
Bad cards must make.	OVERNIGHT	NY Metro	1138	1171	1170	0	0
Bad cards must make.	OVERNIGHT	North Midwest	1045	1160	1115	0	0
Bad cards must make.	OVERNIGHT	Pacific Northwest	1133	1152	1176	0	0
Bad cards must make.	REGULAR	California	1135	1134	1124	0	0
Bad cards must make.	REGULAR	Mid Atlantic	1056	1203	1182	0	0
Bad cards must make.	REGULAR	NY Metro	1115	1145	1185	0	0
Bad cards must make.	REGULAR	North Midwest	1067	1155	1094	0	0
Bad cards must make.	REGULAR	Pacific Northwest	1101	1135	1124	0	0
Bad cards must make.	TWO DAY	California	1145	1165	1145	0	0
Bad cards must make.	TWO DAY	Mid Atlantic	1127	1196	1177	0	0
Bad cards must make.	TWO DAY	NY Metro	1128	1164	1163	0	0
Bad cards must make.	TWO DAY	North Midwest	1089	1099	1091	0	0
Bad cards must make.	TWO DAY	Pacific Northwest	1070	1154	1093	0	0
Conventional childr	EXPRESS	California	1443	1481	1488	0	0
Conventional childr	EXPRESS	Mid Atlantic	1493	1554	1553	0	0
Conventional childr	EXPRESS	NY Metro	1560	1537	1543	0	0
Conventional childr	EXPRESS	North Midwest	1468	1529	1469	0	0
Conventional childr	EXPRESS	Pacific Northwest	1526	1570	1501	0	0
Conventional childr	LIBRARY	California	1181	1221	1125	0	0
Conventional childr	LIBRARY	Mid Atlantic	1125	1215	1094	0	0
Conventional childr	LIBRARY	NY Metro	1066	1143	1145	0	0
Conventional childr	LIBRARY	North Midwest	1095	1164	1075	0	0
Conventional childr	LIBRARY	Pacific Northwest	1107	1136	1084	0	0
Conventional childr	NEXT DAY	California	1460	1514	1482	0	0
Conventional childr	NEXT DAY	Mid Atlantic	1499	1567	1564	0	0
Conventional childr	NEXT DAY	NY Metro	1397	1500	1540	0	0
Conventional childr	NEXT DAY	North Midwest	1414	1528	1585	0	0
Conventional childr	NEXT DAY	Pacific Northwest	1440	1588	1530	0	0
Conventional childr	OVERNIGHT	California	1129	1144	1137	0	0
Conventional childr	OVERNIGHT	Mid Atlantic	1172	1222	1145	0	0
Conventional childr	OVERNIGHT	NY Metro	1140	1220	1254	0	0
Conventional childr	OVERNIGHT	North Midwest	1083	1099	1096	0	0
Conventional childr	OVERNIGHT	Pacific Northwest	1141	1185	1147	0	0
Conventional childr	REGULAR	California	1118	1221	1140	0	0
Conventional childr	REGULAR	Mid Atlantic	1139	1244	1105	0	0
Conventional childr	REGULAR	NY Metro	1159	1150	1130	0	0
Conventional childr	REGULAR	North Midwest	1150	1121	1149	0	0
Conventional childr	REGULAR	Pacific Northwest	1104	1158	1129	0	0
Conventional childr	TWO DAY	California	1104	1159	1153	0	0
Conventional childr	TWO DAY	Mid Atlantic	1089	1142	1170	0	0
Conventional childr	TWO DAY	NY Metro	1147	1229	1195	0	0
Conventional childr	TWO DAY	North Midwest	1104	1173	1130	0	0
Conventional childr	TWO DAY	Pacific Northwest	1156	1150	1121	0	0
Doors canno	EXPRESS	California	1485	1469	1484	0	0
Doors canno	EXPRESS	Mid Atlantic	1558	1499	1490	0	0
Doors canno	EXPRESS	NY Metro	1532	1469	1527	0	0
Doors canno	EXPRESS	North Midwest	1439	1524	1599	0	0
Doors canno	EXPRESS	Pacific Northwest	1462	1504	1529	0	0
Doors canno	LIBRARY	California	1098	1166	1173	0	0
Doors canno	LIBRARY	Mid Atlantic	1075	1128	1171	0	0
Doors canno	LIBRARY	NY Metro	1109	1207	1210	0	0
Doors canno	LIBRARY	North Midwest	1135	1208	1100	0	0
Doors canno	LIBRARY	Pacific Northwest	1105	1146	1125	0	0
Fetched 100 row(s) in 2.22s
